Starting job 314025 on c13-12,c14-[3-4,12] at Thu Jun 6 12:16:39 CEST 2019

Run number 1 of 12
OMP_NUM_THREADS=1
CCSM_COMPSET=F_2000 (F)
COMP_ATM=cam
COMP_LND=clm
COMP_ICE=cice
COMP_GLC=sglc
COMP_OCN=docn
COMP_CPL=cpl
CCSM_LCOMPSET=F_2000
CCSM_SCOMPSET=F
COMP_RUN_BARRIERS=FALSE
COMP_INTERFACE=MCT
BUILD_COMPLETE=TRUE
SMP_BUILD=a0l0i0o0g0c0
SMP_VALUE=a0l0i0o0g0c0
CICE_DECOMPTYPE=cartesian
CICE_AUTO_DECOMP=true
I_MPI_COMPATIBILITY=3
OMP_STACKSIZE=64M
-------------------------------------------------------------------------
 CCSM BUILDNML SCRIPT STARTING
 - To prestage restarts, untar a restart.tar file into /cluster/work/users/earnest/noresm/CAM4_t0_S_wiNud/run
 - Create modelio namelist input files
 CCSM BUILDNML SCRIPT HAS FINISHED SUCCESSFULLY
-------------------------------------------------------------------------
 CCSM PRESTAGE SCRIPT STARTING
 - CCSM input data directory, DIN_LOC_ROOT_CSMDATA, is /cluster/shared/noresm/inputdata
 - Case input data directory, DIN_LOC_ROOT, is /cluster/shared/noresm/inputdata
 - Checking the existence of input datasets in DIN_LOC_ROOT
 create link to inputdata folder in run directory
 CCSM PRESTAGE SCRIPT HAS FINISHED SUCCESSFULLY
Thu Jun  6 12:16:53 CEST 2019 -- CSM EXECUTION BEGINS HERE
Thu Jun  6 12:22:49 CEST 2019 -- CSM EXECUTION HAS FINISHED
(seq_mct_drv): ===============       SUCCESSFUL TERMINATION OF CPL7-CCSM ===============
Archiving ccsm output to /cluster/work/users/earnest/archive/CAM4_t0_S_wiNud
Calling the short-term archiving script st_archive.sh

st_archive.sh: start of short-term archiving
st_archive.sh: restart files from end of run will be saved, 
               interim restart files will be deleted
st_archive.sh: short-term archiving completed successfully
Restarts model without resubmit
Run number 2 of 12
OMP_NUM_THREADS=1
CCSM_COMPSET=F_2000 (F)
COMP_ATM=cam
COMP_LND=clm
COMP_ICE=cice
COMP_GLC=sglc
COMP_OCN=docn
COMP_CPL=cpl
CCSM_LCOMPSET=F_2000
CCSM_SCOMPSET=F
COMP_RUN_BARRIERS=FALSE
COMP_INTERFACE=MCT
BUILD_COMPLETE=TRUE
SMP_BUILD=a0l0i0o0g0c0
SMP_VALUE=a0l0i0o0g0c0
CICE_DECOMPTYPE=cartesian
CICE_AUTO_DECOMP=true
I_MPI_COMPATIBILITY=3
OMP_STACKSIZE=64M
COMPLIBS=
-------------------------------------------------------------------------
 CCSM BUILDNML SCRIPT STARTING
 - To prestage restarts, untar a restart.tar file into /cluster/work/users/earnest/noresm/CAM4_t0_S_wiNud/run
 - Create modelio namelist input files
 CCSM BUILDNML SCRIPT HAS FINISHED SUCCESSFULLY
-------------------------------------------------------------------------
 CCSM PRESTAGE SCRIPT STARTING
 - CCSM input data directory, DIN_LOC_ROOT_CSMDATA, is /cluster/shared/noresm/inputdata
 - Case input data directory, DIN_LOC_ROOT, is /cluster/shared/noresm/inputdata
 - Checking the existence of input datasets in DIN_LOC_ROOT
 create link to inputdata folder in run directory
 CCSM PRESTAGE SCRIPT HAS FINISHED SUCCESSFULLY
Thu Jun  6 12:23:10 CEST 2019 -- CSM EXECUTION BEGINS HERE
Thu Jun  6 12:28:41 CEST 2019 -- CSM EXECUTION HAS FINISHED
(seq_mct_drv): ===============       SUCCESSFUL TERMINATION OF CPL7-CCSM ===============
Archiving ccsm output to /cluster/work/users/earnest/archive/CAM4_t0_S_wiNud
Calling the short-term archiving script st_archive.sh

st_archive.sh: start of short-term archiving
st_archive.sh: restart files from end of run will be saved, 
               interim restart files will be deleted
st_archive.sh: short-term archiving completed successfully
Restarts model without resubmit
Run number 3 of 12
OMP_NUM_THREADS=1
CCSM_COMPSET=F_2000 (F)
COMP_ATM=cam
COMP_LND=clm
COMP_ICE=cice
COMP_GLC=sglc
COMP_OCN=docn
COMP_CPL=cpl
CCSM_LCOMPSET=F_2000
CCSM_SCOMPSET=F
COMP_RUN_BARRIERS=FALSE
COMP_INTERFACE=MCT
BUILD_COMPLETE=TRUE
SMP_BUILD=a0l0i0o0g0c0
SMP_VALUE=a0l0i0o0g0c0
CICE_DECOMPTYPE=cartesian
CICE_AUTO_DECOMP=true
I_MPI_COMPATIBILITY=3
OMP_STACKSIZE=64M
COMPLIBS=
-------------------------------------------------------------------------
 CCSM BUILDNML SCRIPT STARTING
 - To prestage restarts, untar a restart.tar file into /cluster/work/users/earnest/noresm/CAM4_t0_S_wiNud/run
 - Create modelio namelist input files
 CCSM BUILDNML SCRIPT HAS FINISHED SUCCESSFULLY
-------------------------------------------------------------------------
 CCSM PRESTAGE SCRIPT STARTING
 - CCSM input data directory, DIN_LOC_ROOT_CSMDATA, is /cluster/shared/noresm/inputdata
 - Case input data directory, DIN_LOC_ROOT, is /cluster/shared/noresm/inputdata
 - Checking the existence of input datasets in DIN_LOC_ROOT
 create link to inputdata folder in run directory
 CCSM PRESTAGE SCRIPT HAS FINISHED SUCCESSFULLY
Thu Jun  6 12:29:03 CEST 2019 -- CSM EXECUTION BEGINS HERE
Thu Jun  6 12:34:55 CEST 2019 -- CSM EXECUTION HAS FINISHED
(seq_mct_drv): ===============       SUCCESSFUL TERMINATION OF CPL7-CCSM ===============
Archiving ccsm output to /cluster/work/users/earnest/archive/CAM4_t0_S_wiNud
Calling the short-term archiving script st_archive.sh

st_archive.sh: start of short-term archiving
st_archive.sh: restart files from end of run will be saved, 
               interim restart files will be deleted
st_archive.sh: short-term archiving completed successfully
Restarts model without resubmit
Run number 4 of 12
OMP_NUM_THREADS=1
CCSM_COMPSET=F_2000 (F)
COMP_ATM=cam
COMP_LND=clm
COMP_ICE=cice
COMP_GLC=sglc
COMP_OCN=docn
COMP_CPL=cpl
CCSM_LCOMPSET=F_2000
CCSM_SCOMPSET=F
COMP_RUN_BARRIERS=FALSE
COMP_INTERFACE=MCT
BUILD_COMPLETE=TRUE
SMP_BUILD=a0l0i0o0g0c0
SMP_VALUE=a0l0i0o0g0c0
CICE_DECOMPTYPE=cartesian
CICE_AUTO_DECOMP=true
I_MPI_COMPATIBILITY=3
OMP_STACKSIZE=64M
COMPLIBS=
-------------------------------------------------------------------------
 CCSM BUILDNML SCRIPT STARTING
 - To prestage restarts, untar a restart.tar file into /cluster/work/users/earnest/noresm/CAM4_t0_S_wiNud/run
 - Create modelio namelist input files
 CCSM BUILDNML SCRIPT HAS FINISHED SUCCESSFULLY
-------------------------------------------------------------------------
 CCSM PRESTAGE SCRIPT STARTING
 - CCSM input data directory, DIN_LOC_ROOT_CSMDATA, is /cluster/shared/noresm/inputdata
 - Case input data directory, DIN_LOC_ROOT, is /cluster/shared/noresm/inputdata
 - Checking the existence of input datasets in DIN_LOC_ROOT
 create link to inputdata folder in run directory
 CCSM PRESTAGE SCRIPT HAS FINISHED SUCCESSFULLY
Thu Jun  6 12:35:16 CEST 2019 -- CSM EXECUTION BEGINS HERE
Thu Jun  6 12:41:07 CEST 2019 -- CSM EXECUTION HAS FINISHED
(seq_mct_drv): ===============       SUCCESSFUL TERMINATION OF CPL7-CCSM ===============
Archiving ccsm output to /cluster/work/users/earnest/archive/CAM4_t0_S_wiNud
Calling the short-term archiving script st_archive.sh

st_archive.sh: start of short-term archiving
st_archive.sh: restart files from end of run will be saved, 
               interim restart files will be deleted
st_archive.sh: short-term archiving completed successfully
Restarts model without resubmit
Run number 5 of 12
OMP_NUM_THREADS=1
CCSM_COMPSET=F_2000 (F)
COMP_ATM=cam
COMP_LND=clm
COMP_ICE=cice
COMP_GLC=sglc
COMP_OCN=docn
COMP_CPL=cpl
CCSM_LCOMPSET=F_2000
CCSM_SCOMPSET=F
COMP_RUN_BARRIERS=FALSE
COMP_INTERFACE=MCT
BUILD_COMPLETE=TRUE
SMP_BUILD=a0l0i0o0g0c0
SMP_VALUE=a0l0i0o0g0c0
CICE_DECOMPTYPE=cartesian
CICE_AUTO_DECOMP=true
I_MPI_COMPATIBILITY=3
OMP_STACKSIZE=64M
COMPLIBS=
-------------------------------------------------------------------------
 CCSM BUILDNML SCRIPT STARTING
 - To prestage restarts, untar a restart.tar file into /cluster/work/users/earnest/noresm/CAM4_t0_S_wiNud/run
 - Create modelio namelist input files
 CCSM BUILDNML SCRIPT HAS FINISHED SUCCESSFULLY
-------------------------------------------------------------------------
 CCSM PRESTAGE SCRIPT STARTING
 - CCSM input data directory, DIN_LOC_ROOT_CSMDATA, is /cluster/shared/noresm/inputdata
 - Case input data directory, DIN_LOC_ROOT, is /cluster/shared/noresm/inputdata
 - Checking the existence of input datasets in DIN_LOC_ROOT
 create link to inputdata folder in run directory
 CCSM PRESTAGE SCRIPT HAS FINISHED SUCCESSFULLY
Thu Jun  6 12:41:29 CEST 2019 -- CSM EXECUTION BEGINS HERE
Thu Jun  6 12:47:26 CEST 2019 -- CSM EXECUTION HAS FINISHED
(seq_mct_drv): ===============       SUCCESSFUL TERMINATION OF CPL7-CCSM ===============
Archiving ccsm output to /cluster/work/users/earnest/archive/CAM4_t0_S_wiNud
Calling the short-term archiving script st_archive.sh

st_archive.sh: start of short-term archiving
st_archive.sh: restart files from end of run will be saved, 
               interim restart files will be deleted
st_archive.sh: short-term archiving completed successfully
Restarts model without resubmit
Run number 6 of 12
OMP_NUM_THREADS=1
CCSM_COMPSET=F_2000 (F)
COMP_ATM=cam
COMP_LND=clm
COMP_ICE=cice
COMP_GLC=sglc
COMP_OCN=docn
COMP_CPL=cpl
CCSM_LCOMPSET=F_2000
CCSM_SCOMPSET=F
COMP_RUN_BARRIERS=FALSE
COMP_INTERFACE=MCT
BUILD_COMPLETE=TRUE
SMP_BUILD=a0l0i0o0g0c0
SMP_VALUE=a0l0i0o0g0c0
CICE_DECOMPTYPE=cartesian
CICE_AUTO_DECOMP=true
I_MPI_COMPATIBILITY=3
OMP_STACKSIZE=64M
COMPLIBS=
-------------------------------------------------------------------------
 CCSM BUILDNML SCRIPT STARTING
 - To prestage restarts, untar a restart.tar file into /cluster/work/users/earnest/noresm/CAM4_t0_S_wiNud/run
 - Create modelio namelist input files
 CCSM BUILDNML SCRIPT HAS FINISHED SUCCESSFULLY
-------------------------------------------------------------------------
 CCSM PRESTAGE SCRIPT STARTING
 - CCSM input data directory, DIN_LOC_ROOT_CSMDATA, is /cluster/shared/noresm/inputdata
 - Case input data directory, DIN_LOC_ROOT, is /cluster/shared/noresm/inputdata
 - Checking the existence of input datasets in DIN_LOC_ROOT
 create link to inputdata folder in run directory
 CCSM PRESTAGE SCRIPT HAS FINISHED SUCCESSFULLY
Thu Jun  6 12:47:48 CEST 2019 -- CSM EXECUTION BEGINS HERE
Thu Jun  6 12:53:45 CEST 2019 -- CSM EXECUTION HAS FINISHED
(seq_mct_drv): ===============       SUCCESSFUL TERMINATION OF CPL7-CCSM ===============
Archiving ccsm output to /cluster/work/users/earnest/archive/CAM4_t0_S_wiNud
Calling the short-term archiving script st_archive.sh

st_archive.sh: start of short-term archiving
st_archive.sh: restart files from end of run will be saved, 
               interim restart files will be deleted
st_archive.sh: short-term archiving completed successfully
Restarts model without resubmit
Run number 7 of 12
OMP_NUM_THREADS=1
CCSM_COMPSET=F_2000 (F)
COMP_ATM=cam
COMP_LND=clm
COMP_ICE=cice
COMP_GLC=sglc
COMP_OCN=docn
COMP_CPL=cpl
CCSM_LCOMPSET=F_2000
CCSM_SCOMPSET=F
COMP_RUN_BARRIERS=FALSE
COMP_INTERFACE=MCT
BUILD_COMPLETE=TRUE
SMP_BUILD=a0l0i0o0g0c0
SMP_VALUE=a0l0i0o0g0c0
CICE_DECOMPTYPE=cartesian
CICE_AUTO_DECOMP=true
I_MPI_COMPATIBILITY=3
OMP_STACKSIZE=64M
COMPLIBS=
-------------------------------------------------------------------------
 CCSM BUILDNML SCRIPT STARTING
 - To prestage restarts, untar a restart.tar file into /cluster/work/users/earnest/noresm/CAM4_t0_S_wiNud/run
 - Create modelio namelist input files
 CCSM BUILDNML SCRIPT HAS FINISHED SUCCESSFULLY
-------------------------------------------------------------------------
 CCSM PRESTAGE SCRIPT STARTING
 - CCSM input data directory, DIN_LOC_ROOT_CSMDATA, is /cluster/shared/noresm/inputdata
 - Case input data directory, DIN_LOC_ROOT, is /cluster/shared/noresm/inputdata
 - Checking the existence of input datasets in DIN_LOC_ROOT
 create link to inputdata folder in run directory
 CCSM PRESTAGE SCRIPT HAS FINISHED SUCCESSFULLY
Thu Jun  6 12:54:06 CEST 2019 -- CSM EXECUTION BEGINS HERE
Thu Jun  6 13:00:16 CEST 2019 -- CSM EXECUTION HAS FINISHED
(seq_mct_drv): ===============       SUCCESSFUL TERMINATION OF CPL7-CCSM ===============
Archiving ccsm output to /cluster/work/users/earnest/archive/CAM4_t0_S_wiNud
Calling the short-term archiving script st_archive.sh

st_archive.sh: start of short-term archiving
st_archive.sh: restart files from end of run will be saved, 
               interim restart files will be deleted
st_archive.sh: short-term archiving completed successfully
Restarts model without resubmit
Run number 8 of 12
OMP_NUM_THREADS=1
CCSM_COMPSET=F_2000 (F)
COMP_ATM=cam
COMP_LND=clm
COMP_ICE=cice
COMP_GLC=sglc
COMP_OCN=docn
COMP_CPL=cpl
CCSM_LCOMPSET=F_2000
CCSM_SCOMPSET=F
COMP_RUN_BARRIERS=FALSE
COMP_INTERFACE=MCT
BUILD_COMPLETE=TRUE
SMP_BUILD=a0l0i0o0g0c0
SMP_VALUE=a0l0i0o0g0c0
CICE_DECOMPTYPE=cartesian
CICE_AUTO_DECOMP=true
I_MPI_COMPATIBILITY=3
OMP_STACKSIZE=64M
COMPLIBS=
-------------------------------------------------------------------------
 CCSM BUILDNML SCRIPT STARTING
 - To prestage restarts, untar a restart.tar file into /cluster/work/users/earnest/noresm/CAM4_t0_S_wiNud/run
 - Create modelio namelist input files
 CCSM BUILDNML SCRIPT HAS FINISHED SUCCESSFULLY
-------------------------------------------------------------------------
 CCSM PRESTAGE SCRIPT STARTING
 - CCSM input data directory, DIN_LOC_ROOT_CSMDATA, is /cluster/shared/noresm/inputdata
 - Case input data directory, DIN_LOC_ROOT, is /cluster/shared/noresm/inputdata
 - Checking the existence of input datasets in DIN_LOC_ROOT
 create link to inputdata folder in run directory
 CCSM PRESTAGE SCRIPT HAS FINISHED SUCCESSFULLY
Thu Jun  6 13:00:37 CEST 2019 -- CSM EXECUTION BEGINS HERE
Thu Jun  6 13:06:50 CEST 2019 -- CSM EXECUTION HAS FINISHED
(seq_mct_drv): ===============       SUCCESSFUL TERMINATION OF CPL7-CCSM ===============
Archiving ccsm output to /cluster/work/users/earnest/archive/CAM4_t0_S_wiNud
Calling the short-term archiving script st_archive.sh

st_archive.sh: start of short-term archiving
st_archive.sh: restart files from end of run will be saved, 
               interim restart files will be deleted
st_archive.sh: short-term archiving completed successfully
Restarts model without resubmit
Run number 9 of 12
OMP_NUM_THREADS=1
CCSM_COMPSET=F_2000 (F)
COMP_ATM=cam
COMP_LND=clm
COMP_ICE=cice
COMP_GLC=sglc
COMP_OCN=docn
COMP_CPL=cpl
CCSM_LCOMPSET=F_2000
CCSM_SCOMPSET=F
COMP_RUN_BARRIERS=FALSE
COMP_INTERFACE=MCT
BUILD_COMPLETE=TRUE
SMP_BUILD=a0l0i0o0g0c0
SMP_VALUE=a0l0i0o0g0c0
CICE_DECOMPTYPE=cartesian
CICE_AUTO_DECOMP=true
I_MPI_COMPATIBILITY=3
OMP_STACKSIZE=64M
COMPLIBS=
-------------------------------------------------------------------------
 CCSM BUILDNML SCRIPT STARTING
 - To prestage restarts, untar a restart.tar file into /cluster/work/users/earnest/noresm/CAM4_t0_S_wiNud/run
 - Create modelio namelist input files
 CCSM BUILDNML SCRIPT HAS FINISHED SUCCESSFULLY
-------------------------------------------------------------------------
 CCSM PRESTAGE SCRIPT STARTING
 - CCSM input data directory, DIN_LOC_ROOT_CSMDATA, is /cluster/shared/noresm/inputdata
 - Case input data directory, DIN_LOC_ROOT, is /cluster/shared/noresm/inputdata
 - Checking the existence of input datasets in DIN_LOC_ROOT
 create link to inputdata folder in run directory
 CCSM PRESTAGE SCRIPT HAS FINISHED SUCCESSFULLY
Thu Jun  6 13:07:11 CEST 2019 -- CSM EXECUTION BEGINS HERE
Thu Jun  6 13:13:05 CEST 2019 -- CSM EXECUTION HAS FINISHED
(seq_mct_drv): ===============       SUCCESSFUL TERMINATION OF CPL7-CCSM ===============
Archiving ccsm output to /cluster/work/users/earnest/archive/CAM4_t0_S_wiNud
Calling the short-term archiving script st_archive.sh

st_archive.sh: start of short-term archiving
st_archive.sh: restart files from end of run will be saved, 
               interim restart files will be deleted
st_archive.sh: short-term archiving completed successfully
Restarts model without resubmit
Run number 10 of 12
OMP_NUM_THREADS=1
CCSM_COMPSET=F_2000 (F)
COMP_ATM=cam
COMP_LND=clm
COMP_ICE=cice
COMP_GLC=sglc
COMP_OCN=docn
COMP_CPL=cpl
CCSM_LCOMPSET=F_2000
CCSM_SCOMPSET=F
COMP_RUN_BARRIERS=FALSE
COMP_INTERFACE=MCT
BUILD_COMPLETE=TRUE
SMP_BUILD=a0l0i0o0g0c0
SMP_VALUE=a0l0i0o0g0c0
CICE_DECOMPTYPE=cartesian
CICE_AUTO_DECOMP=true
I_MPI_COMPATIBILITY=3
OMP_STACKSIZE=64M
COMPLIBS=
-------------------------------------------------------------------------
 CCSM BUILDNML SCRIPT STARTING
 - To prestage restarts, untar a restart.tar file into /cluster/work/users/earnest/noresm/CAM4_t0_S_wiNud/run
 - Create modelio namelist input files
 CCSM BUILDNML SCRIPT HAS FINISHED SUCCESSFULLY
-------------------------------------------------------------------------
 CCSM PRESTAGE SCRIPT STARTING
 - CCSM input data directory, DIN_LOC_ROOT_CSMDATA, is /cluster/shared/noresm/inputdata
 - Case input data directory, DIN_LOC_ROOT, is /cluster/shared/noresm/inputdata
 - Checking the existence of input datasets in DIN_LOC_ROOT
 create link to inputdata folder in run directory
 CCSM PRESTAGE SCRIPT HAS FINISHED SUCCESSFULLY
Thu Jun  6 13:13:27 CEST 2019 -- CSM EXECUTION BEGINS HERE
Thu Jun  6 13:19:31 CEST 2019 -- CSM EXECUTION HAS FINISHED
(seq_mct_drv): ===============       SUCCESSFUL TERMINATION OF CPL7-CCSM ===============
Archiving ccsm output to /cluster/work/users/earnest/archive/CAM4_t0_S_wiNud
Calling the short-term archiving script st_archive.sh

st_archive.sh: start of short-term archiving
st_archive.sh: restart files from end of run will be saved, 
               interim restart files will be deleted
st_archive.sh: short-term archiving completed successfully
Restarts model without resubmit
Run number 11 of 12
OMP_NUM_THREADS=1
CCSM_COMPSET=F_2000 (F)
COMP_ATM=cam
COMP_LND=clm
COMP_ICE=cice
COMP_GLC=sglc
COMP_OCN=docn
COMP_CPL=cpl
CCSM_LCOMPSET=F_2000
CCSM_SCOMPSET=F
COMP_RUN_BARRIERS=FALSE
COMP_INTERFACE=MCT
BUILD_COMPLETE=TRUE
SMP_BUILD=a0l0i0o0g0c0
SMP_VALUE=a0l0i0o0g0c0
CICE_DECOMPTYPE=cartesian
CICE_AUTO_DECOMP=true
I_MPI_COMPATIBILITY=3
OMP_STACKSIZE=64M
COMPLIBS=
-------------------------------------------------------------------------
 CCSM BUILDNML SCRIPT STARTING
 - To prestage restarts, untar a restart.tar file into /cluster/work/users/earnest/noresm/CAM4_t0_S_wiNud/run
 - Create modelio namelist input files
 CCSM BUILDNML SCRIPT HAS FINISHED SUCCESSFULLY
-------------------------------------------------------------------------
 CCSM PRESTAGE SCRIPT STARTING
 - CCSM input data directory, DIN_LOC_ROOT_CSMDATA, is /cluster/shared/noresm/inputdata
 - Case input data directory, DIN_LOC_ROOT, is /cluster/shared/noresm/inputdata
 - Checking the existence of input datasets in DIN_LOC_ROOT
 create link to inputdata folder in run directory
 CCSM PRESTAGE SCRIPT HAS FINISHED SUCCESSFULLY
Thu Jun  6 13:19:52 CEST 2019 -- CSM EXECUTION BEGINS HERE
Thu Jun  6 13:25:49 CEST 2019 -- CSM EXECUTION HAS FINISHED
(seq_mct_drv): ===============       SUCCESSFUL TERMINATION OF CPL7-CCSM ===============
Archiving ccsm output to /cluster/work/users/earnest/archive/CAM4_t0_S_wiNud
Calling the short-term archiving script st_archive.sh

st_archive.sh: start of short-term archiving
st_archive.sh: restart files from end of run will be saved, 
               interim restart files will be deleted
st_archive.sh: short-term archiving completed successfully
Restarts model without resubmit
Run number 12 of 12
OMP_NUM_THREADS=1
CCSM_COMPSET=F_2000 (F)
COMP_ATM=cam
COMP_LND=clm
COMP_ICE=cice
COMP_GLC=sglc
COMP_OCN=docn
COMP_CPL=cpl
CCSM_LCOMPSET=F_2000
CCSM_SCOMPSET=F
COMP_RUN_BARRIERS=FALSE
COMP_INTERFACE=MCT
BUILD_COMPLETE=TRUE
SMP_BUILD=a0l0i0o0g0c0
SMP_VALUE=a0l0i0o0g0c0
CICE_DECOMPTYPE=cartesian
CICE_AUTO_DECOMP=true
I_MPI_COMPATIBILITY=3
OMP_STACKSIZE=64M
COMPLIBS=
-------------------------------------------------------------------------
 CCSM BUILDNML SCRIPT STARTING
 - To prestage restarts, untar a restart.tar file into /cluster/work/users/earnest/noresm/CAM4_t0_S_wiNud/run
 - Create modelio namelist input files
 CCSM BUILDNML SCRIPT HAS FINISHED SUCCESSFULLY
-------------------------------------------------------------------------
 CCSM PRESTAGE SCRIPT STARTING
 - CCSM input data directory, DIN_LOC_ROOT_CSMDATA, is /cluster/shared/noresm/inputdata
 - Case input data directory, DIN_LOC_ROOT, is /cluster/shared/noresm/inputdata
 - Checking the existence of input datasets in DIN_LOC_ROOT
 create link to inputdata folder in run directory
 CCSM PRESTAGE SCRIPT HAS FINISHED SUCCESSFULLY
Thu Jun  6 13:26:10 CEST 2019 -- CSM EXECUTION BEGINS HERE
Thu Jun  6 13:32:21 CEST 2019 -- CSM EXECUTION HAS FINISHED
(seq_mct_drv): ===============       SUCCESSFUL TERMINATION OF CPL7-CCSM ===============
Archiving ccsm output to /cluster/work/users/earnest/archive/CAM4_t0_S_wiNud
Calling the short-term archiving script st_archive.sh

st_archive.sh: start of short-term archiving
st_archive.sh: restart files from end of run will be saved, 
               interim restart files will be deleted
st_archive.sh: short-term archiving completed successfully

Task and CPU usage stats:
       JobID    JobName  AllocCPUS   NTasks     MinCPU MinCPUTask     AveCPU    Elapsed ExitCode 
------------ ---------- ---------- -------- ---------- ---------- ---------- ---------- -------- 
314025         C4_wiNud        128                                             01:15:55      0:0 
314025.batch      batch         32        1   00:00:10          0   00:00:09   01:15:55      0:0 
314025.exte+     extern        128        4   00:00:00          1   00:00:00   01:15:57      0:0 
314025.0      pmi_proxy          4        4   01:27:24          0   01:27:39   00:05:56      0:0 
314025.1      pmi_proxy          4        4   01:27:05          0   01:27:38   00:05:31      0:0 
314025.2      pmi_proxy          4        4   01:27:21          0   01:27:40   00:05:52      0:0 
314025.3      pmi_proxy          4        4   01:27:10          0   01:27:30   00:05:51      0:0 
314025.4      pmi_proxy          4        4   01:27:14          0   01:27:39   00:05:57      0:0 
314025.5      pmi_proxy          4        4   01:27:16          0   01:27:41   00:05:57      0:0 
314025.6      pmi_proxy          4        4   01:35:14          0   01:35:42   00:06:10      0:0 
314025.7      pmi_proxy          4        4   01:35:06          0   01:35:38   00:06:13      0:0 
314025.8      pmi_proxy          4        4   01:27:25          0   01:27:44   00:05:54      0:0 
314025.9      pmi_proxy          4        4   01:35:16          0   01:35:41   00:06:04      0:0 
314025.10     pmi_proxy          4        4   01:27:09          0   01:27:37   00:05:57      0:0 
314025.11     pmi_proxy          4        4   01:34:58          0   01:35:35   00:06:11      0:0 

Memory usage stats:
       JobID     MaxRSS MaxRSSTask     AveRSS MaxPages   MaxPagesTask   AvePages 
------------ ---------- ---------- ---------- -------- -------------- ---------- 
314025                                                                           
314025.batch     17750K          0     17750K       11              0          3 
314025.exte+       131K          3     130816        1              1          1 
314025.0       2154758K          0 2158460672      645              3        435 
314025.1       2118469K          0 2111859456      426              0        112 
314025.2       2101630K          0 2109144832      447              0        111 
314025.3       2099850K          0 2110301952      376              0         94 
314025.4       2107192K          0   2064089K      549              0        137 
314025.5       2069746K          0 2102637824      430              0        107 
314025.6       2082735K          0 2103715072      290              0         72 
314025.7       2091594K          0   2055160K      494              0        123 
314025.8       2108045K          0 2059418.5+      317              0         79 
314025.9       2114941K          0   2060678K      239              0         59 
314025.10      2123295K          0 2112195328      305              0         76 
314025.11      2106748K          0   2051947K      831              0        207 

Disk usage stats:
       JobID  MaxDiskRead MaxDiskReadTask    AveDiskRead MaxDiskWrite MaxDiskWriteTask   AveDiskWrite 
------------ ------------ --------------- -------------- ------------ ---------------- -------------- 
314025                                                                                                
314025.batch      559.74M               0        559.74M      261.05M                0        261.05M 
314025.exte+        0.00M               1          0.00M            0                1              0 
314025.0         1660.57M               0        425.76M     8197.01M                0       2050.03M 
314025.1         1743.74M               0        446.65M     8134.48M                0       2034.58M 
314025.2         1795.59M               0        459.51M     8312.35M                0       2078.85M 
314025.3         1753.10M               0        448.89M     8078.33M                0       2020.36M 
314025.4         1784.20M               0        456.67M     8224.63M                0       2056.93M 
314025.5         1727.65M               0        442.53M     7931.73M                0       1983.70M 
314025.6         1841.22M               0        471.02M     8634.10M                0       2159.31M 
314025.7         1829.67M               0        468.03M     8558.13M                0       2140.29M 
314025.8         1750.13M               0        448.15M     8025.69M                0       2007.18M 
314025.9         1860.71M               0        475.89M     8787.64M                0       2197.69M 
314025.10        1727.51M               0        442.49M     7920.08M                0       1980.78M 
314025.11        1841.02M               0        470.87M     8628.26M                0       2157.83M 

Job 314025 completed at Thu Jun 6 13:32:36 CEST 2019
Starting job 314085 on c73-7,c74-9,c77-12,c78-8 at Thu Jun 6 14:00:17 CEST 2019

Run number 1 of 12
OMP_NUM_THREADS=1
CCSM_COMPSET=F_2000 (F)
COMP_ATM=cam
COMP_LND=clm
COMP_ICE=cice
COMP_GLC=sglc
COMP_OCN=docn
COMP_CPL=cpl
CCSM_LCOMPSET=F_2000
CCSM_SCOMPSET=F
COMP_RUN_BARRIERS=FALSE
COMP_INTERFACE=MCT
BUILD_COMPLETE=TRUE
SMP_BUILD=a0l0i0o0g0c0
SMP_VALUE=a0l0i0o0g0c0
CICE_DECOMPTYPE=cartesian
CICE_AUTO_DECOMP=true
I_MPI_COMPATIBILITY=3
OMP_STACKSIZE=64M
-------------------------------------------------------------------------
 CCSM BUILDNML SCRIPT STARTING
 - To prestage restarts, untar a restart.tar file into /cluster/work/users/earnest/noresm/CAM4_t0_S_wiNud/run
 - Create modelio namelist input files
 CCSM BUILDNML SCRIPT HAS FINISHED SUCCESSFULLY
-------------------------------------------------------------------------
 CCSM PRESTAGE SCRIPT STARTING
 - CCSM input data directory, DIN_LOC_ROOT_CSMDATA, is /cluster/shared/noresm/inputdata
 - Case input data directory, DIN_LOC_ROOT, is /cluster/shared/noresm/inputdata
 - Checking the existence of input datasets in DIN_LOC_ROOT
 create link to inputdata folder in run directory
 CCSM PRESTAGE SCRIPT HAS FINISHED SUCCESSFULLY
Thu Jun  6 14:00:31 CEST 2019 -- CSM EXECUTION BEGINS HERE
Thu Jun  6 14:06:38 CEST 2019 -- CSM EXECUTION HAS FINISHED
(seq_mct_drv): ===============       SUCCESSFUL TERMINATION OF CPL7-CCSM ===============
Archiving ccsm output to /cluster/work/users/earnest/archive/CAM4_t0_S_wiNud
Calling the short-term archiving script st_archive.sh

st_archive.sh: start of short-term archiving
st_archive.sh: restart files from end of run will be saved, 
               interim restart files will be deleted
st_archive.sh: short-term archiving completed successfully
Restarts model without resubmit
Run number 2 of 12
OMP_NUM_THREADS=1
CCSM_COMPSET=F_2000 (F)
COMP_ATM=cam
COMP_LND=clm
COMP_ICE=cice
COMP_GLC=sglc
COMP_OCN=docn
COMP_CPL=cpl
CCSM_LCOMPSET=F_2000
CCSM_SCOMPSET=F
COMP_RUN_BARRIERS=FALSE
COMP_INTERFACE=MCT
BUILD_COMPLETE=TRUE
SMP_BUILD=a0l0i0o0g0c0
SMP_VALUE=a0l0i0o0g0c0
CICE_DECOMPTYPE=cartesian
CICE_AUTO_DECOMP=true
I_MPI_COMPATIBILITY=3
OMP_STACKSIZE=64M
COMPLIBS=
-------------------------------------------------------------------------
 CCSM BUILDNML SCRIPT STARTING
 - To prestage restarts, untar a restart.tar file into /cluster/work/users/earnest/noresm/CAM4_t0_S_wiNud/run
 - Create modelio namelist input files
 CCSM BUILDNML SCRIPT HAS FINISHED SUCCESSFULLY
-------------------------------------------------------------------------
 CCSM PRESTAGE SCRIPT STARTING
 - CCSM input data directory, DIN_LOC_ROOT_CSMDATA, is /cluster/shared/noresm/inputdata
 - Case input data directory, DIN_LOC_ROOT, is /cluster/shared/noresm/inputdata
 - Checking the existence of input datasets in DIN_LOC_ROOT
 create link to inputdata folder in run directory
 CCSM PRESTAGE SCRIPT HAS FINISHED SUCCESSFULLY
Thu Jun  6 14:07:00 CEST 2019 -- CSM EXECUTION BEGINS HERE

Task and CPU usage stats:
       JobID    JobName  AllocCPUS   NTasks     MinCPU MinCPUTask     AveCPU    Elapsed ExitCode 
------------ ---------- ---------- -------- ---------- ---------- ---------- ---------- -------- 
314085         C4_wiNud        128                                             00:07:33      0:0 
314085.batch      batch         32        1   00:00:02          0   00:00:02   00:07:35     0:15 
314085.exte+     extern        128        4   00:00:00          1   00:00:00   00:07:33      0:0 
314085.0      pmi_proxy          4        4   01:35:15          0   01:35:36   00:06:07      0:0 
314085.1      pmi_proxy          4        4   00:07:37          0   00:07:46   00:00:55      7:0 

Memory usage stats:
       JobID     MaxRSS MaxRSSTask     AveRSS MaxPages   MaxPagesTask   AvePages 
------------ ---------- ---------- ---------- -------- -------------- ---------- 
314085                                                                           
314085.batch     12198K          0     12198K       15              0          4 
314085.exte+       268K          2     210688        1              1          1 
314085.0       2109924K          0 2053512.5+      725              2        328 
314085.1       2115077K          0 2053527.5+       88              0         22 

Disk usage stats:
       JobID  MaxDiskRead MaxDiskReadTask    AveDiskRead MaxDiskWrite MaxDiskWriteTask   AveDiskWrite 
------------ ------------ --------------- -------------- ------------ ---------------- -------------- 
314085                                                                                                
314085.batch       62.28M               0         62.28M       24.47M                0         24.47M 
314085.exte+        0.00M               1          0.00M            0                1              0 
314085.0         1854.29M               0        474.29M     8663.54M                0       2166.67M 
314085.1          447.23M               0        122.42M      294.46M                0         74.37M 

Job 314085 completed at Thu Jun 6 14:07:55 CEST 2019
Starting job 314089 on c13-[4,12],c14-[3-4] at Thu Jun 6 14:11:40 CEST 2019

Run number 1 of 12
OMP_NUM_THREADS=1
CCSM_COMPSET=F_2000 (F)
COMP_ATM=cam
COMP_LND=clm
COMP_ICE=cice
COMP_GLC=sglc
COMP_OCN=docn
COMP_CPL=cpl
CCSM_LCOMPSET=F_2000
CCSM_SCOMPSET=F
COMP_RUN_BARRIERS=FALSE
COMP_INTERFACE=MCT
BUILD_COMPLETE=TRUE
SMP_BUILD=a0l0i0o0g0c0
SMP_VALUE=a0l0i0o0g0c0
CICE_DECOMPTYPE=cartesian
CICE_AUTO_DECOMP=true
I_MPI_COMPATIBILITY=3
OMP_STACKSIZE=64M
-------------------------------------------------------------------------
 CCSM BUILDNML SCRIPT STARTING
 - To prestage restarts, untar a restart.tar file into /cluster/work/users/earnest/noresm/CAM4_t0_S_wiNud/run
 - Create modelio namelist input files
 CCSM BUILDNML SCRIPT HAS FINISHED SUCCESSFULLY
-------------------------------------------------------------------------
 CCSM PRESTAGE SCRIPT STARTING
 - CCSM input data directory, DIN_LOC_ROOT_CSMDATA, is /cluster/shared/noresm/inputdata
 - Case input data directory, DIN_LOC_ROOT, is /cluster/shared/noresm/inputdata
 - Checking the existence of input datasets in DIN_LOC_ROOT
 create link to inputdata folder in run directory
 CCSM PRESTAGE SCRIPT HAS FINISHED SUCCESSFULLY
Thu Jun  6 14:11:53 CEST 2019 -- CSM EXECUTION BEGINS HERE
Thu Jun  6 14:18:05 CEST 2019 -- CSM EXECUTION HAS FINISHED
(seq_mct_drv): ===============       SUCCESSFUL TERMINATION OF CPL7-CCSM ===============
Archiving ccsm output to /cluster/work/users/earnest/archive/CAM4_t0_S_wiNud
Calling the short-term archiving script st_archive.sh

st_archive.sh: start of short-term archiving
st_archive.sh: restart files from end of run will be saved, 
               interim restart files will be deleted
st_archive.sh: short-term archiving completed successfully
Restarts model without resubmit
Run number 2 of 12
OMP_NUM_THREADS=1
CCSM_COMPSET=F_2000 (F)
COMP_ATM=cam
COMP_LND=clm
COMP_ICE=cice
COMP_GLC=sglc
COMP_OCN=docn
COMP_CPL=cpl
CCSM_LCOMPSET=F_2000
CCSM_SCOMPSET=F
COMP_RUN_BARRIERS=FALSE
COMP_INTERFACE=MCT
BUILD_COMPLETE=TRUE
SMP_BUILD=a0l0i0o0g0c0
SMP_VALUE=a0l0i0o0g0c0
CICE_DECOMPTYPE=cartesian
CICE_AUTO_DECOMP=true
I_MPI_COMPATIBILITY=3
OMP_STACKSIZE=64M
COMPLIBS=
-------------------------------------------------------------------------
 CCSM BUILDNML SCRIPT STARTING
 - To prestage restarts, untar a restart.tar file into /cluster/work/users/earnest/noresm/CAM4_t0_S_wiNud/run
 - Create modelio namelist input files
 CCSM BUILDNML SCRIPT HAS FINISHED SUCCESSFULLY
-------------------------------------------------------------------------
 CCSM PRESTAGE SCRIPT STARTING
 - CCSM input data directory, DIN_LOC_ROOT_CSMDATA, is /cluster/shared/noresm/inputdata
 - Case input data directory, DIN_LOC_ROOT, is /cluster/shared/noresm/inputdata
 - Checking the existence of input datasets in DIN_LOC_ROOT
 create link to inputdata folder in run directory
 CCSM PRESTAGE SCRIPT HAS FINISHED SUCCESSFULLY
Thu Jun  6 14:18:26 CEST 2019 -- CSM EXECUTION BEGINS HERE
Thu Jun  6 14:24:09 CEST 2019 -- CSM EXECUTION HAS FINISHED
(seq_mct_drv): ===============       SUCCESSFUL TERMINATION OF CPL7-CCSM ===============
Archiving ccsm output to /cluster/work/users/earnest/archive/CAM4_t0_S_wiNud
Calling the short-term archiving script st_archive.sh

st_archive.sh: start of short-term archiving
st_archive.sh: restart files from end of run will be saved, 
               interim restart files will be deleted
st_archive.sh: short-term archiving completed successfully
Restarts model without resubmit
Run number 3 of 12
OMP_NUM_THREADS=1
CCSM_COMPSET=F_2000 (F)
COMP_ATM=cam
COMP_LND=clm
COMP_ICE=cice
COMP_GLC=sglc
COMP_OCN=docn
COMP_CPL=cpl
CCSM_LCOMPSET=F_2000
CCSM_SCOMPSET=F
COMP_RUN_BARRIERS=FALSE
COMP_INTERFACE=MCT
BUILD_COMPLETE=TRUE
SMP_BUILD=a0l0i0o0g0c0
SMP_VALUE=a0l0i0o0g0c0
CICE_DECOMPTYPE=cartesian
CICE_AUTO_DECOMP=true
I_MPI_COMPATIBILITY=3
OMP_STACKSIZE=64M
COMPLIBS=
-------------------------------------------------------------------------
 CCSM BUILDNML SCRIPT STARTING
 - To prestage restarts, untar a restart.tar file into /cluster/work/users/earnest/noresm/CAM4_t0_S_wiNud/run
 - Create modelio namelist input files
 CCSM BUILDNML SCRIPT HAS FINISHED SUCCESSFULLY
-------------------------------------------------------------------------
 CCSM PRESTAGE SCRIPT STARTING
 - CCSM input data directory, DIN_LOC_ROOT_CSMDATA, is /cluster/shared/noresm/inputdata
 - Case input data directory, DIN_LOC_ROOT, is /cluster/shared/noresm/inputdata
 - Checking the existence of input datasets in DIN_LOC_ROOT
 create link to inputdata folder in run directory
 CCSM PRESTAGE SCRIPT HAS FINISHED SUCCESSFULLY
Thu Jun  6 14:24:31 CEST 2019 -- CSM EXECUTION BEGINS HERE
Thu Jun  6 14:30:41 CEST 2019 -- CSM EXECUTION HAS FINISHED
(seq_mct_drv): ===============       SUCCESSFUL TERMINATION OF CPL7-CCSM ===============
Archiving ccsm output to /cluster/work/users/earnest/archive/CAM4_t0_S_wiNud
Calling the short-term archiving script st_archive.sh

st_archive.sh: start of short-term archiving
st_archive.sh: restart files from end of run will be saved, 
               interim restart files will be deleted
st_archive.sh: short-term archiving completed successfully
Restarts model without resubmit
Run number 4 of 12
OMP_NUM_THREADS=1
CCSM_COMPSET=F_2000 (F)
COMP_ATM=cam
COMP_LND=clm
COMP_ICE=cice
COMP_GLC=sglc
COMP_OCN=docn
COMP_CPL=cpl
CCSM_LCOMPSET=F_2000
CCSM_SCOMPSET=F
COMP_RUN_BARRIERS=FALSE
COMP_INTERFACE=MCT
BUILD_COMPLETE=TRUE
SMP_BUILD=a0l0i0o0g0c0
SMP_VALUE=a0l0i0o0g0c0
CICE_DECOMPTYPE=cartesian
CICE_AUTO_DECOMP=true
I_MPI_COMPATIBILITY=3
OMP_STACKSIZE=64M
COMPLIBS=
-------------------------------------------------------------------------
 CCSM BUILDNML SCRIPT STARTING
 - To prestage restarts, untar a restart.tar file into /cluster/work/users/earnest/noresm/CAM4_t0_S_wiNud/run
 - Create modelio namelist input files
 CCSM BUILDNML SCRIPT HAS FINISHED SUCCESSFULLY
-------------------------------------------------------------------------
 CCSM PRESTAGE SCRIPT STARTING
 - CCSM input data directory, DIN_LOC_ROOT_CSMDATA, is /cluster/shared/noresm/inputdata
 - Case input data directory, DIN_LOC_ROOT, is /cluster/shared/noresm/inputdata
 - Checking the existence of input datasets in DIN_LOC_ROOT
 create link to inputdata folder in run directory
 CCSM PRESTAGE SCRIPT HAS FINISHED SUCCESSFULLY
Thu Jun  6 14:31:03 CEST 2019 -- CSM EXECUTION BEGINS HERE
Thu Jun  6 14:36:56 CEST 2019 -- CSM EXECUTION HAS FINISHED
(seq_mct_drv): ===============       SUCCESSFUL TERMINATION OF CPL7-CCSM ===============
Archiving ccsm output to /cluster/work/users/earnest/archive/CAM4_t0_S_wiNud
Calling the short-term archiving script st_archive.sh

st_archive.sh: start of short-term archiving
st_archive.sh: restart files from end of run will be saved, 
               interim restart files will be deleted
st_archive.sh: short-term archiving completed successfully
Restarts model without resubmit
Run number 5 of 12
OMP_NUM_THREADS=1
CCSM_COMPSET=F_2000 (F)
COMP_ATM=cam
COMP_LND=clm
COMP_ICE=cice
COMP_GLC=sglc
COMP_OCN=docn
COMP_CPL=cpl
CCSM_LCOMPSET=F_2000
CCSM_SCOMPSET=F
COMP_RUN_BARRIERS=FALSE
COMP_INTERFACE=MCT
BUILD_COMPLETE=TRUE
SMP_BUILD=a0l0i0o0g0c0
SMP_VALUE=a0l0i0o0g0c0
CICE_DECOMPTYPE=cartesian
CICE_AUTO_DECOMP=true
I_MPI_COMPATIBILITY=3
OMP_STACKSIZE=64M
COMPLIBS=
-------------------------------------------------------------------------
 CCSM BUILDNML SCRIPT STARTING
 - To prestage restarts, untar a restart.tar file into /cluster/work/users/earnest/noresm/CAM4_t0_S_wiNud/run
 - Create modelio namelist input files
 CCSM BUILDNML SCRIPT HAS FINISHED SUCCESSFULLY
-------------------------------------------------------------------------
 CCSM PRESTAGE SCRIPT STARTING
 - CCSM input data directory, DIN_LOC_ROOT_CSMDATA, is /cluster/shared/noresm/inputdata
 - Case input data directory, DIN_LOC_ROOT, is /cluster/shared/noresm/inputdata
 - Checking the existence of input datasets in DIN_LOC_ROOT
 create link to inputdata folder in run directory
 CCSM PRESTAGE SCRIPT HAS FINISHED SUCCESSFULLY
Thu Jun  6 14:37:17 CEST 2019 -- CSM EXECUTION BEGINS HERE
Thu Jun  6 14:43:07 CEST 2019 -- CSM EXECUTION HAS FINISHED
(seq_mct_drv): ===============       SUCCESSFUL TERMINATION OF CPL7-CCSM ===============
Archiving ccsm output to /cluster/work/users/earnest/archive/CAM4_t0_S_wiNud
Calling the short-term archiving script st_archive.sh

st_archive.sh: start of short-term archiving
st_archive.sh: restart files from end of run will be saved, 
               interim restart files will be deleted
st_archive.sh: short-term archiving completed successfully
Restarts model without resubmit
Run number 6 of 12
OMP_NUM_THREADS=1
CCSM_COMPSET=F_2000 (F)
COMP_ATM=cam
COMP_LND=clm
COMP_ICE=cice
COMP_GLC=sglc
COMP_OCN=docn
COMP_CPL=cpl
CCSM_LCOMPSET=F_2000
CCSM_SCOMPSET=F
COMP_RUN_BARRIERS=FALSE
COMP_INTERFACE=MCT
BUILD_COMPLETE=TRUE
SMP_BUILD=a0l0i0o0g0c0
SMP_VALUE=a0l0i0o0g0c0
CICE_DECOMPTYPE=cartesian
CICE_AUTO_DECOMP=true
I_MPI_COMPATIBILITY=3
OMP_STACKSIZE=64M
COMPLIBS=
-------------------------------------------------------------------------
 CCSM BUILDNML SCRIPT STARTING
 - To prestage restarts, untar a restart.tar file into /cluster/work/users/earnest/noresm/CAM4_t0_S_wiNud/run
 - Create modelio namelist input files
 CCSM BUILDNML SCRIPT HAS FINISHED SUCCESSFULLY
-------------------------------------------------------------------------
 CCSM PRESTAGE SCRIPT STARTING
 - CCSM input data directory, DIN_LOC_ROOT_CSMDATA, is /cluster/shared/noresm/inputdata
 - Case input data directory, DIN_LOC_ROOT, is /cluster/shared/noresm/inputdata
 - Checking the existence of input datasets in DIN_LOC_ROOT
 create link to inputdata folder in run directory
 CCSM PRESTAGE SCRIPT HAS FINISHED SUCCESSFULLY
Thu Jun  6 14:43:30 CEST 2019 -- CSM EXECUTION BEGINS HERE
Thu Jun  6 14:49:39 CEST 2019 -- CSM EXECUTION HAS FINISHED
(seq_mct_drv): ===============       SUCCESSFUL TERMINATION OF CPL7-CCSM ===============
Archiving ccsm output to /cluster/work/users/earnest/archive/CAM4_t0_S_wiNud
Calling the short-term archiving script st_archive.sh

st_archive.sh: start of short-term archiving
st_archive.sh: restart files from end of run will be saved, 
               interim restart files will be deleted
st_archive.sh: short-term archiving completed successfully
Restarts model without resubmit
Run number 7 of 12
OMP_NUM_THREADS=1
CCSM_COMPSET=F_2000 (F)
COMP_ATM=cam
COMP_LND=clm
COMP_ICE=cice
COMP_GLC=sglc
COMP_OCN=docn
COMP_CPL=cpl
CCSM_LCOMPSET=F_2000
CCSM_SCOMPSET=F
COMP_RUN_BARRIERS=FALSE
COMP_INTERFACE=MCT
BUILD_COMPLETE=TRUE
SMP_BUILD=a0l0i0o0g0c0
SMP_VALUE=a0l0i0o0g0c0
CICE_DECOMPTYPE=cartesian
CICE_AUTO_DECOMP=true
I_MPI_COMPATIBILITY=3
OMP_STACKSIZE=64M
COMPLIBS=
-------------------------------------------------------------------------
 CCSM BUILDNML SCRIPT STARTING
 - To prestage restarts, untar a restart.tar file into /cluster/work/users/earnest/noresm/CAM4_t0_S_wiNud/run
 - Create modelio namelist input files
 CCSM BUILDNML SCRIPT HAS FINISHED SUCCESSFULLY
-------------------------------------------------------------------------
 CCSM PRESTAGE SCRIPT STARTING
 - CCSM input data directory, DIN_LOC_ROOT_CSMDATA, is /cluster/shared/noresm/inputdata
 - Case input data directory, DIN_LOC_ROOT, is /cluster/shared/noresm/inputdata
 - Checking the existence of input datasets in DIN_LOC_ROOT
 create link to inputdata folder in run directory
 CCSM PRESTAGE SCRIPT HAS FINISHED SUCCESSFULLY
Thu Jun  6 14:50:01 CEST 2019 -- CSM EXECUTION BEGINS HERE
Thu Jun  6 14:56:14 CEST 2019 -- CSM EXECUTION HAS FINISHED
(seq_mct_drv): ===============       SUCCESSFUL TERMINATION OF CPL7-CCSM ===============
Archiving ccsm output to /cluster/work/users/earnest/archive/CAM4_t0_S_wiNud
Calling the short-term archiving script st_archive.sh

st_archive.sh: start of short-term archiving
st_archive.sh: restart files from end of run will be saved, 
               interim restart files will be deleted
st_archive.sh: short-term archiving completed successfully
Restarts model without resubmit
Run number 8 of 12
OMP_NUM_THREADS=1
CCSM_COMPSET=F_2000 (F)
COMP_ATM=cam
COMP_LND=clm
COMP_ICE=cice
COMP_GLC=sglc
COMP_OCN=docn
COMP_CPL=cpl
CCSM_LCOMPSET=F_2000
CCSM_SCOMPSET=F
COMP_RUN_BARRIERS=FALSE
COMP_INTERFACE=MCT
BUILD_COMPLETE=TRUE
SMP_BUILD=a0l0i0o0g0c0
SMP_VALUE=a0l0i0o0g0c0
CICE_DECOMPTYPE=cartesian
CICE_AUTO_DECOMP=true
I_MPI_COMPATIBILITY=3
OMP_STACKSIZE=64M
COMPLIBS=
-------------------------------------------------------------------------
 CCSM BUILDNML SCRIPT STARTING
 - To prestage restarts, untar a restart.tar file into /cluster/work/users/earnest/noresm/CAM4_t0_S_wiNud/run
 - Create modelio namelist input files
 CCSM BUILDNML SCRIPT HAS FINISHED SUCCESSFULLY
-------------------------------------------------------------------------
 CCSM PRESTAGE SCRIPT STARTING
 - CCSM input data directory, DIN_LOC_ROOT_CSMDATA, is /cluster/shared/noresm/inputdata
 - Case input data directory, DIN_LOC_ROOT, is /cluster/shared/noresm/inputdata
 - Checking the existence of input datasets in DIN_LOC_ROOT
 create link to inputdata folder in run directory
 CCSM PRESTAGE SCRIPT HAS FINISHED SUCCESSFULLY
Thu Jun  6 14:56:36 CEST 2019 -- CSM EXECUTION BEGINS HERE
Thu Jun  6 15:02:48 CEST 2019 -- CSM EXECUTION HAS FINISHED
(seq_mct_drv): ===============       SUCCESSFUL TERMINATION OF CPL7-CCSM ===============
Archiving ccsm output to /cluster/work/users/earnest/archive/CAM4_t0_S_wiNud
Calling the short-term archiving script st_archive.sh

st_archive.sh: start of short-term archiving
st_archive.sh: restart files from end of run will be saved, 
               interim restart files will be deleted
st_archive.sh: short-term archiving completed successfully
Restarts model without resubmit
Run number 9 of 12
OMP_NUM_THREADS=1
CCSM_COMPSET=F_2000 (F)
COMP_ATM=cam
COMP_LND=clm
COMP_ICE=cice
COMP_GLC=sglc
COMP_OCN=docn
COMP_CPL=cpl
CCSM_LCOMPSET=F_2000
CCSM_SCOMPSET=F
COMP_RUN_BARRIERS=FALSE
COMP_INTERFACE=MCT
BUILD_COMPLETE=TRUE
SMP_BUILD=a0l0i0o0g0c0
SMP_VALUE=a0l0i0o0g0c0
CICE_DECOMPTYPE=cartesian
CICE_AUTO_DECOMP=true
I_MPI_COMPATIBILITY=3
OMP_STACKSIZE=64M
COMPLIBS=
-------------------------------------------------------------------------
 CCSM BUILDNML SCRIPT STARTING
 - To prestage restarts, untar a restart.tar file into /cluster/work/users/earnest/noresm/CAM4_t0_S_wiNud/run
 - Create modelio namelist input files
 CCSM BUILDNML SCRIPT HAS FINISHED SUCCESSFULLY
-------------------------------------------------------------------------
 CCSM PRESTAGE SCRIPT STARTING
 - CCSM input data directory, DIN_LOC_ROOT_CSMDATA, is /cluster/shared/noresm/inputdata
 - Case input data directory, DIN_LOC_ROOT, is /cluster/shared/noresm/inputdata
 - Checking the existence of input datasets in DIN_LOC_ROOT
 create link to inputdata folder in run directory
 CCSM PRESTAGE SCRIPT HAS FINISHED SUCCESSFULLY
Thu Jun  6 15:03:09 CEST 2019 -- CSM EXECUTION BEGINS HERE
Thu Jun  6 15:08:56 CEST 2019 -- CSM EXECUTION HAS FINISHED
(seq_mct_drv): ===============       SUCCESSFUL TERMINATION OF CPL7-CCSM ===============
Archiving ccsm output to /cluster/work/users/earnest/archive/CAM4_t0_S_wiNud
Calling the short-term archiving script st_archive.sh

st_archive.sh: start of short-term archiving
st_archive.sh: restart files from end of run will be saved, 
               interim restart files will be deleted
st_archive.sh: short-term archiving completed successfully
Restarts model without resubmit
Run number 10 of 12
OMP_NUM_THREADS=1
CCSM_COMPSET=F_2000 (F)
COMP_ATM=cam
COMP_LND=clm
COMP_ICE=cice
COMP_GLC=sglc
COMP_OCN=docn
COMP_CPL=cpl
CCSM_LCOMPSET=F_2000
CCSM_SCOMPSET=F
COMP_RUN_BARRIERS=FALSE
COMP_INTERFACE=MCT
BUILD_COMPLETE=TRUE
SMP_BUILD=a0l0i0o0g0c0
SMP_VALUE=a0l0i0o0g0c0
CICE_DECOMPTYPE=cartesian
CICE_AUTO_DECOMP=true
I_MPI_COMPATIBILITY=3
OMP_STACKSIZE=64M
COMPLIBS=
-------------------------------------------------------------------------
 CCSM BUILDNML SCRIPT STARTING
 - To prestage restarts, untar a restart.tar file into /cluster/work/users/earnest/noresm/CAM4_t0_S_wiNud/run
 - Create modelio namelist input files
 CCSM BUILDNML SCRIPT HAS FINISHED SUCCESSFULLY
-------------------------------------------------------------------------
 CCSM PRESTAGE SCRIPT STARTING
 - CCSM input data directory, DIN_LOC_ROOT_CSMDATA, is /cluster/shared/noresm/inputdata
 - Case input data directory, DIN_LOC_ROOT, is /cluster/shared/noresm/inputdata
 - Checking the existence of input datasets in DIN_LOC_ROOT
 create link to inputdata folder in run directory
 CCSM PRESTAGE SCRIPT HAS FINISHED SUCCESSFULLY
Thu Jun  6 15:09:18 CEST 2019 -- CSM EXECUTION BEGINS HERE
Thu Jun  6 15:15:31 CEST 2019 -- CSM EXECUTION HAS FINISHED
(seq_mct_drv): ===============       SUCCESSFUL TERMINATION OF CPL7-CCSM ===============
Archiving ccsm output to /cluster/work/users/earnest/archive/CAM4_t0_S_wiNud
Calling the short-term archiving script st_archive.sh

st_archive.sh: start of short-term archiving
st_archive.sh: restart files from end of run will be saved, 
               interim restart files will be deleted
st_archive.sh: short-term archiving completed successfully
Restarts model without resubmit
Run number 11 of 12
OMP_NUM_THREADS=1
CCSM_COMPSET=F_2000 (F)
COMP_ATM=cam
COMP_LND=clm
COMP_ICE=cice
COMP_GLC=sglc
COMP_OCN=docn
COMP_CPL=cpl
CCSM_LCOMPSET=F_2000
CCSM_SCOMPSET=F
COMP_RUN_BARRIERS=FALSE
COMP_INTERFACE=MCT
BUILD_COMPLETE=TRUE
SMP_BUILD=a0l0i0o0g0c0
SMP_VALUE=a0l0i0o0g0c0
CICE_DECOMPTYPE=cartesian
CICE_AUTO_DECOMP=true
I_MPI_COMPATIBILITY=3
OMP_STACKSIZE=64M
COMPLIBS=
-------------------------------------------------------------------------
 CCSM BUILDNML SCRIPT STARTING
 - To prestage restarts, untar a restart.tar file into /cluster/work/users/earnest/noresm/CAM4_t0_S_wiNud/run
 - Create modelio namelist input files
 CCSM BUILDNML SCRIPT HAS FINISHED SUCCESSFULLY
-------------------------------------------------------------------------
 CCSM PRESTAGE SCRIPT STARTING
 - CCSM input data directory, DIN_LOC_ROOT_CSMDATA, is /cluster/shared/noresm/inputdata
 - Case input data directory, DIN_LOC_ROOT, is /cluster/shared/noresm/inputdata
 - Checking the existence of input datasets in DIN_LOC_ROOT
 create link to inputdata folder in run directory
 CCSM PRESTAGE SCRIPT HAS FINISHED SUCCESSFULLY
Thu Jun  6 15:15:53 CEST 2019 -- CSM EXECUTION BEGINS HERE
Thu Jun  6 15:22:10 CEST 2019 -- CSM EXECUTION HAS FINISHED
(seq_mct_drv): ===============       SUCCESSFUL TERMINATION OF CPL7-CCSM ===============
Archiving ccsm output to /cluster/work/users/earnest/archive/CAM4_t0_S_wiNud
Calling the short-term archiving script st_archive.sh

st_archive.sh: start of short-term archiving
st_archive.sh: restart files from end of run will be saved, 
               interim restart files will be deleted
st_archive.sh: short-term archiving completed successfully
Restarts model without resubmit
Run number 12 of 12
OMP_NUM_THREADS=1
CCSM_COMPSET=F_2000 (F)
COMP_ATM=cam
COMP_LND=clm
COMP_ICE=cice
COMP_GLC=sglc
COMP_OCN=docn
COMP_CPL=cpl
CCSM_LCOMPSET=F_2000
CCSM_SCOMPSET=F
COMP_RUN_BARRIERS=FALSE
COMP_INTERFACE=MCT
BUILD_COMPLETE=TRUE
SMP_BUILD=a0l0i0o0g0c0
SMP_VALUE=a0l0i0o0g0c0
CICE_DECOMPTYPE=cartesian
CICE_AUTO_DECOMP=true
I_MPI_COMPATIBILITY=3
OMP_STACKSIZE=64M
COMPLIBS=
-------------------------------------------------------------------------
 CCSM BUILDNML SCRIPT STARTING
 - To prestage restarts, untar a restart.tar file into /cluster/work/users/earnest/noresm/CAM4_t0_S_wiNud/run
 - Create modelio namelist input files
 CCSM BUILDNML SCRIPT HAS FINISHED SUCCESSFULLY
-------------------------------------------------------------------------
 CCSM PRESTAGE SCRIPT STARTING
 - CCSM input data directory, DIN_LOC_ROOT_CSMDATA, is /cluster/shared/noresm/inputdata
 - Case input data directory, DIN_LOC_ROOT, is /cluster/shared/noresm/inputdata
 - Checking the existence of input datasets in DIN_LOC_ROOT
 create link to inputdata folder in run directory
 CCSM PRESTAGE SCRIPT HAS FINISHED SUCCESSFULLY
Thu Jun  6 15:22:31 CEST 2019 -- CSM EXECUTION BEGINS HERE
Thu Jun  6 15:28:36 CEST 2019 -- CSM EXECUTION HAS FINISHED
(seq_mct_drv): ===============       SUCCESSFUL TERMINATION OF CPL7-CCSM ===============
Archiving ccsm output to /cluster/work/users/earnest/archive/CAM4_t0_S_wiNud
Calling the short-term archiving script st_archive.sh

st_archive.sh: start of short-term archiving
st_archive.sh: restart files from end of run will be saved, 
               interim restart files will be deleted
st_archive.sh: short-term archiving completed successfully

Task and CPU usage stats:
       JobID    JobName  AllocCPUS   NTasks     MinCPU MinCPUTask     AveCPU    Elapsed ExitCode 
------------ ---------- ---------- -------- ---------- ---------- ---------- ---------- -------- 
314089         C4_wiNud        128                                             01:17:09      0:0 
314089.batch      batch         32        1   00:00:10          0   00:00:10   01:17:09      0:0 
314089.exte+     extern        128        4   00:00:00          3   00:00:00   01:17:11      0:0 
314089.0      pmi_proxy          4        4   01:35:10          0   01:35:35   00:06:12      0:0 
314089.1      pmi_proxy          4        4   01:27:11          0   01:27:37   00:05:43      0:0 
314089.2      pmi_proxy          4        4   01:35:05          0   01:35:36   00:06:10      0:0 
314089.3      pmi_proxy          4        4   01:27:24          0   01:27:43   00:05:53      0:0 
314089.4      pmi_proxy          4        4   01:27:31          0   01:27:46   00:05:50      0:0 
314089.5      pmi_proxy          4        4   01:34:38          0   01:35:22   00:06:09      0:0 
314089.6      pmi_proxy          4        4   01:35:22          0   01:35:43   00:06:13      0:0 
314089.7      pmi_proxy          4        4   01:34:49          0   01:35:27   00:06:12      0:0 
314089.8      pmi_proxy          4        4   01:27:10          0   01:27:39   00:05:47      0:0 
314089.9      pmi_proxy          4        4   01:35:08          0   01:35:39   00:06:13      0:0 
314089.10     pmi_proxy          4        4   01:34:58          0   01:35:35   00:06:17      0:0 
314089.11     pmi_proxy          4        4   01:34:33          0   01:35:29   00:06:05      0:0 

Memory usage stats:
       JobID     MaxRSS MaxRSSTask     AveRSS MaxPages   MaxPagesTask   AvePages 
------------ ---------- ---------- ---------- -------- -------------- ---------- 
314089                                                                           
314089.batch     11495K          0     11495K       11              0          3 
314089.exte+       188K          0    143.50K        1              3          1 
314089.0       2154329K          0 2162482432      600              1        465 
314089.1       2114335K          0 2109177600      147              0         45 
314089.2       2095455K          0   2057832K      472              0        118 
314089.3       2089946K          0 2098904832      386              0         96 
314089.4       2083344K          0 2110254848      226              0         56 
314089.5       2074767K          0 2098660608      647              0        161 
314089.6       2087778K          0 2052590.5+       59              0         14 
314089.7       2090957K          0 2108664064      971              0        242 
314089.8       2108989K          0 2111307008      421              0        105 
314089.9       2104058K          0 2107923200      290              0         72 
314089.10      2102517K          0 2053124.5+      334              0         83 
314089.11      2122002K          0 2108244224     1112              0        278 

Disk usage stats:
       JobID  MaxDiskRead MaxDiskReadTask    AveDiskRead MaxDiskWrite MaxDiskWriteTask   AveDiskWrite 
------------ ------------ --------------- -------------- ------------ ---------------- -------------- 
314089                                                                                                
314089.batch      563.01M               0        563.01M      261.16M                0        261.16M 
314089.exte+        0.00M               3          0.00M            0                3              0 
314089.0         1728.65M               0        442.77M     8620.35M                0       2155.86M 
314089.1         1705.32M               0        437.05M     7791.28M                0       1948.60M 
314089.2         1841.02M               0        470.87M     8622.43M                0       2156.37M 
314089.3         1750.16M               0        448.16M     8031.41M                0       2008.62M 
314089.4         1806.90M               0        462.35M     8388.05M                0       2097.79M 
314089.5         1796.23M               0        459.77M     8353.17M                0       2089.08M 
314089.6         1829.69M               0        468.04M     8558.31M                0       2140.34M 
314089.7         1840.95M               0        470.85M     8587.57M                0       2147.65M 
314089.8         1772.82M               0        453.82M     8160.21M                0       2040.81M 
314089.9         1829.66M               0        468.03M     8546.57M                0       2137.40M 
314089.10        1772.88M               0        453.83M     8188.16M                0       2047.80M 
314089.11        1860.78M               0        475.91M     8737.28M                0       2185.10M 

Job 314089 completed at Thu Jun 6 15:28:51 CEST 2019
