Starting job 141694 on b[1103-1104,1106-1111] at Mon Jan 11 11:26:43 CET 2021

-------------------------------------------------------------------------
 CESM BUILDNML SCRIPT STARTING
 - To prestage restarts, untar a restart.tar file into /cluster/work/users/earnest/noresm/CESM112_OA_f09_5n/run
CAM writing dry deposition namelist to drv_flds_in 
CAM writing namelist to atm_in 
CLM configure done.
CLM adding use_case 20thC_transient defaults for var clm_demand with val fpftdyn 
CLM adding use_case 20thC_transient defaults for var clm_start_type with val startup 
CLM adding use_case 20thC_transient defaults for var model_year_align_ndep with val 1850 
CLM adding use_case 20thC_transient defaults for var sim_year with val 1850 
CLM adding use_case 20thC_transient defaults for var sim_year_range with val 1850-2000 
CLM adding use_case 20thC_transient defaults for var stream_year_first_ndep with val 1850 
CLM adding use_case 20thC_transient defaults for var stream_year_last_ndep with val 2005 
CLM adding use_case 20thC_transient defaults for var use_case_desc with val Simulate transient land-use, aerosol deposition, and Nitrogen deposition changes from 1850 to 2005 
CICE configure done.
POP2 build-namelist: ocn_grid is gx1v6 
POP2 build-namelist: ocn_tracer_modules are iage cfc 
Setting initial CFCs based on starting the run in 1980
River Transport Model (RTM) will be on 
  RTM lnd grid is 0.9x1.25 
  RTM rof grid is r05 
 CESM BUILDNML SCRIPT HAS FINISHED SUCCESSFULLY
-------------------------------------------------------------------------
-------------------------------------------------------------------------
 CESM PRESTAGE SCRIPT STARTING
 - Case input data directory, DIN_LOC_ROOT, is /cluster/shared/noresm/inputdata
 - Checking the existence of input datasets in DIN_LOC_ROOT
 
The following files were not found, this is informational only
Input Data List Files Found:
/cluster/home/earnest/models/NorCPM/cases/CESM112_OA_f09_5n/Buildconf/rtm.input_data_list
/cluster/home/earnest/models/NorCPM/cases/CESM112_OA_f09_5n/Buildconf/cam.input_data_list
/cluster/home/earnest/models/NorCPM/cases/CESM112_OA_f09_5n/Buildconf/cpl.input_data_list
/cluster/home/earnest/models/NorCPM/cases/CESM112_OA_f09_5n/Buildconf/cice.input_data_list
/cluster/home/earnest/models/NorCPM/cases/CESM112_OA_f09_5n/Buildconf/pop2.input_data_list
/cluster/home/earnest/models/NorCPM/cases/CESM112_OA_f09_5n/Buildconf/clm.input_data_list
File status unknown: cesm_hist_19500101_mem01.rtm.r.1980-01-01-00000.nc 
File status unknown: cesm_hist_19500101_mem01.cam.i.1980-01-01-00000.nc 
File status unknown: same_as_TS 
File status unknown: cesm_hist_19500101_mem01.clm2.r.1980-01-01-00000.nc 
 
 CESM PRESTAGE SCRIPT HAS FINISHED SUCCESSFULLY
-------------------------------------------------------------------------
Mon Jan 11 11:27:22 CET 2021 -- CSM EXECUTION BEGINS HERE
Mon Jan 11 11:27:22 CET 2021 -- CSM EXECUTION HAS FINISHED
Model did not complete - no cpl.log file present - exiting

Task and CPU usage stats:
       JobID    JobName  AllocCPUS   NTasks     MinCPU MinCPUTask     AveCPU    Elapsed ExitCode 
------------ ---------- ---------- -------- ---------- ---------- ---------- ---------- -------- 
141694        C1_OA_f09       1024                                             00:00:39    127:0 
141694.batch      batch        128        1   00:00:00          0   00:00:00   00:00:39    127:0 
141694.exte+     extern       1024        8   00:00:00          7   00:00:00   00:00:39      0:0 

Memory usage stats:
       JobID     MaxRSS MaxRSSTask     AveRSS MaxPages   MaxPagesTask   AvePages 
------------ ---------- ---------- ---------- -------- -------------- ---------- 
141694                                                                           
141694.batch      1646K          0      1646K        4              0          4 
141694.exte+       801K          0     724096        1              7          1 

Disk usage stats:
       JobID  MaxDiskRead MaxDiskReadTask    AveDiskRead MaxDiskWrite MaxDiskWriteTask   AveDiskWrite 
------------ ------------ --------------- -------------- ------------ ---------------- -------------- 
141694                                                                                                
141694.batch       44.78M               0         44.78M        0.56M                0          0.56M 
141694.exte+        0.00M               7          0.00M            0                7              0 

Job 141694 completed at Mon Jan 11 11:27:23 CET 2021
Starting job 141697 on b[1103-1104,1106-1111] at Mon Jan 11 11:28:53 CET 2021

-------------------------------------------------------------------------
 CESM BUILDNML SCRIPT STARTING
 - To prestage restarts, untar a restart.tar file into /cluster/work/users/earnest/noresm/CESM112_OA_f09_5n/run
CAM writing dry deposition namelist to drv_flds_in 
CAM writing namelist to atm_in 
CLM configure done.
CLM adding use_case 20thC_transient defaults for var clm_demand with val fpftdyn 
CLM adding use_case 20thC_transient defaults for var clm_start_type with val startup 
CLM adding use_case 20thC_transient defaults for var model_year_align_ndep with val 1850 
CLM adding use_case 20thC_transient defaults for var sim_year with val 1850 
CLM adding use_case 20thC_transient defaults for var sim_year_range with val 1850-2000 
CLM adding use_case 20thC_transient defaults for var stream_year_first_ndep with val 1850 
CLM adding use_case 20thC_transient defaults for var stream_year_last_ndep with val 2005 
CLM adding use_case 20thC_transient defaults for var use_case_desc with val Simulate transient land-use, aerosol deposition, and Nitrogen deposition changes from 1850 to 2005 
CICE configure done.
POP2 build-namelist: ocn_grid is gx1v6 
POP2 build-namelist: ocn_tracer_modules are iage cfc 
Setting initial CFCs based on starting the run in 1980
River Transport Model (RTM) will be on 
  RTM lnd grid is 0.9x1.25 
  RTM rof grid is r05 
 CESM BUILDNML SCRIPT HAS FINISHED SUCCESSFULLY
-------------------------------------------------------------------------
-------------------------------------------------------------------------
 CESM PRESTAGE SCRIPT STARTING
 - Case input data directory, DIN_LOC_ROOT, is /cluster/shared/noresm/inputdata
 - Checking the existence of input datasets in DIN_LOC_ROOT
 
The following files were not found, this is informational only
Input Data List Files Found:
/cluster/home/earnest/models/NorCPM/cases/CESM112_OA_f09_5n/Buildconf/rtm.input_data_list
/cluster/home/earnest/models/NorCPM/cases/CESM112_OA_f09_5n/Buildconf/cam.input_data_list
/cluster/home/earnest/models/NorCPM/cases/CESM112_OA_f09_5n/Buildconf/cpl.input_data_list
/cluster/home/earnest/models/NorCPM/cases/CESM112_OA_f09_5n/Buildconf/cice.input_data_list
/cluster/home/earnest/models/NorCPM/cases/CESM112_OA_f09_5n/Buildconf/pop2.input_data_list
/cluster/home/earnest/models/NorCPM/cases/CESM112_OA_f09_5n/Buildconf/clm.input_data_list
File status unknown: cesm_hist_19500101_mem01.rtm.r.1980-01-01-00000.nc 
File status unknown: cesm_hist_19500101_mem01.cam.i.1980-01-01-00000.nc 
File status unknown: same_as_TS 
File status unknown: cesm_hist_19500101_mem01.clm2.r.1980-01-01-00000.nc 
 
 CESM PRESTAGE SCRIPT HAS FINISHED SUCCESSFULLY
-------------------------------------------------------------------------
Mon Jan 11 11:29:30 CET 2021 -- CSM EXECUTION BEGINS HERE
Mon Jan 11 11:29:58 CET 2021 -- CSM EXECUTION HAS FINISHED
Model did not complete - see /cluster/work/users/earnest/noresm/CESM112_OA_f09_5n/run/cpl.log.210111-112858

Task and CPU usage stats:
       JobID    JobName  AllocCPUS   NTasks     MinCPU MinCPUTask     AveCPU    Elapsed ExitCode 
------------ ---------- ---------- -------- ---------- ---------- ---------- ---------- -------- 
141697        C1_OA_f09       1024                                             00:01:05    127:0 
141697.batch      batch        128        1   00:00:00          0   00:00:00   00:01:05    127:0 
141697.exte+     extern       1024        8   00:00:00          6   00:00:00   00:01:06      0:0 
141697.0       cesm.exe       1024     1024   00:00:14        433   00:00:21   00:00:28      0:9 

Memory usage stats:
       JobID     MaxRSS MaxRSSTask     AveRSS MaxPages   MaxPagesTask   AvePages 
------------ ---------- ---------- ---------- -------- -------------- ---------- 
141697                                                                           
141697.batch      7588K          0      7588K       15              0         15 
141697.exte+       805K          0     816512        1              6          1 
141697.0        129881K        636  128984726       13            577          2 

Disk usage stats:
       JobID  MaxDiskRead MaxDiskReadTask    AveDiskRead MaxDiskWrite MaxDiskWriteTask   AveDiskWrite 
------------ ------------ --------------- -------------- ------------ ---------------- -------------- 
141697                                                                                                
141697.batch       46.05M               0         46.05M        0.56M                0          0.56M 
141697.exte+        0.00M               6          0.00M            0                6              0 
141697.0            6.29M               0          5.93M        6.25M                0          2.10M 

Job 141697 completed at Mon Jan 11 11:29:59 CET 2021
Starting job 141703 on b[1108-1115] at Mon Jan 11 11:32:41 CET 2021

-------------------------------------------------------------------------
 CESM BUILDNML SCRIPT STARTING
 - To prestage restarts, untar a restart.tar file into /cluster/work/users/earnest/noresm/CESM112_OA_f09_5n/run
CAM writing dry deposition namelist to drv_flds_in 
CAM writing namelist to atm_in 
CLM configure done.
CLM adding use_case 20thC_transient defaults for var clm_demand with val fpftdyn 
CLM adding use_case 20thC_transient defaults for var clm_start_type with val startup 
CLM adding use_case 20thC_transient defaults for var model_year_align_ndep with val 1850 
CLM adding use_case 20thC_transient defaults for var sim_year with val 1850 
CLM adding use_case 20thC_transient defaults for var sim_year_range with val 1850-2000 
CLM adding use_case 20thC_transient defaults for var stream_year_first_ndep with val 1850 
CLM adding use_case 20thC_transient defaults for var stream_year_last_ndep with val 2005 
CLM adding use_case 20thC_transient defaults for var use_case_desc with val Simulate transient land-use, aerosol deposition, and Nitrogen deposition changes from 1850 to 2005 
CICE configure done.
Getting init_ts_file_fmt from /cluster/work/users/earnest/noresm/CESM112_OA_f09_5n/run/rpointer.ocn.restart
POP2 build-namelist: ocn_grid is gx1v6 
POP2 build-namelist: ocn_tracer_modules are iage cfc 
Setting initial CFCs based on starting the run in 1980
River Transport Model (RTM) will be on 
  RTM lnd grid is 0.9x1.25 
  RTM rof grid is r05 
 CESM BUILDNML SCRIPT HAS FINISHED SUCCESSFULLY
-------------------------------------------------------------------------
-------------------------------------------------------------------------
 CESM PRESTAGE SCRIPT STARTING
 - Case input data directory, DIN_LOC_ROOT, is /cluster/shared/noresm/inputdata
 - Checking the existence of input datasets in DIN_LOC_ROOT
 
The following files were not found, this is informational only
Input Data List Files Found:
/cluster/home/earnest/models/NorCPM/cases/CESM112_OA_f09_5n/Buildconf/rtm.input_data_list
/cluster/home/earnest/models/NorCPM/cases/CESM112_OA_f09_5n/Buildconf/cam.input_data_list
/cluster/home/earnest/models/NorCPM/cases/CESM112_OA_f09_5n/Buildconf/cpl.input_data_list
/cluster/home/earnest/models/NorCPM/cases/CESM112_OA_f09_5n/Buildconf/cice.input_data_list
/cluster/home/earnest/models/NorCPM/cases/CESM112_OA_f09_5n/Buildconf/pop2.input_data_list
/cluster/home/earnest/models/NorCPM/cases/CESM112_OA_f09_5n/Buildconf/clm.input_data_list
File status unknown: cesm_hist_19500101_mem01.rtm.r.1980-01-01-00000.nc 
File status unknown: cesm_hist_19500101_mem01.cam.i.1980-01-01-00000.nc 
File status unknown: same_as_TS 
File status unknown: cesm_hist_19500101_mem01.clm2.r.1980-01-01-00000.nc 
 
 CESM PRESTAGE SCRIPT HAS FINISHED SUCCESSFULLY
-------------------------------------------------------------------------
Mon Jan 11 11:33:19 CET 2021 -- CSM EXECUTION BEGINS HERE
Mon Jan 11 11:34:54 CET 2021 -- CSM EXECUTION HAS FINISHED
(seq_mct_drv): ===============       SUCCESSFUL TERMINATION OF CPL7-CCSM ===============
Archiving ccsm output to /cluster/work/users/earnest/archive/CESM112_OA_f09_5n
Calling the short-term archiving script st_archive.sh

st_archive.sh: start of short-term archiving
st_archive.sh: restart files from end of run will be saved, 
               interim restart files will be deleted
get_inst_suffixa 1 1 
get_inst_suffixb 1 1 
get_inst_suffixa 1 1 
get_inst_suffixb 1 1 
get_inst_suffixa 1 1 
get_inst_suffixb 1 1 
get_inst_suffixa 1 1 
get_inst_suffixb 1 1 
get_inst_suffixa 1 1 
get_inst_suffixb 1 1 
get_inst_suffixa 1 1 
get_inst_suffixb 1 1 
st_archive.sh: short-term archiving completed successfully
RESUBMIT is now 499
Submitted batch job 141705
Starting job 141705 on b[1249-1256] at Mon Jan 11 11:34:59 CET 2021


Task and CPU usage stats:
       JobID    JobName  AllocCPUS   NTasks     MinCPU MinCPUTask     AveCPU    Elapsed ExitCode 
------------ ---------- ---------- -------- ---------- ---------- ---------- ---------- -------- 
141703        C1_OA_f09       1024                                             00:02:20      0:0 
141703.batch      batch        128        1   00:00:00          0   00:00:00   00:02:20      0:0 
141703.exte+     extern       1024        8   00:00:00          2   00:00:00   00:02:21      0:0 
141703.0       cesm.exe       1024     1024   00:01:07          1   00:01:28   00:01:35      0:0 

Memory usage stats:
       JobID     MaxRSS MaxRSSTask     AveRSS MaxPages   MaxPagesTask   AvePages 
------------ ---------- ---------- ---------- -------- -------------- ---------- 
141703                                                                           
141703.batch      7984K          0      7984K       15              0         15 
141703.exte+       801K          3     646272        1              2          1 
141703.0        644016K          1  415805859       12            516          2 

Disk usage stats:
       JobID  MaxDiskRead MaxDiskReadTask    AveDiskRead MaxDiskWrite MaxDiskWriteTask   AveDiskWrite 
------------ ------------ --------------- -------------- ------------ ---------------- -------------- 
141703                                                                                                
141703.batch       47.86M               0         47.86M        2.32M                0          2.32M 
141703.exte+        0.00M               2          0.00M            0                2              0 
141703.0         2262.69M               1         10.09M     2775.94M                1          5.60M 

Job 141703 completed at Mon Jan 11 11:35:02 CET 2021
-------------------------------------------------------------------------
 CESM BUILDNML SCRIPT STARTING
 - To prestage restarts, untar a restart.tar file into /cluster/work/users/earnest/noresm/CESM112_OA_f09_5n/run
CAM writing dry deposition namelist to drv_flds_in 
CAM writing namelist to atm_in 
CLM configure done.
CLM adding use_case 20thC_transient defaults for var clm_demand with val fpftdyn 
CLM adding use_case 20thC_transient defaults for var clm_start_type with val startup 
CLM adding use_case 20thC_transient defaults for var model_year_align_ndep with val 1850 
CLM adding use_case 20thC_transient defaults for var sim_year with val 1850 
CLM adding use_case 20thC_transient defaults for var sim_year_range with val 1850-2000 
CLM adding use_case 20thC_transient defaults for var stream_year_first_ndep with val 1850 
CLM adding use_case 20thC_transient defaults for var stream_year_last_ndep with val 2005 
CLM adding use_case 20thC_transient defaults for var use_case_desc with val Simulate transient land-use, aerosol deposition, and Nitrogen deposition changes from 1850 to 2005 
CICE configure done.
Getting init_ts_file_fmt from /cluster/work/users/earnest/noresm/CESM112_OA_f09_5n/run/rpointer.ocn.restart
POP2 build-namelist: ocn_grid is gx1v6 
POP2 build-namelist: ocn_tracer_modules are iage cfc 
River Transport Model (RTM) will be on 
  RTM lnd grid is 0.9x1.25 
  RTM rof grid is r05 
 CESM BUILDNML SCRIPT HAS FINISHED SUCCESSFULLY
-------------------------------------------------------------------------
-------------------------------------------------------------------------
 CESM PRESTAGE SCRIPT STARTING
 - Case input data directory, DIN_LOC_ROOT, is /cluster/shared/noresm/inputdata
 - Checking the existence of input datasets in DIN_LOC_ROOT
 
The following files were not found, this is informational only
Input Data List Files Found:
/cluster/home/earnest/models/NorCPM/cases/CESM112_OA_f09_5n/Buildconf/rtm.input_data_list
/cluster/home/earnest/models/NorCPM/cases/CESM112_OA_f09_5n/Buildconf/cam.input_data_list
/cluster/home/earnest/models/NorCPM/cases/CESM112_OA_f09_5n/Buildconf/cpl.input_data_list
/cluster/home/earnest/models/NorCPM/cases/CESM112_OA_f09_5n/Buildconf/cice.input_data_list
/cluster/home/earnest/models/NorCPM/cases/CESM112_OA_f09_5n/Buildconf/pop2.input_data_list
/cluster/home/earnest/models/NorCPM/cases/CESM112_OA_f09_5n/Buildconf/clm.input_data_list
File status unknown: cesm_hist_19500101_mem01.rtm.r.1980-01-01-00000.nc 
File status unknown: cesm_hist_19500101_mem01.cam.i.1980-01-01-00000.nc 
File status unknown: same_as_TS 
File status unknown: cesm_hist_19500101_mem01.clm2.r.1980-01-01-00000.nc 
 
 CESM PRESTAGE SCRIPT HAS FINISHED SUCCESSFULLY
-------------------------------------------------------------------------
Mon Jan 11 11:35:36 CET 2021 -- CSM EXECUTION BEGINS HERE
Mon Jan 11 11:37:04 CET 2021 -- CSM EXECUTION HAS FINISHED
Model did not complete - see /cluster/work/users/earnest/noresm/CESM112_OA_f09_5n/run/cpl.log.210111-113504

Task and CPU usage stats:
       JobID    JobName  AllocCPUS   NTasks     MinCPU MinCPUTask     AveCPU    Elapsed ExitCode 
------------ ---------- ---------- -------- ---------- ---------- ---------- ---------- -------- 
141705        C1_OA_f09       1024                                             00:02:05    127:0 
141705.batch      batch        128        1   00:00:00          0   00:00:00   00:02:05    127:0 
141705.exte+     extern       1024        8   00:00:00          2   00:00:00   00:02:05      0:0 
141705.0       cesm.exe       1024     1024   00:01:01          1   00:01:21   00:01:28      0:9 

Memory usage stats:
       JobID     MaxRSS MaxRSSTask     AveRSS MaxPages   MaxPagesTask   AvePages 
------------ ---------- ---------- ---------- -------- -------------- ---------- 
141705                                                                           
141705.batch      7853K          0      7853K       15              0         15 
141705.exte+       803K          4     819584        3              5          1 
141705.0        619714K          1  417271793       14            684          2 

Disk usage stats:
       JobID  MaxDiskRead MaxDiskReadTask    AveDiskRead MaxDiskWrite MaxDiskWriteTask   AveDiskWrite 
------------ ------------ --------------- -------------- ------------ ---------------- -------------- 
141705                                                                                                
141705.batch       47.88M               0         47.88M        2.33M                0          2.33M 
141705.exte+        0.00M               2          0.00M            0                2              0 
141705.0         3732.83M               1         17.25M     2166.98M              960          6.76M 

Job 141705 completed at Mon Jan 11 11:37:05 CET 2021
Starting job 141747 on b[4171-4172,4179-4180,4190-4193] at Mon Jan 11 13:20:12 CET 2021

-------------------------------------------------------------------------
 CESM BUILDNML SCRIPT STARTING
 - To prestage restarts, untar a restart.tar file into /cluster/work/users/earnest/noresm/CESM112_OA_f09_5n/run
CAM writing dry deposition namelist to drv_flds_in 
CAM writing namelist to atm_in 
CLM configure done.
CLM adding use_case 20thC_transient defaults for var clm_demand with val fpftdyn 
CLM adding use_case 20thC_transient defaults for var clm_start_type with val startup 
CLM adding use_case 20thC_transient defaults for var model_year_align_ndep with val 1850 
CLM adding use_case 20thC_transient defaults for var sim_year with val 1850 
CLM adding use_case 20thC_transient defaults for var sim_year_range with val 1850-2000 
CLM adding use_case 20thC_transient defaults for var stream_year_first_ndep with val 1850 
CLM adding use_case 20thC_transient defaults for var stream_year_last_ndep with val 2005 
CLM adding use_case 20thC_transient defaults for var use_case_desc with val Simulate transient land-use, aerosol deposition, and Nitrogen deposition changes from 1850 to 2005 
CICE configure done.
Getting init_ts_file_fmt from /cluster/work/users/earnest/noresm/CESM112_OA_f09_5n/run/rpointer.ocn.restart
POP2 build-namelist: ocn_grid is gx1v6 
POP2 build-namelist: ocn_tracer_modules are iage cfc 
River Transport Model (RTM) will be on 
  RTM lnd grid is 0.9x1.25 
  RTM rof grid is r05 
 CESM BUILDNML SCRIPT HAS FINISHED SUCCESSFULLY
-------------------------------------------------------------------------
-------------------------------------------------------------------------
 CESM PRESTAGE SCRIPT STARTING
 - Case input data directory, DIN_LOC_ROOT, is /cluster/shared/noresm/inputdata
 - Checking the existence of input datasets in DIN_LOC_ROOT
 
The following files were not found, this is informational only
Input Data List Files Found:
/cluster/home/earnest/models/NorCPM/cases/CESM112_OA_f09_5n/Buildconf/rtm.input_data_list
/cluster/home/earnest/models/NorCPM/cases/CESM112_OA_f09_5n/Buildconf/cam.input_data_list
/cluster/home/earnest/models/NorCPM/cases/CESM112_OA_f09_5n/Buildconf/cpl.input_data_list
/cluster/home/earnest/models/NorCPM/cases/CESM112_OA_f09_5n/Buildconf/cice.input_data_list
/cluster/home/earnest/models/NorCPM/cases/CESM112_OA_f09_5n/Buildconf/pop2.input_data_list
/cluster/home/earnest/models/NorCPM/cases/CESM112_OA_f09_5n/Buildconf/clm.input_data_list
File status unknown: cesm_hist_19500101_mem01.rtm.r.1980-01-01-00000.nc 
File status unknown: cesm_hist_19500101_mem01.cam.i.1980-01-01-00000.nc 
File status unknown: same_as_TS 
File status unknown: cesm_hist_19500101_mem01.clm2.r.1980-01-01-00000.nc 
 
 CESM PRESTAGE SCRIPT HAS FINISHED SUCCESSFULLY
-------------------------------------------------------------------------
Mon Jan 11 13:20:48 CET 2021 -- CSM EXECUTION BEGINS HERE
Mon Jan 11 13:21:15 CET 2021 -- CSM EXECUTION HAS FINISHED
Model did not complete - see /cluster/work/users/earnest/noresm/CESM112_OA_f09_5n/run/cpl.log.210111-113504

Task and CPU usage stats:
       JobID    JobName  AllocCPUS   NTasks     MinCPU MinCPUTask     AveCPU    Elapsed ExitCode 
------------ ---------- ---------- -------- ---------- ---------- ---------- ---------- -------- 
141747        C1_OA_f09       1024                                             00:01:03    127:0 
141747.batch      batch        128        1   00:00:00          0   00:00:00   00:01:03    127:0 
141747.exte+     extern       1024        8   00:00:00          5   00:00:00   00:01:03      0:0 
141747.0       cesm.exe       1024     1024   00:00:09        347   00:00:13   00:00:27      0:9 

Memory usage stats:
       JobID     MaxRSS MaxRSSTask     AveRSS MaxPages   MaxPagesTask   AvePages 
------------ ---------- ---------- ---------- -------- -------------- ---------- 
141747                                                                           
141747.batch      7738K          0      7738K       14              0         14 
141747.exte+       804K          0     820096        1              5          1 
141747.0         59233K        897   54661476       13            154          1 

Disk usage stats:
       JobID  MaxDiskRead MaxDiskReadTask    AveDiskRead MaxDiskWrite MaxDiskWriteTask   AveDiskWrite 
------------ ------------ --------------- -------------- ------------ ---------------- -------------- 
141747                                                                                                
141747.batch       46.17M               0         46.17M        0.68M                0          0.68M 
141747.exte+        0.00M               5          0.00M            0                5              0 
141747.0            3.70M             273          3.63M        1.05M              269          1.05M 

Job 141747 completed at Mon Jan 11 13:21:15 CET 2021
Starting job 141801 on b[2381-2384,2390-2393] at Mon Jan 11 14:57:19 CET 2021

-------------------------------------------------------------------------
 CESM BUILDNML SCRIPT STARTING
 - To prestage restarts, untar a restart.tar file into /cluster/work/users/earnest/noresm/CESM112_OA_f09_5n/run
CAM writing dry deposition namelist to drv_flds_in 
CAM writing namelist to atm_in 
CLM configure done.
CLM adding use_case 20thC_transient defaults for var clm_demand with val fpftdyn 
CLM adding use_case 20thC_transient defaults for var clm_start_type with val startup 
CLM adding use_case 20thC_transient defaults for var model_year_align_ndep with val 1850 
CLM adding use_case 20thC_transient defaults for var sim_year with val 1850 
CLM adding use_case 20thC_transient defaults for var sim_year_range with val 1850-2000 
CLM adding use_case 20thC_transient defaults for var stream_year_first_ndep with val 1850 
CLM adding use_case 20thC_transient defaults for var stream_year_last_ndep with val 2005 
CLM adding use_case 20thC_transient defaults for var use_case_desc with val Simulate transient land-use, aerosol deposition, and Nitrogen deposition changes from 1850 to 2005 
CICE configure done.
Getting init_ts_file_fmt from /cluster/work/users/earnest/noresm/CESM112_OA_f09_5n/run/rpointer.ocn.restart
POP2 build-namelist: ocn_grid is gx1v6 
POP2 build-namelist: ocn_tracer_modules are iage cfc 
Setting initial CFCs based on starting the run in 1980
River Transport Model (RTM) will be on 
  RTM lnd grid is 0.9x1.25 
  RTM rof grid is r05 
 CESM BUILDNML SCRIPT HAS FINISHED SUCCESSFULLY
-------------------------------------------------------------------------
-------------------------------------------------------------------------
 CESM PRESTAGE SCRIPT STARTING
 - Case input data directory, DIN_LOC_ROOT, is /cluster/shared/noresm/inputdata
 - Checking the existence of input datasets in DIN_LOC_ROOT
 
The following files were not found, this is informational only
Input Data List Files Found:
/cluster/home/earnest/models/NorCPM/cases/CESM112_OA_f09_5n/Buildconf/rtm.input_data_list
/cluster/home/earnest/models/NorCPM/cases/CESM112_OA_f09_5n/Buildconf/cam.input_data_list
/cluster/home/earnest/models/NorCPM/cases/CESM112_OA_f09_5n/Buildconf/cpl.input_data_list
/cluster/home/earnest/models/NorCPM/cases/CESM112_OA_f09_5n/Buildconf/cice.input_data_list
/cluster/home/earnest/models/NorCPM/cases/CESM112_OA_f09_5n/Buildconf/pop2.input_data_list
/cluster/home/earnest/models/NorCPM/cases/CESM112_OA_f09_5n/Buildconf/clm.input_data_list
File status unknown: cesm_hist_19500101_mem01.rtm.r.1980-01-01-00000.nc 
File status unknown: cesm_hist_19500101_mem01.cam.i.1980-01-01-00000.nc 
File status unknown: same_as_TS 
File status unknown: cesm_hist_19500101_mem01.clm2.r.1980-01-01-00000.nc 
 
 CESM PRESTAGE SCRIPT HAS FINISHED SUCCESSFULLY
-------------------------------------------------------------------------
Mon Jan 11 14:57:57 CET 2021 -- CSM EXECUTION BEGINS HERE
Mon Jan 11 14:59:38 CET 2021 -- CSM EXECUTION HAS FINISHED
(seq_mct_drv): ===============       SUCCESSFUL TERMINATION OF CPL7-CCSM ===============
Archiving ccsm output to /cluster/work/users/earnest/archive/CESM112_OA_f09_5n
Calling the short-term archiving script st_archive.sh

st_archive.sh: start of short-term archiving
st_archive.sh: restart files from end of run will be saved, 
               interim restart files will be deleted
get_inst_suffixa 1 1 
get_inst_suffixb 1 1 
get_inst_suffixa 1 1 
get_inst_suffixb 1 1 
get_inst_suffixa 1 1 
get_inst_suffixb 1 1 
get_inst_suffixa 1 1 
get_inst_suffixb 1 1 
get_inst_suffixa 1 1 
get_inst_suffixb 1 1 
get_inst_suffixa 1 1 
get_inst_suffixb 1 1 
st_archive.sh: short-term archiving completed successfully
RESUBMIT is now 498
Submitted batch job 141804
Starting job 141804 on b[1111-1118] at Mon Jan 11 14:59:44 CET 2021


Task and CPU usage stats:
       JobID    JobName  AllocCPUS   NTasks     MinCPU MinCPUTask     AveCPU    Elapsed ExitCode 
------------ ---------- ---------- -------- ---------- ---------- ---------- ---------- -------- 
141801        C1_OA_f09       1024                                             00:02:26      0:0 
141801.batch      batch        128        1   00:00:02          0   00:00:02   00:02:26      0:0 
141801.exte+     extern       1024        8   00:00:00          4   00:00:00   00:02:27      0:0 
141801.0       cesm.exe       1024     1024   00:01:15          1   00:01:35   00:01:41      0:0 

Memory usage stats:
       JobID     MaxRSS MaxRSSTask     AveRSS MaxPages   MaxPagesTask   AvePages 
------------ ---------- ---------- ---------- -------- -------------- ---------- 
141801                                                                           
141801.batch      8104K          0      8104K       15              0          4 
141801.exte+       813K          6     741248        3              4          2 
141801.0        644334K          1  415845583       14            652          2 

Disk usage stats:
       JobID  MaxDiskRead MaxDiskReadTask    AveDiskRead MaxDiskWrite MaxDiskWriteTask   AveDiskWrite 
------------ ------------ --------------- -------------- ------------ ---------------- -------------- 
141801                                                                                                
141801.batch     2712.52M               0       2712.52M     2655.43M                0       2655.43M 
141801.exte+        0.00M               4          0.00M            0                4              0 
141801.0         2262.73M               1         10.09M     2849.33M                1          5.67M 

Job 141801 completed at Mon Jan 11 14:59:46 CET 2021
-------------------------------------------------------------------------
 CESM BUILDNML SCRIPT STARTING
 - To prestage restarts, untar a restart.tar file into /cluster/work/users/earnest/noresm/CESM112_OA_f09_5n/run
CAM writing dry deposition namelist to drv_flds_in 
CAM writing namelist to atm_in 
CLM configure done.
CLM adding use_case 20thC_transient defaults for var clm_demand with val fpftdyn 
CLM adding use_case 20thC_transient defaults for var clm_start_type with val startup 
CLM adding use_case 20thC_transient defaults for var model_year_align_ndep with val 1850 
CLM adding use_case 20thC_transient defaults for var sim_year with val 1850 
CLM adding use_case 20thC_transient defaults for var sim_year_range with val 1850-2000 
CLM adding use_case 20thC_transient defaults for var stream_year_first_ndep with val 1850 
CLM adding use_case 20thC_transient defaults for var stream_year_last_ndep with val 2005 
CLM adding use_case 20thC_transient defaults for var use_case_desc with val Simulate transient land-use, aerosol deposition, and Nitrogen deposition changes from 1850 to 2005 
CICE configure done.
Getting init_ts_file_fmt from /cluster/work/users/earnest/noresm/CESM112_OA_f09_5n/run/rpointer.ocn.restart
POP2 build-namelist: ocn_grid is gx1v6 
POP2 build-namelist: ocn_tracer_modules are iage cfc 
River Transport Model (RTM) will be on 
  RTM lnd grid is 0.9x1.25 
  RTM rof grid is r05 
 CESM BUILDNML SCRIPT HAS FINISHED SUCCESSFULLY
-------------------------------------------------------------------------
-------------------------------------------------------------------------
 CESM PRESTAGE SCRIPT STARTING
 - Case input data directory, DIN_LOC_ROOT, is /cluster/shared/noresm/inputdata
 - Checking the existence of input datasets in DIN_LOC_ROOT
 
The following files were not found, this is informational only
Input Data List Files Found:
/cluster/home/earnest/models/NorCPM/cases/CESM112_OA_f09_5n/Buildconf/rtm.input_data_list
/cluster/home/earnest/models/NorCPM/cases/CESM112_OA_f09_5n/Buildconf/cam.input_data_list
/cluster/home/earnest/models/NorCPM/cases/CESM112_OA_f09_5n/Buildconf/cpl.input_data_list
/cluster/home/earnest/models/NorCPM/cases/CESM112_OA_f09_5n/Buildconf/cice.input_data_list
/cluster/home/earnest/models/NorCPM/cases/CESM112_OA_f09_5n/Buildconf/pop2.input_data_list
/cluster/home/earnest/models/NorCPM/cases/CESM112_OA_f09_5n/Buildconf/clm.input_data_list
File status unknown: cesm_hist_19500101_mem01.rtm.r.1980-01-01-00000.nc 
File status unknown: cesm_hist_19500101_mem01.cam.i.1980-01-01-00000.nc 
File status unknown: same_as_TS 
File status unknown: cesm_hist_19500101_mem01.clm2.r.1980-01-01-00000.nc 
 
 CESM PRESTAGE SCRIPT HAS FINISHED SUCCESSFULLY
-------------------------------------------------------------------------
Mon Jan 11 15:00:25 CET 2021 -- CSM EXECUTION BEGINS HERE
Mon Jan 11 15:01:56 CET 2021 -- CSM EXECUTION HAS FINISHED
Model did not complete - see /cluster/work/users/earnest/noresm/CESM112_OA_f09_5n/run/cpl.log.210111-145950

Task and CPU usage stats:
       JobID    JobName  AllocCPUS   NTasks     MinCPU MinCPUTask     AveCPU    Elapsed ExitCode 
------------ ---------- ---------- -------- ---------- ---------- ---------- ---------- -------- 
141804        C1_OA_f09       1024                                             00:02:12    127:0 
141804.batch      batch        128        1   00:00:00          0   00:00:00   00:02:12    127:0 
141804.exte+     extern       1024        8   00:00:00          3   00:00:00   00:02:12      0:0 
141804.0       cesm.exe       1024     1024   00:01:02          1   00:01:22   00:01:31      0:9 

Memory usage stats:
       JobID     MaxRSS MaxRSSTask     AveRSS MaxPages   MaxPagesTask   AvePages 
------------ ---------- ---------- ---------- -------- -------------- ---------- 
141804                                                                           
141804.batch     13617K          0     13617K       15              0         15 
141804.exte+       803K          3    801.50K        1              3          1 
141804.0        616352K          1  417389037       10            154          1 

Disk usage stats:
       JobID  MaxDiskRead MaxDiskReadTask    AveDiskRead MaxDiskWrite MaxDiskWriteTask   AveDiskWrite 
------------ ------------ --------------- -------------- ------------ ---------------- -------------- 
141804                                                                                                
141804.batch       47.80M               0         47.80M        2.27M                0          2.27M 
141804.exte+        0.00M               3          0.00M            0                3              0 
141804.0         3075.23M               1         16.61M     2166.98M              960          5.37M 

Job 141804 completed at Mon Jan 11 15:01:57 CET 2021
Starting job 141851 on b[1104,1106-1107,1140-1144] at Mon Jan 11 16:31:37 CET 2021

-------------------------------------------------------------------------
 CESM BUILDNML SCRIPT STARTING
 - To prestage restarts, untar a restart.tar file into /cluster/work/users/earnest/noresm/CESM112_OA_f09_5n/run
CAM writing dry deposition namelist to drv_flds_in 
CAM writing namelist to atm_in 
CLM configure done.
CLM adding use_case 20thC_transient defaults for var clm_demand with val fpftdyn 
CLM adding use_case 20thC_transient defaults for var clm_start_type with val startup 
CLM adding use_case 20thC_transient defaults for var model_year_align_ndep with val 1850 
CLM adding use_case 20thC_transient defaults for var sim_year with val 1850 
CLM adding use_case 20thC_transient defaults for var sim_year_range with val 1850-2000 
CLM adding use_case 20thC_transient defaults for var stream_year_first_ndep with val 1850 
CLM adding use_case 20thC_transient defaults for var stream_year_last_ndep with val 2005 
CLM adding use_case 20thC_transient defaults for var use_case_desc with val Simulate transient land-use, aerosol deposition, and Nitrogen deposition changes from 1850 to 2005 
CICE configure done.
Getting init_ts_file_fmt from /cluster/work/users/earnest/noresm/CESM112_OA_f09_5n/run/rpointer.ocn.restart
POP2 build-namelist: ocn_grid is gx1v6 
POP2 build-namelist: ocn_tracer_modules are iage cfc 
River Transport Model (RTM) will be on 
  RTM lnd grid is 0.9x1.25 
  RTM rof grid is r05 
 CESM BUILDNML SCRIPT HAS FINISHED SUCCESSFULLY
-------------------------------------------------------------------------
-------------------------------------------------------------------------
 CESM PRESTAGE SCRIPT STARTING
 - Case input data directory, DIN_LOC_ROOT, is /cluster/shared/noresm/inputdata
 - Checking the existence of input datasets in DIN_LOC_ROOT
 
The following files were not found, this is informational only
Input Data List Files Found:
/cluster/home/earnest/models/NorCPM/cases/CESM112_OA_f09_5n/Buildconf/rtm.input_data_list
/cluster/home/earnest/models/NorCPM/cases/CESM112_OA_f09_5n/Buildconf/cam.input_data_list
/cluster/home/earnest/models/NorCPM/cases/CESM112_OA_f09_5n/Buildconf/cpl.input_data_list
/cluster/home/earnest/models/NorCPM/cases/CESM112_OA_f09_5n/Buildconf/cice.input_data_list
/cluster/home/earnest/models/NorCPM/cases/CESM112_OA_f09_5n/Buildconf/pop2.input_data_list
/cluster/home/earnest/models/NorCPM/cases/CESM112_OA_f09_5n/Buildconf/clm.input_data_list
File status unknown: cesm_hist_19500101_mem01.rtm.r.1980-01-01-00000.nc 
File status unknown: cesm_hist_19500101_mem01.cam.i.1980-01-01-00000.nc 
File status unknown: same_as_TS 
File status unknown: cesm_hist_19500101_mem01.clm2.r.1980-01-01-00000.nc 
 
 CESM PRESTAGE SCRIPT HAS FINISHED SUCCESSFULLY
-------------------------------------------------------------------------
Mon Jan 11 16:32:14 CET 2021 -- CSM EXECUTION BEGINS HERE
Mon Jan 11 16:32:43 CET 2021 -- CSM EXECUTION HAS FINISHED
Model did not complete - see /cluster/work/users/earnest/noresm/CESM112_OA_f09_5n/run/cpl.log.210111-163141

Task and CPU usage stats:
       JobID    JobName  AllocCPUS   NTasks     MinCPU MinCPUTask     AveCPU    Elapsed ExitCode 
------------ ---------- ---------- -------- ---------- ---------- ---------- ---------- -------- 
141851        C1_OA_f09       1024                                             00:01:06    127:0 
141851.batch      batch        128        1   00:00:00          0   00:00:00   00:01:06    127:0 
141851.exte+     extern       1024        8   00:00:00          6   00:00:00   00:01:06      0:0 
141851.0       cesm.exe       1024     1024   00:00:14        274   00:00:23   00:00:29     46:0 

Memory usage stats:
       JobID     MaxRSS MaxRSSTask     AveRSS MaxPages   MaxPagesTask   AvePages 
------------ ---------- ---------- ---------- -------- -------------- ---------- 
141851                                                                           
141851.batch      7591K          0      7591K       15              0         15 
141851.exte+       803K          4     737024        3              7          1 
141851.0        167176K          1  132915591       13            983          2 

Disk usage stats:
       JobID  MaxDiskRead MaxDiskReadTask    AveDiskRead MaxDiskWrite MaxDiskWriteTask   AveDiskWrite 
------------ ------------ --------------- -------------- ------------ ---------------- -------------- 
141851                                                                                                
141851.batch       46.05M               0         46.05M        0.56M                0          0.56M 
141851.exte+        0.00M               6          0.00M            0                6              0 
141851.0            6.23M               1          5.92M        2.10M              768          2.10M 

Job 141851 completed at Mon Jan 11 16:32:43 CET 2021
Starting job 141852 on b[1104,1106-1107,1140-1144] at Mon Jan 11 16:33:36 CET 2021

-------------------------------------------------------------------------
 CESM BUILDNML SCRIPT STARTING
 - To prestage restarts, untar a restart.tar file into /cluster/work/users/earnest/noresm/CESM112_OA_f09_5n/run
CAM writing dry deposition namelist to drv_flds_in 
CAM writing namelist to atm_in 
CLM configure done.
CLM adding use_case 20thC_transient defaults for var clm_demand with val fpftdyn 
CLM adding use_case 20thC_transient defaults for var clm_start_type with val startup 
CLM adding use_case 20thC_transient defaults for var model_year_align_ndep with val 1850 
CLM adding use_case 20thC_transient defaults for var sim_year with val 1850 
CLM adding use_case 20thC_transient defaults for var sim_year_range with val 1850-2000 
CLM adding use_case 20thC_transient defaults for var stream_year_first_ndep with val 1850 
CLM adding use_case 20thC_transient defaults for var stream_year_last_ndep with val 2005 
CLM adding use_case 20thC_transient defaults for var use_case_desc with val Simulate transient land-use, aerosol deposition, and Nitrogen deposition changes from 1850 to 2005 
CICE configure done.
Getting init_ts_file_fmt from /cluster/work/users/earnest/noresm/CESM112_OA_f09_5n/run/rpointer.ocn.restart
POP2 build-namelist: ocn_grid is gx1v6 
POP2 build-namelist: ocn_tracer_modules are iage cfc 
Setting initial CFCs based on starting the run in 1980
River Transport Model (RTM) will be on 
  RTM lnd grid is 0.9x1.25 
  RTM rof grid is r05 
 CESM BUILDNML SCRIPT HAS FINISHED SUCCESSFULLY
-------------------------------------------------------------------------
-------------------------------------------------------------------------
 CESM PRESTAGE SCRIPT STARTING
 - Case input data directory, DIN_LOC_ROOT, is /cluster/shared/noresm/inputdata
 - Checking the existence of input datasets in DIN_LOC_ROOT
 
The following files were not found, this is informational only
Input Data List Files Found:
/cluster/home/earnest/models/NorCPM/cases/CESM112_OA_f09_5n/Buildconf/rtm.input_data_list
/cluster/home/earnest/models/NorCPM/cases/CESM112_OA_f09_5n/Buildconf/cam.input_data_list
/cluster/home/earnest/models/NorCPM/cases/CESM112_OA_f09_5n/Buildconf/cpl.input_data_list
/cluster/home/earnest/models/NorCPM/cases/CESM112_OA_f09_5n/Buildconf/cice.input_data_list
/cluster/home/earnest/models/NorCPM/cases/CESM112_OA_f09_5n/Buildconf/pop2.input_data_list
/cluster/home/earnest/models/NorCPM/cases/CESM112_OA_f09_5n/Buildconf/clm.input_data_list
File status unknown: cesm_hist_19500101_mem01.rtm.r.1980-01-01-00000.nc 
File status unknown: cesm_hist_19500101_mem01.cam.i.1980-01-01-00000.nc 
File status unknown: same_as_TS 
File status unknown: cesm_hist_19500101_mem01.clm2.r.1980-01-01-00000.nc 
 
 CESM PRESTAGE SCRIPT HAS FINISHED SUCCESSFULLY
-------------------------------------------------------------------------
Mon Jan 11 16:34:12 CET 2021 -- CSM EXECUTION BEGINS HERE
Mon Jan 11 16:35:48 CET 2021 -- CSM EXECUTION HAS FINISHED
(seq_mct_drv): ===============       SUCCESSFUL TERMINATION OF CPL7-CCSM ===============
Archiving ccsm output to /cluster/work/users/earnest/archive/CESM112_OA_f09_5n
Calling the short-term archiving script st_archive.sh

st_archive.sh: start of short-term archiving
st_archive.sh: restart files from end of run will be saved, 
               interim restart files will be deleted
get_inst_suffixa 1 1 
get_inst_suffixb 1 1 
get_inst_suffixa 1 1 
get_inst_suffixb 1 1 
get_inst_suffixa 1 1 
get_inst_suffixb 1 1 
get_inst_suffixa 1 1 
get_inst_suffixb 1 1 
get_inst_suffixa 1 1 
get_inst_suffixb 1 1 
get_inst_suffixa 1 1 
get_inst_suffixb 1 1 
st_archive.sh: short-term archiving completed successfully
RESUBMIT is now 497
Submitted batch job 141853
Starting job 141853 on b[1265-1272] at Mon Jan 11 16:35:54 CET 2021


Task and CPU usage stats:
       JobID    JobName  AllocCPUS   NTasks     MinCPU MinCPUTask     AveCPU    Elapsed ExitCode 
------------ ---------- ---------- -------- ---------- ---------- ---------- ---------- -------- 
141852        C1_OA_f09       1024                                             00:02:19      0:0 
141852.batch      batch        128        1   00:00:00          0   00:00:00   00:02:19      0:0 
141852.exte+     extern       1024        8   00:00:00          6   00:00:00   00:02:19      0:0 
141852.0       cesm.exe       1024     1024   00:01:06          1   00:01:29   00:01:36      0:0 

Memory usage stats:
       JobID     MaxRSS MaxRSSTask     AveRSS MaxPages   MaxPagesTask   AvePages 
------------ ---------- ---------- ---------- -------- -------------- ---------- 
141852                                                                           
141852.batch      7874K          0      7874K       15              0          4 
141852.exte+       803K          4     815872        3              3          1 
141852.0        643812K          1  415804873       13            464          3 

Disk usage stats:
       JobID  MaxDiskRead MaxDiskReadTask    AveDiskRead MaxDiskWrite MaxDiskWriteTask   AveDiskWrite 
------------ ------------ --------------- -------------- ------------ ---------------- -------------- 
141852                                                                                                
141852.batch       57.18M               0         57.18M        2.84M                0          2.84M 
141852.exte+        0.00M               6          0.00M            0                6              0 
141852.0         2262.69M               1         10.09M     2775.94M                1          5.60M 

Job 141852 completed at Mon Jan 11 16:35:56 CET 2021
-------------------------------------------------------------------------
 CESM BUILDNML SCRIPT STARTING
 - To prestage restarts, untar a restart.tar file into /cluster/work/users/earnest/noresm/CESM112_OA_f09_5n/run
CAM writing dry deposition namelist to drv_flds_in 
CAM writing namelist to atm_in 
CLM configure done.
CLM adding use_case 20thC_transient defaults for var clm_demand with val fpftdyn 
CLM adding use_case 20thC_transient defaults for var clm_start_type with val startup 
CLM adding use_case 20thC_transient defaults for var model_year_align_ndep with val 1850 
CLM adding use_case 20thC_transient defaults for var sim_year with val 1850 
CLM adding use_case 20thC_transient defaults for var sim_year_range with val 1850-2000 
CLM adding use_case 20thC_transient defaults for var stream_year_first_ndep with val 1850 
CLM adding use_case 20thC_transient defaults for var stream_year_last_ndep with val 2005 
CLM adding use_case 20thC_transient defaults for var use_case_desc with val Simulate transient land-use, aerosol deposition, and Nitrogen deposition changes from 1850 to 2005 
CICE configure done.
Getting init_ts_file_fmt from /cluster/work/users/earnest/noresm/CESM112_OA_f09_5n/run/rpointer.ocn.restart
POP2 build-namelist: ocn_grid is gx1v6 
POP2 build-namelist: ocn_tracer_modules are iage cfc 
River Transport Model (RTM) will be on 
  RTM lnd grid is 0.9x1.25 
  RTM rof grid is r05 
 CESM BUILDNML SCRIPT HAS FINISHED SUCCESSFULLY
-------------------------------------------------------------------------
-------------------------------------------------------------------------
 CESM PRESTAGE SCRIPT STARTING
 - Case input data directory, DIN_LOC_ROOT, is /cluster/shared/noresm/inputdata
 - Checking the existence of input datasets in DIN_LOC_ROOT
 
The following files were not found, this is informational only
Input Data List Files Found:
/cluster/home/earnest/models/NorCPM/cases/CESM112_OA_f09_5n/Buildconf/rtm.input_data_list
/cluster/home/earnest/models/NorCPM/cases/CESM112_OA_f09_5n/Buildconf/cam.input_data_list
/cluster/home/earnest/models/NorCPM/cases/CESM112_OA_f09_5n/Buildconf/cpl.input_data_list
/cluster/home/earnest/models/NorCPM/cases/CESM112_OA_f09_5n/Buildconf/cice.input_data_list
/cluster/home/earnest/models/NorCPM/cases/CESM112_OA_f09_5n/Buildconf/pop2.input_data_list
/cluster/home/earnest/models/NorCPM/cases/CESM112_OA_f09_5n/Buildconf/clm.input_data_list
File status unknown: cesm_hist_19500101_mem01.rtm.r.1980-01-01-00000.nc 
File status unknown: cesm_hist_19500101_mem01.cam.i.1980-01-01-00000.nc 
File status unknown: same_as_TS 
File status unknown: cesm_hist_19500101_mem01.clm2.r.1980-01-01-00000.nc 
 
 CESM PRESTAGE SCRIPT HAS FINISHED SUCCESSFULLY
-------------------------------------------------------------------------
Mon Jan 11 16:36:30 CET 2021 -- CSM EXECUTION BEGINS HERE
Mon Jan 11 16:37:57 CET 2021 -- CSM EXECUTION HAS FINISHED
Model did not complete - see /cluster/work/users/earnest/noresm/CESM112_OA_f09_5n/run/cpl.log.210111-163558

Task and CPU usage stats:
       JobID    JobName  AllocCPUS   NTasks     MinCPU MinCPUTask     AveCPU    Elapsed ExitCode 
------------ ---------- ---------- -------- ---------- ---------- ---------- ---------- -------- 
141853        C1_OA_f09       1024                                             00:02:04    127:0 
141853.batch      batch        128        1   00:00:00          0   00:00:00   00:02:04    127:0 
141853.exte+     extern       1024        8   00:00:00          3   00:00:00   00:02:04      0:0 
141853.0       cesm.exe       1024     1024   00:01:02          1   00:01:21   00:01:27      0:9 

Memory usage stats:
       JobID     MaxRSS MaxRSSTask     AveRSS MaxPages   MaxPagesTask   AvePages 
------------ ---------- ---------- ---------- -------- -------------- ---------- 
141853                                                                           
141853.batch      8031K          0      8031K       14              0         14 
141853.exte+       805K          0     820352        3              1          1 
141853.0        617094K          1  417506510       14            336          2 

Disk usage stats:
       JobID  MaxDiskRead MaxDiskReadTask    AveDiskRead MaxDiskWrite MaxDiskWriteTask   AveDiskWrite 
------------ ------------ --------------- -------------- ------------ ---------------- -------------- 
141853                                                                                                
141853.batch       47.99M               0         47.99M        2.44M                0          2.44M 
141853.exte+        0.00M               3          0.00M            0                3              0 
141853.0         3760.78M               1         17.28M     2166.98M              960          6.79M 

Job 141853 completed at Mon Jan 11 16:37:58 CET 2021
Starting job 141854 on b[1104,1106-1107,1140-1144] at Mon Jan 11 16:39:05 CET 2021

Starting job 141856 on b[1106-1107,1140-1145] at Mon Jan 11 16:43:09 CET 2021

-------------------------------------------------------------------------
 CESM BUILDNML SCRIPT STARTING
 - To prestage restarts, untar a restart.tar file into /cluster/work/users/earnest/noresm/CESM112_OA_f09_5n/run
CAM writing dry deposition namelist to drv_flds_in 
CAM writing namelist to atm_in 
CLM configure done.
CLM adding use_case 20thC_transient defaults for var clm_demand with val fpftdyn 
CLM adding use_case 20thC_transient defaults for var clm_start_type with val startup 
CLM adding use_case 20thC_transient defaults for var model_year_align_ndep with val 1850 
CLM adding use_case 20thC_transient defaults for var sim_year with val 1850 
CLM adding use_case 20thC_transient defaults for var sim_year_range with val 1850-2000 
CLM adding use_case 20thC_transient defaults for var stream_year_first_ndep with val 1850 
CLM adding use_case 20thC_transient defaults for var stream_year_last_ndep with val 2005 
CLM adding use_case 20thC_transient defaults for var use_case_desc with val Simulate transient land-use, aerosol deposition, and Nitrogen deposition changes from 1850 to 2005 
CICE configure done.
Getting init_ts_file_fmt from /cluster/work/users/earnest/noresm/CESM112_OA_f09_5n/run/rpointer.ocn.restart
POP2 build-namelist: ocn_grid is gx1v6 
POP2 build-namelist: ocn_tracer_modules are iage cfc 
Setting initial CFCs based on starting the run in 1980
River Transport Model (RTM) will be on 
  RTM lnd grid is 0.9x1.25 
  RTM rof grid is r05 
 CESM BUILDNML SCRIPT HAS FINISHED SUCCESSFULLY
-------------------------------------------------------------------------
-------------------------------------------------------------------------
 CESM PRESTAGE SCRIPT STARTING
 - Case input data directory, DIN_LOC_ROOT, is /cluster/shared/noresm/inputdata
 - Checking the existence of input datasets in DIN_LOC_ROOT
 
The following files were not found, this is informational only
Input Data List Files Found:
/cluster/home/earnest/models/NorCPM/cases/CESM112_OA_f09_5n/Buildconf/rtm.input_data_list
/cluster/home/earnest/models/NorCPM/cases/CESM112_OA_f09_5n/Buildconf/cam.input_data_list
/cluster/home/earnest/models/NorCPM/cases/CESM112_OA_f09_5n/Buildconf/cpl.input_data_list
/cluster/home/earnest/models/NorCPM/cases/CESM112_OA_f09_5n/Buildconf/cice.input_data_list
/cluster/home/earnest/models/NorCPM/cases/CESM112_OA_f09_5n/Buildconf/pop2.input_data_list
/cluster/home/earnest/models/NorCPM/cases/CESM112_OA_f09_5n/Buildconf/clm.input_data_list
File status unknown: cesm_hist_19500101_mem01.rtm.r.1980-01-01-00000.nc 
File status unknown: cesm_hist_19500101_mem01.cam.i.1980-01-01-00000.nc 
File status unknown: same_as_TS 
File status unknown: cesm_hist_19500101_mem01.clm2.r.1980-01-01-00000.nc 
 
 CESM PRESTAGE SCRIPT HAS FINISHED SUCCESSFULLY
-------------------------------------------------------------------------
Mon Jan 11 16:43:52 CET 2021 -- CSM EXECUTION BEGINS HERE
Mon Jan 11 16:45:29 CET 2021 -- CSM EXECUTION HAS FINISHED
(seq_mct_drv): ===============       SUCCESSFUL TERMINATION OF CPL7-CCSM ===============
Archiving ccsm output to /cluster/work/users/earnest/archive/CESM112_OA_f09_5n
Calling the short-term archiving script st_archive.sh

st_archive.sh: start of short-term archiving
st_archive.sh: restart files from end of run will be saved, 
               interim restart files will be deleted
get_inst_suffixa 1 1 
get_inst_suffixb 1 1 
get_inst_suffixa 1 1 
get_inst_suffixb 1 1 
get_inst_suffixa 1 1 
get_inst_suffixb 1 1 
get_inst_suffixa 1 1 
get_inst_suffixb 1 1 
get_inst_suffixa 1 1 
get_inst_suffixb 1 1 
get_inst_suffixa 1 1 
get_inst_suffixb 1 1 
st_archive.sh: short-term archiving completed successfully
RESUBMIT is now 496
Submitted batch job 141857
Starting job 141857 on b[1281-1288] at Mon Jan 11 16:45:35 CET 2021


Task and CPU usage stats:
       JobID    JobName  AllocCPUS   NTasks     MinCPU MinCPUTask     AveCPU    Elapsed ExitCode 
------------ ---------- ---------- -------- ---------- ---------- ---------- ---------- -------- 
141856        C1_OA_f09       1024                                             00:02:28      0:0 
141856.batch      batch        128        1   00:00:01          0   00:00:01   00:02:28      0:0 
141856.exte+     extern       1024        8   00:00:00          2   00:00:00   00:02:29      0:0 
141856.0       cesm.exe       1024     1024   00:01:13          1   00:01:30   00:01:37      0:0 

Memory usage stats:
       JobID     MaxRSS MaxRSSTask     AveRSS MaxPages   MaxPagesTask   AvePages 
------------ ---------- ---------- ---------- -------- -------------- ---------- 
141856                                                                           
141856.batch     14054K          0     14054K       14              0          3 
141856.exte+       803K          2    799.50K        3              2          1 
141856.0        630413K          1  416316131       11            330          2 

Disk usage stats:
       JobID  MaxDiskRead MaxDiskReadTask    AveDiskRead MaxDiskWrite MaxDiskWriteTask   AveDiskWrite 
------------ ------------ --------------- -------------- ------------ ---------------- -------------- 
141856                                                                                                
141856.batch     1621.80M               0       1621.80M     1564.70M                0       1564.70M 
141856.exte+        0.00M               2          0.00M            0                2              0 
141856.0         2262.77M               1         10.09M     2853.30M                1          5.67M 

Job 141856 completed at Mon Jan 11 16:45:37 CET 2021
-------------------------------------------------------------------------
 CESM BUILDNML SCRIPT STARTING
 - To prestage restarts, untar a restart.tar file into /cluster/work/users/earnest/noresm/CESM112_OA_f09_5n/run
CAM writing dry deposition namelist to drv_flds_in 
CAM writing namelist to atm_in 
CLM configure done.
CLM adding use_case 20thC_transient defaults for var clm_demand with val fpftdyn 
CLM adding use_case 20thC_transient defaults for var clm_start_type with val startup 
CLM adding use_case 20thC_transient defaults for var model_year_align_ndep with val 1850 
CLM adding use_case 20thC_transient defaults for var sim_year with val 1850 
CLM adding use_case 20thC_transient defaults for var sim_year_range with val 1850-2000 
CLM adding use_case 20thC_transient defaults for var stream_year_first_ndep with val 1850 
CLM adding use_case 20thC_transient defaults for var stream_year_last_ndep with val 2005 
CLM adding use_case 20thC_transient defaults for var use_case_desc with val Simulate transient land-use, aerosol deposition, and Nitrogen deposition changes from 1850 to 2005 
CICE configure done.
Getting init_ts_file_fmt from /cluster/work/users/earnest/noresm/CESM112_OA_f09_5n/run/rpointer.ocn.restart
POP2 build-namelist: ocn_grid is gx1v6 
POP2 build-namelist: ocn_tracer_modules are iage cfc 
River Transport Model (RTM) will be on 
  RTM lnd grid is 0.9x1.25 
  RTM rof grid is r05 
 CESM BUILDNML SCRIPT HAS FINISHED SUCCESSFULLY
-------------------------------------------------------------------------
-------------------------------------------------------------------------
 CESM PRESTAGE SCRIPT STARTING
 - Case input data directory, DIN_LOC_ROOT, is /cluster/shared/noresm/inputdata
 - Checking the existence of input datasets in DIN_LOC_ROOT
 
The following files were not found, this is informational only
Input Data List Files Found:
/cluster/home/earnest/models/NorCPM/cases/CESM112_OA_f09_5n/Buildconf/rtm.input_data_list
/cluster/home/earnest/models/NorCPM/cases/CESM112_OA_f09_5n/Buildconf/cam.input_data_list
/cluster/home/earnest/models/NorCPM/cases/CESM112_OA_f09_5n/Buildconf/cpl.input_data_list
/cluster/home/earnest/models/NorCPM/cases/CESM112_OA_f09_5n/Buildconf/cice.input_data_list
/cluster/home/earnest/models/NorCPM/cases/CESM112_OA_f09_5n/Buildconf/pop2.input_data_list
/cluster/home/earnest/models/NorCPM/cases/CESM112_OA_f09_5n/Buildconf/clm.input_data_list
File status unknown: cesm_hist_19500101_mem01.rtm.r.1980-01-01-00000.nc 
File status unknown: cesm_hist_19500101_mem01.cam.i.1980-01-01-00000.nc 
File status unknown: same_as_TS 
File status unknown: cesm_hist_19500101_mem01.clm2.r.1980-01-01-00000.nc 
 
 CESM PRESTAGE SCRIPT HAS FINISHED SUCCESSFULLY
-------------------------------------------------------------------------
Mon Jan 11 16:46:11 CET 2021 -- CSM EXECUTION BEGINS HERE
Mon Jan 11 16:47:36 CET 2021 -- CSM EXECUTION HAS FINISHED
Model did not complete - see /cluster/work/users/earnest/noresm/CESM112_OA_f09_5n/run/cpl.log.210111-164539

Task and CPU usage stats:
       JobID    JobName  AllocCPUS   NTasks     MinCPU MinCPUTask     AveCPU    Elapsed ExitCode 
------------ ---------- ---------- -------- ---------- ---------- ---------- ---------- -------- 
141857        C1_OA_f09       1024                                             00:02:01    127:0 
141857.batch      batch        128        1   00:00:00          0   00:00:00   00:02:01    127:0 
141857.exte+     extern       1024        8   00:00:00          2   00:00:00   00:02:01      0:0 
141857.0       cesm.exe       1024     1024   00:01:01          1   00:01:16   00:01:25      0:9 

Memory usage stats:
       JobID     MaxRSS MaxRSSTask     AveRSS MaxPages   MaxPagesTask   AvePages 
------------ ---------- ---------- ---------- -------- -------------- ---------- 
141857                                                                           
141857.batch      8239K          0      8239K       14              0         14 
141857.exte+       809K          7     820864        3              6          2 
141857.0        620635K          1  417365027       18            803          3 

Disk usage stats:
       JobID  MaxDiskRead MaxDiskReadTask    AveDiskRead MaxDiskWrite MaxDiskWriteTask   AveDiskWrite 
------------ ------------ --------------- -------------- ------------ ---------------- -------------- 
141857                                                                                                
141857.batch       47.80M               0         47.80M        2.27M                0          2.27M 
141857.exte+        0.00M               2          0.00M            0                2              0 
141857.0         3075.23M               1         16.61M     2166.98M              960          5.47M 

Job 141857 completed at Mon Jan 11 16:47:37 CET 2021

Task and CPU usage stats:
       JobID    JobName  AllocCPUS   NTasks     MinCPU MinCPUTask     AveCPU    Elapsed ExitCode 
------------ ---------- ---------- -------- ---------- ---------- ---------- ---------- -------- 
141854        C1_OA_f09       1024                                             00:03:01      0:0 
141854.batch      batch        128        1                                    00:10:03      0:0 
141854.exte+     extern       1024        8                                    00:03:01      0:0 

Memory usage stats:
       JobID     MaxRSS MaxRSSTask     AveRSS MaxPages   MaxPagesTask   AvePages 
------------ ---------- ---------- ---------- -------- -------------- ---------- 
141854                                                                           
141854.batch                                                                     
141854.exte+                                                                     

Disk usage stats:
       JobID  MaxDiskRead MaxDiskReadTask    AveDiskRead MaxDiskWrite MaxDiskWriteTask   AveDiskWrite 
------------ ------------ --------------- -------------- ------------ ---------------- -------------- 
141854                                                                                                
141854.batch                                                                                          
141854.exte+                                                                                          

Job 141854 completed at Mon Jan 11 16:49:08 CET 2021
