Starting job 706412 on b[3207,3209-3211] on betzy at Mon Sep 11 08:45:58 CEST 2023

Resetting modules to system default. Reseting $MODULEPATH back to system default. All extra directories will be removed from $MODULEPATH.

Currently Loaded Modules:
  1) StdEnv                            (S)
  2) GCCcore/9.3.0
  3) zlib/1.2.11-GCCcore-9.3.0         (H)
  4) binutils/2.34-GCCcore-9.3.0       (H)
  5) iccifort/2020.1.217
  6) numactl/2.0.13-GCCcore-9.3.0      (H)
  7) XZ/5.2.5-GCCcore-9.3.0            (H)
  8) libxml2/2.9.10-GCCcore-9.3.0      (H)
  9) libpciaccess/0.16-GCCcore-9.3.0   (H)
 10) hwloc/2.2.0-GCCcore-9.3.0         (H)
 11) hpcx/2.10
 12) OpenMPI/4.0.3-iccifort-2020.1.217
 13) iompi/2020a
 14) imkl/2020.1.217-iompi-2020a
 15) Szip/2.1.1-GCCcore-9.3.0          (H)
 16) HDF5/1.10.6-iompi-2020a
 17) cURL/7.69.1-GCCcore-9.3.0         (H)
 18) netCDF/4.7.4-iompi-2020a
 19) netCDF-Fortran/4.5.2-iompi-2020a

  Where:
   H:  Hidden Module
   S:  Module is Sticky, requires --force to unload or purge

 

-------------------------------------------------------------------------
 CESM BUILDNML SCRIPT STARTING
 - To prestage restarts, untar a restart.tar file into /cluster/work/users/earnest/noresm/C2_FC5_f09/run
Resetting modules to system default. Reseting $MODULEPATH back to system default. All extra directories will be removed from $MODULEPATH.

Currently Loaded Modules:
  1) StdEnv                            (S)
  2) GCCcore/9.3.0
  3) zlib/1.2.11-GCCcore-9.3.0         (H)
  4) binutils/2.34-GCCcore-9.3.0       (H)
  5) iccifort/2020.1.217
  6) numactl/2.0.13-GCCcore-9.3.0      (H)
  7) XZ/5.2.5-GCCcore-9.3.0            (H)
  8) libxml2/2.9.10-GCCcore-9.3.0      (H)
  9) libpciaccess/0.16-GCCcore-9.3.0   (H)
 10) hwloc/2.2.0-GCCcore-9.3.0         (H)
 11) hpcx/2.10
 12) OpenMPI/4.0.3-iccifort-2020.1.217
 13) iompi/2020a
 14) imkl/2020.1.217-iompi-2020a
 15) Szip/2.1.1-GCCcore-9.3.0          (H)
 16) HDF5/1.10.6-iompi-2020a
 17) cURL/7.69.1-GCCcore-9.3.0         (H)
 18) netCDF/4.7.4-iompi-2020a
 19) netCDF-Fortran/4.5.2-iompi-2020a

  Where:
   H:  Hidden Module
   S:  Module is Sticky, requires --force to unload or purge

 

Resetting modules to system default. Reseting $MODULEPATH back to system default. All extra directories will be removed from $MODULEPATH.

Currently Loaded Modules:
  1) StdEnv                            (S)
  2) GCCcore/9.3.0
  3) zlib/1.2.11-GCCcore-9.3.0         (H)
  4) binutils/2.34-GCCcore-9.3.0       (H)
  5) iccifort/2020.1.217
  6) numactl/2.0.13-GCCcore-9.3.0      (H)
  7) XZ/5.2.5-GCCcore-9.3.0            (H)
  8) libxml2/2.9.10-GCCcore-9.3.0      (H)
  9) libpciaccess/0.16-GCCcore-9.3.0   (H)
 10) hwloc/2.2.0-GCCcore-9.3.0         (H)
 11) hpcx/2.10
 12) OpenMPI/4.0.3-iccifort-2020.1.217
 13) iompi/2020a
 14) imkl/2020.1.217-iompi-2020a
 15) Szip/2.1.1-GCCcore-9.3.0          (H)
 16) HDF5/1.10.6-iompi-2020a
 17) cURL/7.69.1-GCCcore-9.3.0         (H)
 18) netCDF/4.7.4-iompi-2020a
 19) netCDF-Fortran/4.5.2-iompi-2020a

  Where:
   H:  Hidden Module
   S:  Module is Sticky, requires --force to unload or purge

 

Use of qw(...) as parentheses is deprecated at /cluster/projects/nn9385k/people/earnest/cesm1_1_2/models/drv/bld/build-namelist line 790.
CAM writing dry deposition namelist to drv_flds_in 
Writing ocean component namelist to ./docn_in 
CAM writing namelist to atm_in 
CLM configure done.
CLM adding use_case 2000_control defaults for var sim_year with val 2000 
CLM adding use_case 2000_control defaults for var sim_year_range with val constant 
CLM adding use_case 2000_control defaults for var use_case_desc with val Conditions to simulate 2000 land-use 
CICE configure done.
Resetting modules to system default. Reseting $MODULEPATH back to system default. All extra directories will be removed from $MODULEPATH.

Currently Loaded Modules:
  1) StdEnv                            (S)
  2) GCCcore/9.3.0
  3) zlib/1.2.11-GCCcore-9.3.0         (H)
  4) binutils/2.34-GCCcore-9.3.0       (H)
  5) iccifort/2020.1.217
  6) numactl/2.0.13-GCCcore-9.3.0      (H)
  7) XZ/5.2.5-GCCcore-9.3.0            (H)
  8) libxml2/2.9.10-GCCcore-9.3.0      (H)
  9) libpciaccess/0.16-GCCcore-9.3.0   (H)
 10) hwloc/2.2.0-GCCcore-9.3.0         (H)
 11) hpcx/2.10
 12) OpenMPI/4.0.3-iccifort-2020.1.217
 13) iompi/2020a
 14) imkl/2020.1.217-iompi-2020a
 15) Szip/2.1.1-GCCcore-9.3.0          (H)
 16) HDF5/1.10.6-iompi-2020a
 17) cURL/7.69.1-GCCcore-9.3.0         (H)
 18) netCDF/4.7.4-iompi-2020a
 19) netCDF-Fortran/4.5.2-iompi-2020a

  Where:
   H:  Hidden Module
   S:  Module is Sticky, requires --force to unload or purge

 

 CESM BUILDNML SCRIPT HAS FINISHED SUCCESSFULLY
-------------------------------------------------------------------------
-------------------------------------------------------------------------
 CESM PRESTAGE SCRIPT STARTING
 - Case input data directory, DIN_LOC_ROOT, is /cluster/shared/noresm/inputdata
 - Checking the existence of input datasets in DIN_LOC_ROOT
 
The following files were not found, this is informational only
Input Data List Files Found:
/cluster/home/earnest/models/NorCPM/cases/C2_FC5_f09/Buildconf/rtm.input_data_list
/cluster/home/earnest/models/NorCPM/cases/C2_FC5_f09/Buildconf/cam.input_data_list
/cluster/home/earnest/models/NorCPM/cases/C2_FC5_f09/Buildconf/docn.input_data_list
/cluster/home/earnest/models/NorCPM/cases/C2_FC5_f09/Buildconf/cpl.input_data_list
/cluster/home/earnest/models/NorCPM/cases/C2_FC5_f09/Buildconf/cice.input_data_list
/cluster/home/earnest/models/NorCPM/cases/C2_FC5_f09/Buildconf/clm.input_data_list
File status unknown: C1_FC5_f09.rtm.r.2022-01-01-00000.nc 
File status unknown: C1_FC5_f09.clm2.r.2022-01-01-00000.nc 
 
 CESM PRESTAGE SCRIPT HAS FINISHED SUCCESSFULLY
-------------------------------------------------------------------------
Mon Sep 11 08:46:35 CEST 2023 -- CSM EXECUTION BEGINS HERE
Mon Sep 11 08:46:35 CEST 2023 -- CSM EXECUTION HAS FINISHED
ls: No match.
Model did not complete - no cpl.log file present - exiting

Job 706412 consumed 5.4 billing hours from project nn9039k.

Submitted 2023-09-11T08:33:24; waited 12.6 minutes in the queue after becoming eligible to run.

Requested wallclock time: 15.0 hours
Elapsed wallclock time:   38.0 seconds

Task and CPU statistics:
ID            CPUs  Tasks  CPU util                Start  Elapsed  Exit status
706412         512            0.0 %  2023-09-11T08:45:57   38.0 s  255 (exit status out of range)
706412.batch   128      1     0.2 %  2023-09-11T08:45:57   38.0 s  255 (exit status out of range)

Used CPU time:   8.0 CPU seconds
Unused CPU time: 5.4 CPU hours

Memory statistics, in GiB:
ID             Alloc   Usage
706412         968.0        
706412.batch   242.0     0.0

Job 706412 completed at Mon Sep 11 08:46:35 CEST 2023
Starting job 706418 on b[4290,4293-4294,4296] on betzy at Mon Sep 11 09:13:56 CEST 2023

Resetting modules to system default. Reseting $MODULEPATH back to system default. All extra directories will be removed from $MODULEPATH.

Currently Loaded Modules:
  1) StdEnv                            (S)
  2) GCCcore/9.3.0
  3) zlib/1.2.11-GCCcore-9.3.0         (H)
  4) binutils/2.34-GCCcore-9.3.0       (H)
  5) iccifort/2020.1.217
  6) numactl/2.0.13-GCCcore-9.3.0      (H)
  7) XZ/5.2.5-GCCcore-9.3.0            (H)
  8) libxml2/2.9.10-GCCcore-9.3.0      (H)
  9) libpciaccess/0.16-GCCcore-9.3.0   (H)
 10) hwloc/2.2.0-GCCcore-9.3.0         (H)
 11) hpcx/2.10
 12) OpenMPI/4.0.3-iccifort-2020.1.217
 13) iompi/2020a
 14) imkl/2020.1.217-iompi-2020a
 15) Szip/2.1.1-GCCcore-9.3.0          (H)
 16) HDF5/1.10.6-iompi-2020a
 17) cURL/7.69.1-GCCcore-9.3.0         (H)
 18) netCDF/4.7.4-iompi-2020a
 19) netCDF-Fortran/4.5.2-iompi-2020a

  Where:
   H:  Hidden Module
   S:  Module is Sticky, requires --force to unload or purge

 

-------------------------------------------------------------------------
 CESM BUILDNML SCRIPT STARTING
 - To prestage restarts, untar a restart.tar file into /cluster/work/users/earnest/noresm/C2_FC5_f09/run
Resetting modules to system default. Reseting $MODULEPATH back to system default. All extra directories will be removed from $MODULEPATH.

Currently Loaded Modules:
  1) StdEnv                            (S)
  2) GCCcore/9.3.0
  3) zlib/1.2.11-GCCcore-9.3.0         (H)
  4) binutils/2.34-GCCcore-9.3.0       (H)
  5) iccifort/2020.1.217
  6) numactl/2.0.13-GCCcore-9.3.0      (H)
  7) XZ/5.2.5-GCCcore-9.3.0            (H)
  8) libxml2/2.9.10-GCCcore-9.3.0      (H)
  9) libpciaccess/0.16-GCCcore-9.3.0   (H)
 10) hwloc/2.2.0-GCCcore-9.3.0         (H)
 11) hpcx/2.10
 12) OpenMPI/4.0.3-iccifort-2020.1.217
 13) iompi/2020a
 14) imkl/2020.1.217-iompi-2020a
 15) Szip/2.1.1-GCCcore-9.3.0          (H)
 16) HDF5/1.10.6-iompi-2020a
 17) cURL/7.69.1-GCCcore-9.3.0         (H)
 18) netCDF/4.7.4-iompi-2020a
 19) netCDF-Fortran/4.5.2-iompi-2020a

  Where:
   H:  Hidden Module
   S:  Module is Sticky, requires --force to unload or purge

 

Resetting modules to system default. Reseting $MODULEPATH back to system default. All extra directories will be removed from $MODULEPATH.

Currently Loaded Modules:
  1) StdEnv                            (S)
  2) GCCcore/9.3.0
  3) zlib/1.2.11-GCCcore-9.3.0         (H)
  4) binutils/2.34-GCCcore-9.3.0       (H)
  5) iccifort/2020.1.217
  6) numactl/2.0.13-GCCcore-9.3.0      (H)
  7) XZ/5.2.5-GCCcore-9.3.0            (H)
  8) libxml2/2.9.10-GCCcore-9.3.0      (H)
  9) libpciaccess/0.16-GCCcore-9.3.0   (H)
 10) hwloc/2.2.0-GCCcore-9.3.0         (H)
 11) hpcx/2.10
 12) OpenMPI/4.0.3-iccifort-2020.1.217
 13) iompi/2020a
 14) imkl/2020.1.217-iompi-2020a
 15) Szip/2.1.1-GCCcore-9.3.0          (H)
 16) HDF5/1.10.6-iompi-2020a
 17) cURL/7.69.1-GCCcore-9.3.0         (H)
 18) netCDF/4.7.4-iompi-2020a
 19) netCDF-Fortran/4.5.2-iompi-2020a

  Where:
   H:  Hidden Module
   S:  Module is Sticky, requires --force to unload or purge

 

Use of qw(...) as parentheses is deprecated at /cluster/projects/nn9385k/people/earnest/cesm1_1_2/models/drv/bld/build-namelist line 790.
CAM writing dry deposition namelist to drv_flds_in 
Writing ocean component namelist to ./docn_in 
CAM writing namelist to atm_in 
CLM configure done.
CLM adding use_case 2000_control defaults for var sim_year with val 2000 
CLM adding use_case 2000_control defaults for var sim_year_range with val constant 
CLM adding use_case 2000_control defaults for var use_case_desc with val Conditions to simulate 2000 land-use 
CICE configure done.
Resetting modules to system default. Reseting $MODULEPATH back to system default. All extra directories will be removed from $MODULEPATH.

Currently Loaded Modules:
  1) StdEnv                            (S)
  2) GCCcore/9.3.0
  3) zlib/1.2.11-GCCcore-9.3.0         (H)
  4) binutils/2.34-GCCcore-9.3.0       (H)
  5) iccifort/2020.1.217
  6) numactl/2.0.13-GCCcore-9.3.0      (H)
  7) XZ/5.2.5-GCCcore-9.3.0            (H)
  8) libxml2/2.9.10-GCCcore-9.3.0      (H)
  9) libpciaccess/0.16-GCCcore-9.3.0   (H)
 10) hwloc/2.2.0-GCCcore-9.3.0         (H)
 11) hpcx/2.10
 12) OpenMPI/4.0.3-iccifort-2020.1.217
 13) iompi/2020a
 14) imkl/2020.1.217-iompi-2020a
 15) Szip/2.1.1-GCCcore-9.3.0          (H)
 16) HDF5/1.10.6-iompi-2020a
 17) cURL/7.69.1-GCCcore-9.3.0         (H)
 18) netCDF/4.7.4-iompi-2020a
 19) netCDF-Fortran/4.5.2-iompi-2020a

  Where:
   H:  Hidden Module
   S:  Module is Sticky, requires --force to unload or purge

 

 CESM BUILDNML SCRIPT HAS FINISHED SUCCESSFULLY
-------------------------------------------------------------------------
-------------------------------------------------------------------------
 CESM PRESTAGE SCRIPT STARTING
 - Case input data directory, DIN_LOC_ROOT, is /cluster/shared/noresm/inputdata
 - Checking the existence of input datasets in DIN_LOC_ROOT
 
The following files were not found, this is informational only
Input Data List Files Found:
/cluster/home/earnest/models/NorCPM/cases/C2_FC5_f09/Buildconf/rtm.input_data_list
/cluster/home/earnest/models/NorCPM/cases/C2_FC5_f09/Buildconf/cam.input_data_list
/cluster/home/earnest/models/NorCPM/cases/C2_FC5_f09/Buildconf/docn.input_data_list
/cluster/home/earnest/models/NorCPM/cases/C2_FC5_f09/Buildconf/cpl.input_data_list
/cluster/home/earnest/models/NorCPM/cases/C2_FC5_f09/Buildconf/cice.input_data_list
/cluster/home/earnest/models/NorCPM/cases/C2_FC5_f09/Buildconf/clm.input_data_list
File status unknown: C1_FC5_f09.rtm.r.2022-01-01-00000.nc 
File status unknown: C1_FC5_f09.clm2.r.2022-01-01-00000.nc 
 
 CESM PRESTAGE SCRIPT HAS FINISHED SUCCESSFULLY
-------------------------------------------------------------------------
Mon Sep 11 09:15:50 CEST 2023 -- CSM EXECUTION BEGINS HERE
Mon Sep 11 09:16:06 CEST 2023 -- CSM EXECUTION HAS FINISHED
Model did not complete - see /cluster/work/users/earnest/noresm/C2_FC5_f09/run/cpl.log.230911-091359

Job 706418 consumed 18.5 billing hours from project nn9039k.

Submitted 2023-09-11T09:12:38; waited 1.3 minutes in the queue after becoming eligible to run.

Requested wallclock time: 15.0 hours
Elapsed wallclock time:   2.2 minutes

Task and CPU statistics:
ID               CPUs  Tasks  CPU util                Start  Elapsed  Exit status
706418            512            0.0 %  2023-09-11T09:13:56  130.0 s  255 (exit status out of range)
706418.batch      128      1     0.0 %  2023-09-11T09:13:56  130.0 s  255 (exit status out of range)
706418.cesm.exe   512    512    79.5 %  2023-09-11T09:15:50   16.0 s  1

Used CPU time:   1.8 CPU hours
Unused CPU time: 16.7 CPU hours

Memory statistics, in GiB:
ID                Alloc   Usage
706418            968.0        
706418.batch      242.0     0.0
706418.cesm.exe   968.0    13.7

Job 706418 completed at Mon Sep 11 09:16:07 CEST 2023
Starting job 706453 on b[3168-3171] on betzy at Mon Sep 11 12:31:13 CEST 2023

Resetting modules to system default. Reseting $MODULEPATH back to system default. All extra directories will be removed from $MODULEPATH.

Currently Loaded Modules:
  1) StdEnv                            (S)
  2) GCCcore/9.3.0
  3) zlib/1.2.11-GCCcore-9.3.0         (H)
  4) binutils/2.34-GCCcore-9.3.0       (H)
  5) iccifort/2020.1.217
  6) numactl/2.0.13-GCCcore-9.3.0      (H)
  7) XZ/5.2.5-GCCcore-9.3.0            (H)
  8) libxml2/2.9.10-GCCcore-9.3.0      (H)
  9) libpciaccess/0.16-GCCcore-9.3.0   (H)
 10) hwloc/2.2.0-GCCcore-9.3.0         (H)
 11) hpcx/2.10
 12) OpenMPI/4.0.3-iccifort-2020.1.217
 13) iompi/2020a
 14) imkl/2020.1.217-iompi-2020a
 15) Szip/2.1.1-GCCcore-9.3.0          (H)
 16) HDF5/1.10.6-iompi-2020a
 17) cURL/7.69.1-GCCcore-9.3.0         (H)
 18) netCDF/4.7.4-iompi-2020a
 19) netCDF-Fortran/4.5.2-iompi-2020a

  Where:
   H:  Hidden Module
   S:  Module is Sticky, requires --force to unload or purge

 

-------------------------------------------------------------------------
 CESM BUILDNML SCRIPT STARTING
 - To prestage restarts, untar a restart.tar file into /cluster/work/users/earnest/noresm/C2_FC5_f09/run
Resetting modules to system default. Reseting $MODULEPATH back to system default. All extra directories will be removed from $MODULEPATH.

Currently Loaded Modules:
  1) StdEnv                            (S)
  2) GCCcore/9.3.0
  3) zlib/1.2.11-GCCcore-9.3.0         (H)
  4) binutils/2.34-GCCcore-9.3.0       (H)
  5) iccifort/2020.1.217
  6) numactl/2.0.13-GCCcore-9.3.0      (H)
  7) XZ/5.2.5-GCCcore-9.3.0            (H)
  8) libxml2/2.9.10-GCCcore-9.3.0      (H)
  9) libpciaccess/0.16-GCCcore-9.3.0   (H)
 10) hwloc/2.2.0-GCCcore-9.3.0         (H)
 11) hpcx/2.10
 12) OpenMPI/4.0.3-iccifort-2020.1.217
 13) iompi/2020a
 14) imkl/2020.1.217-iompi-2020a
 15) Szip/2.1.1-GCCcore-9.3.0          (H)
 16) HDF5/1.10.6-iompi-2020a
 17) cURL/7.69.1-GCCcore-9.3.0         (H)
 18) netCDF/4.7.4-iompi-2020a
 19) netCDF-Fortran/4.5.2-iompi-2020a

  Where:
   H:  Hidden Module
   S:  Module is Sticky, requires --force to unload or purge

 

Resetting modules to system default. Reseting $MODULEPATH back to system default. All extra directories will be removed from $MODULEPATH.

Currently Loaded Modules:
  1) StdEnv                            (S)
  2) GCCcore/9.3.0
  3) zlib/1.2.11-GCCcore-9.3.0         (H)
  4) binutils/2.34-GCCcore-9.3.0       (H)
  5) iccifort/2020.1.217
  6) numactl/2.0.13-GCCcore-9.3.0      (H)
  7) XZ/5.2.5-GCCcore-9.3.0            (H)
  8) libxml2/2.9.10-GCCcore-9.3.0      (H)
  9) libpciaccess/0.16-GCCcore-9.3.0   (H)
 10) hwloc/2.2.0-GCCcore-9.3.0         (H)
 11) hpcx/2.10
 12) OpenMPI/4.0.3-iccifort-2020.1.217
 13) iompi/2020a
 14) imkl/2020.1.217-iompi-2020a
 15) Szip/2.1.1-GCCcore-9.3.0          (H)
 16) HDF5/1.10.6-iompi-2020a
 17) cURL/7.69.1-GCCcore-9.3.0         (H)
 18) netCDF/4.7.4-iompi-2020a
 19) netCDF-Fortran/4.5.2-iompi-2020a

  Where:
   H:  Hidden Module
   S:  Module is Sticky, requires --force to unload or purge

 

Use of qw(...) as parentheses is deprecated at /cluster/projects/nn9385k/people/earnest/cesm1_1_2/models/drv/bld/build-namelist line 790.
CAM writing dry deposition namelist to drv_flds_in 
Writing ocean component namelist to ./docn_in 
CAM writing namelist to atm_in 
CLM configure done.
CLM adding use_case 2000_control defaults for var sim_year with val 2000 
CLM adding use_case 2000_control defaults for var sim_year_range with val constant 
CLM adding use_case 2000_control defaults for var use_case_desc with val Conditions to simulate 2000 land-use 
CICE configure done.
Resetting modules to system default. Reseting $MODULEPATH back to system default. All extra directories will be removed from $MODULEPATH.

Currently Loaded Modules:
  1) StdEnv                            (S)
  2) GCCcore/9.3.0
  3) zlib/1.2.11-GCCcore-9.3.0         (H)
  4) binutils/2.34-GCCcore-9.3.0       (H)
  5) iccifort/2020.1.217
  6) numactl/2.0.13-GCCcore-9.3.0      (H)
  7) XZ/5.2.5-GCCcore-9.3.0            (H)
  8) libxml2/2.9.10-GCCcore-9.3.0      (H)
  9) libpciaccess/0.16-GCCcore-9.3.0   (H)
 10) hwloc/2.2.0-GCCcore-9.3.0         (H)
 11) hpcx/2.10
 12) OpenMPI/4.0.3-iccifort-2020.1.217
 13) iompi/2020a
 14) imkl/2020.1.217-iompi-2020a
 15) Szip/2.1.1-GCCcore-9.3.0          (H)
 16) HDF5/1.10.6-iompi-2020a
 17) cURL/7.69.1-GCCcore-9.3.0         (H)
 18) netCDF/4.7.4-iompi-2020a
 19) netCDF-Fortran/4.5.2-iompi-2020a

  Where:
   H:  Hidden Module
   S:  Module is Sticky, requires --force to unload or purge

 

 CESM BUILDNML SCRIPT HAS FINISHED SUCCESSFULLY
-------------------------------------------------------------------------
-------------------------------------------------------------------------
 CESM PRESTAGE SCRIPT STARTING
 - Case input data directory, DIN_LOC_ROOT, is /cluster/shared/noresm/inputdata
 - Checking the existence of input datasets in DIN_LOC_ROOT
 
The following files were not found, this is informational only
Input Data List Files Found:
/cluster/home/earnest/models/NorCPM/cases/C2_FC5_f09/Buildconf/rtm.input_data_list
/cluster/home/earnest/models/NorCPM/cases/C2_FC5_f09/Buildconf/cam.input_data_list
/cluster/home/earnest/models/NorCPM/cases/C2_FC5_f09/Buildconf/docn.input_data_list
/cluster/home/earnest/models/NorCPM/cases/C2_FC5_f09/Buildconf/cpl.input_data_list
/cluster/home/earnest/models/NorCPM/cases/C2_FC5_f09/Buildconf/cice.input_data_list
/cluster/home/earnest/models/NorCPM/cases/C2_FC5_f09/Buildconf/clm.input_data_list
File status unknown: C1_FC5_f09.rtm.r.2022-01-01-00000.nc 
File status unknown: C1_FC5_f09.clm2.r.2022-01-01-00000.nc 
 
 CESM PRESTAGE SCRIPT HAS FINISHED SUCCESSFULLY
-------------------------------------------------------------------------
Mon Sep 11 12:31:52 CEST 2023 -- CSM EXECUTION BEGINS HERE
Mon Sep 11 14:10:29 CEST 2023 -- CSM EXECUTION HAS FINISHED
(seq_mct_drv): ===============       SUCCESSFUL TERMINATION OF CPL7-CCSM ===============
Resetting modules to system default. Reseting $MODULEPATH back to system default. All extra directories will be removed from $MODULEPATH.

Currently Loaded Modules:
  1) StdEnv                            (S)
  2) GCCcore/9.3.0
  3) zlib/1.2.11-GCCcore-9.3.0         (H)
  4) binutils/2.34-GCCcore-9.3.0       (H)
  5) iccifort/2020.1.217
  6) numactl/2.0.13-GCCcore-9.3.0      (H)
  7) XZ/5.2.5-GCCcore-9.3.0            (H)
  8) libxml2/2.9.10-GCCcore-9.3.0      (H)
  9) libpciaccess/0.16-GCCcore-9.3.0   (H)
 10) hwloc/2.2.0-GCCcore-9.3.0         (H)
 11) hpcx/2.10
 12) OpenMPI/4.0.3-iccifort-2020.1.217
 13) iompi/2020a
 14) imkl/2020.1.217-iompi-2020a
 15) Szip/2.1.1-GCCcore-9.3.0          (H)
 16) HDF5/1.10.6-iompi-2020a
 17) cURL/7.69.1-GCCcore-9.3.0         (H)
 18) netCDF/4.7.4-iompi-2020a
 19) netCDF-Fortran/4.5.2-iompi-2020a

  Where:
   H:  Hidden Module
   S:  Module is Sticky, requires --force to unload or purge

 

cp: No match.
Archiving ccsm output to /cluster/work/users/earnest/archive/C2_FC5_f09
Calling the short-term archiving script st_archive.sh

st_archive.sh: start of short-term archiving
mv: cannot stat ‘/cluster/work/users/earnest/archive/C2_FC5_f09/*’: No such file or directory
st_archive.sh: restart files from end of run will be saved, 
               interim restart files will be deleted
get_inst_suffixa 1 1 
get_inst_suffixb 1 1 
get_inst_suffixa 1 1 
get_inst_suffixb 1 1 
get_inst_suffixa 1 1 
get_inst_suffixb 1 1 
get_inst_suffixa 1 1 
get_inst_suffixb 1 1 
get_inst_suffixa 1 1 
get_inst_suffixb 1 1 
get_inst_suffixa 1 1 
get_inst_suffixb 1 1 
st_archive.sh: short-term archiving completed successfully
Resetting modules to system default. Reseting $MODULEPATH back to system default. All extra directories will be removed from $MODULEPATH.

Currently Loaded Modules:
  1) StdEnv                            (S)
  2) GCCcore/9.3.0
  3) zlib/1.2.11-GCCcore-9.3.0         (H)
  4) binutils/2.34-GCCcore-9.3.0       (H)
  5) iccifort/2020.1.217
  6) numactl/2.0.13-GCCcore-9.3.0      (H)
  7) XZ/5.2.5-GCCcore-9.3.0            (H)
  8) libxml2/2.9.10-GCCcore-9.3.0      (H)
  9) libpciaccess/0.16-GCCcore-9.3.0   (H)
 10) hwloc/2.2.0-GCCcore-9.3.0         (H)
 11) hpcx/2.10
 12) OpenMPI/4.0.3-iccifort-2020.1.217
 13) iompi/2020a
 14) imkl/2020.1.217-iompi-2020a
 15) Szip/2.1.1-GCCcore-9.3.0          (H)
 16) HDF5/1.10.6-iompi-2020a
 17) cURL/7.69.1-GCCcore-9.3.0         (H)
 18) netCDF/4.7.4-iompi-2020a
 19) netCDF-Fortran/4.5.2-iompi-2020a

  Where:
   H:  Hidden Module
   S:  Module is Sticky, requires --force to unload or purge

 


Job 706453 consumed 848.8 billing hours from project nn9039k.

Submitted 2023-09-11T11:04:20; waited 1.4 hours in the queue after becoming eligible to run.

Requested wallclock time: 15.0 hours
Elapsed wallclock time:   1.7 hours

Task and CPU statistics:
ID               CPUs  Tasks  CPU util                Start  Elapsed  Exit status
706453            512            0.0 %  2023-09-11T12:31:12    1.7 h  0
706453.batch      128      1     0.0 %  2023-09-11T12:31:12    1.7 h  0
706453.cesm.exe   512    512   100.2 %  2023-09-11T12:31:52    1.6 h  0

Used CPU time:   35.1 CPU days
Unused CPU time: 5.7 CPU hours

Memory statistics, in GiB:
ID                Alloc   Usage
706453            968.0        
706453.batch      242.0     0.0
706453.cesm.exe   968.0   165.7

Job 706453 completed at Mon Sep 11 14:10:42 CEST 2023
