Starting job 194155 on b[2389,2391-2393] at Mon Jun 14 20:57:24 CEST 2021

Run number 1 of 1
OMP_NUM_THREADS=1
CCSM_COMPSET=F_2000 (F)
COMP_ATM=cam
COMP_LND=clm
COMP_ICE=cice
COMP_GLC=sglc
COMP_OCN=docn
COMP_CPL=cpl
CCSM_LCOMPSET=F_2000
CCSM_SCOMPSET=F
COMP_RUN_BARRIERS=FALSE
COMP_INTERFACE=MCT
BUILD_COMPLETE=TRUE
SMP_BUILD=a0l0i0o0g0c0
SMP_VALUE=a0l0i0o0g0c0
CICE_DECOMPTYPE=cartesian
CICE_AUTO_DECOMP=true
EBDEVELIOMPI=/cluster/software/iompi/2020a/easybuild/iompi-2020a-easybuild-devel
EBROOTIOMPI=/cluster/software/iompi/2020a
EBVERSIONIOMPI=2020a
OMP_STACKSIZE=64M
-------------------------------------------------------------------------
 CCSM BUILDNML SCRIPT STARTING
 - To prestage restarts, untar a restart.tar file into /cluster/work/users/earnest/noresm/nA_pt00/run
 - Create modelio namelist input files
 CCSM BUILDNML SCRIPT HAS FINISHED SUCCESSFULLY
-------------------------------------------------------------------------
 CCSM PRESTAGE SCRIPT STARTING
 - CCSM input data directory, DIN_LOC_ROOT_CSMDATA, is /cluster/shared/noresm/inputdata
 - Case input data directory, DIN_LOC_ROOT, is /cluster/shared/noresm/inputdata
 - Checking the existence of input datasets in DIN_LOC_ROOT
 create link to inputdata folder in run directory
 CCSM PRESTAGE SCRIPT HAS FINISHED SUCCESSFULLY
Mon Jun 14 20:57:33 CEST 2021 -- CSM EXECUTION BEGINS HERE
Mon Jun 14 20:57:33 CEST 2021 -- CSM EXECUTION HAS FINISHED
Model did not complete - no cpl.log file present - exiting

Task and CPU usage stats:
       JobID    JobName  AllocCPUS   NTasks     MinCPU MinCPUTask     AveCPU    Elapsed ExitCode 
------------ ---------- ---------- -------- ---------- ---------- ---------- ---------- -------- 
194155          nA_pt00        512                                             00:00:09      1:0 
194155.batch      batch        128        1   00:00:00          0   00:00:00   00:00:09      1:0 
194155.exte+     extern        512        4   00:00:00          2   00:00:00   00:00:09      0:0 

Memory usage stats:
       JobID     MaxRSS MaxRSSTask     AveRSS MaxPages   MaxPagesTask   AvePages 
------------ ---------- ---------- ---------- -------- -------------- ---------- 
194155                                                                           
194155.batch      1770K          0      1770K        0              0          0 
194155.exte+       802K          1     619776        0              2          0 

Disk usage stats:
       JobID  MaxDiskRead MaxDiskReadTask    AveDiskRead MaxDiskWrite MaxDiskWriteTask   AveDiskWrite 
------------ ------------ --------------- -------------- ------------ ---------------- -------------- 
194155                                                                                                
194155.batch            0               0              0            0                0              0 
194155.exte+        0.00M               3          0.00M            0                2              0 

Job 194155 completed at Mon Jun 14 20:57:34 CEST 2021
Starting job 194157 on b[2389,2391-2393] at Mon Jun 14 20:59:03 CEST 2021

Run number 1 of 1
OMP_NUM_THREADS=1
CCSM_COMPSET=F_2000 (F)
COMP_ATM=cam
COMP_LND=clm
COMP_ICE=cice
COMP_GLC=sglc
COMP_OCN=docn
COMP_CPL=cpl
CCSM_LCOMPSET=F_2000
CCSM_SCOMPSET=F
COMP_RUN_BARRIERS=FALSE
COMP_INTERFACE=MCT
BUILD_COMPLETE=TRUE
SMP_BUILD=a0l0i0o0g0c0
SMP_VALUE=a0l0i0o0g0c0
CICE_DECOMPTYPE=cartesian
CICE_AUTO_DECOMP=true
EBDEVELIOMPI=/cluster/software/iompi/2020a/easybuild/iompi-2020a-easybuild-devel
EBROOTIOMPI=/cluster/software/iompi/2020a
EBVERSIONIOMPI=2020a
OMP_STACKSIZE=64M
-------------------------------------------------------------------------
 CCSM BUILDNML SCRIPT STARTING
 - To prestage restarts, untar a restart.tar file into /cluster/work/users/earnest/noresm/nA_pt00/run
 - Create modelio namelist input files
 CCSM BUILDNML SCRIPT HAS FINISHED SUCCESSFULLY
-------------------------------------------------------------------------
 CCSM PRESTAGE SCRIPT STARTING
 - CCSM input data directory, DIN_LOC_ROOT_CSMDATA, is /cluster/shared/noresm/inputdata
 - Case input data directory, DIN_LOC_ROOT, is /cluster/shared/noresm/inputdata
 - Checking the existence of input datasets in DIN_LOC_ROOT
 create link to inputdata folder in run directory
 CCSM PRESTAGE SCRIPT HAS FINISHED SUCCESSFULLY
Mon Jun 14 20:59:11 CEST 2021 -- CSM EXECUTION BEGINS HERE
Mon Jun 14 20:59:36 CEST 2021 -- CSM EXECUTION HAS FINISHED
Model did not complete - see /cluster/work/users/earnest/noresm/nA_pt00/run/cpl.log.210614-205908

Task and CPU usage stats:
       JobID    JobName  AllocCPUS   NTasks     MinCPU MinCPUTask     AveCPU    Elapsed ExitCode 
------------ ---------- ---------- -------- ---------- ---------- ---------- ---------- -------- 
194157          nA_pt00        512                                             00:00:33      1:0 
194157.batch      batch        128        1   00:00:00          0   00:00:00   00:00:33      1:0 
194157.exte+     extern        512        4   00:00:00          3   00:00:00   00:00:33      0:0 
194157.0       ccsm.exe         64       64   00:00:01          2   00:00:17   00:00:25      0:9 

Memory usage stats:
       JobID     MaxRSS MaxRSSTask     AveRSS MaxPages   MaxPagesTask   AvePages 
------------ ---------- ---------- ---------- -------- -------------- ---------- 
194157                                                                           
194157.batch      7391K          0      7391K       15              0         15 
194157.exte+       800K          3       799K        3              3          1 
194157.0        204754K          2  171104592       52             19         29 

Disk usage stats:
       JobID  MaxDiskRead MaxDiskReadTask    AveDiskRead MaxDiskWrite MaxDiskWriteTask   AveDiskWrite 
------------ ------------ --------------- -------------- ------------ ---------------- -------------- 
194157                                                                                                
194157.batch       23.15M               0         23.15M        0.28M                0          0.28M 
194157.exte+        0.00M               3          0.00M            0                3              0 
194157.0           82.99M               2          6.08M        2.28M                0          2.10M 

Job 194157 completed at Mon Jun 14 20:59:37 CEST 2021
Starting job 194158 on b[2389,2391-2393] at Mon Jun 14 21:00:12 CEST 2021

Run number 1 of 1
OMP_NUM_THREADS=1
CCSM_COMPSET=F_2000 (F)
COMP_ATM=cam
COMP_LND=clm
COMP_ICE=cice
COMP_GLC=sglc
COMP_OCN=docn
COMP_CPL=cpl
CCSM_LCOMPSET=F_2000
CCSM_SCOMPSET=F
COMP_RUN_BARRIERS=FALSE
COMP_INTERFACE=MCT
BUILD_COMPLETE=TRUE
SMP_BUILD=a0l0i0o0g0c0
SMP_VALUE=a0l0i0o0g0c0
CICE_DECOMPTYPE=cartesian
CICE_AUTO_DECOMP=true
EBDEVELIOMPI=/cluster/software/iompi/2020a/easybuild/iompi-2020a-easybuild-devel
EBROOTIOMPI=/cluster/software/iompi/2020a
EBVERSIONIOMPI=2020a
OMP_STACKSIZE=64M
-------------------------------------------------------------------------
 CCSM BUILDNML SCRIPT STARTING
 - To prestage restarts, untar a restart.tar file into /cluster/work/users/earnest/noresm/nA_pt00/run
 - Create modelio namelist input files
 CCSM BUILDNML SCRIPT HAS FINISHED SUCCESSFULLY
-------------------------------------------------------------------------
 CCSM PRESTAGE SCRIPT STARTING
 - CCSM input data directory, DIN_LOC_ROOT_CSMDATA, is /cluster/shared/noresm/inputdata
 - Case input data directory, DIN_LOC_ROOT, is /cluster/shared/noresm/inputdata
 - Checking the existence of input datasets in DIN_LOC_ROOT
 create link to inputdata folder in run directory
 CCSM PRESTAGE SCRIPT HAS FINISHED SUCCESSFULLY
Mon Jun 14 21:00:19 CEST 2021 -- CSM EXECUTION BEGINS HERE
Mon Jun 14 21:04:40 CEST 2021 -- CSM EXECUTION HAS FINISHED
(seq_mct_drv): ===============       SUCCESSFUL TERMINATION OF CPL7-CCSM ===============
Archiving ccsm output to /cluster/work/users/earnest/archive/nA_pt00
Calling the short-term archiving script st_archive.sh

st_archive.sh: start of short-term archiving
st_archive.sh: restart files from end of run will be saved, 
               interim restart files will be deleted
st_archive.sh: short-term archiving completed successfully

Task and CPU usage stats:
       JobID    JobName  AllocCPUS   NTasks     MinCPU MinCPUTask     AveCPU    Elapsed ExitCode 
------------ ---------- ---------- -------- ---------- ---------- ---------- ---------- -------- 
194158          nA_pt00        512                                             00:04:35      0:0 
194158.batch      batch        128        1   00:00:01          0   00:00:01   00:04:35      0:0 
194158.exte+     extern        512        4   00:00:00          3   00:00:00   00:04:35      0:0 
194158.0       ccsm.exe         64       64   00:03:50          2   00:04:17   00:04:21      0:0 

Memory usage stats:
       JobID     MaxRSS MaxRSSTask     AveRSS MaxPages   MaxPagesTask   AvePages 
------------ ---------- ---------- ---------- -------- -------------- ---------- 
194158                                                                           
194158.batch      7350K          0      7350K       15              0          5 
194158.exte+       804K          0     817408        1              3          1 
194158.0        324177K          2  249899312       49              0         34 

Disk usage stats:
       JobID  MaxDiskRead MaxDiskReadTask    AveDiskRead MaxDiskWrite MaxDiskWriteTask   AveDiskWrite 
------------ ------------ --------------- -------------- ------------ ---------------- -------------- 
194158                                                                                                
194158.batch       91.32M               0         91.32M       59.23M                0         59.23M 
194158.exte+        0.00M               3          0.00M            0                3              0 
194158.0          332.13M               2         12.35M      326.64M                2          8.87M 

Job 194158 completed at Mon Jun 14 21:04:46 CEST 2021
Starting job 194161 on b[2389,2391-2393] at Mon Jun 14 21:07:17 CEST 2021

Run number 1 of 1
OMP_NUM_THREADS=1
CCSM_COMPSET=F_2000 (F)
COMP_ATM=cam
COMP_LND=clm
COMP_ICE=cice
COMP_GLC=sglc
COMP_OCN=docn
COMP_CPL=cpl
CCSM_LCOMPSET=F_2000
CCSM_SCOMPSET=F
COMP_RUN_BARRIERS=FALSE
COMP_INTERFACE=MCT
BUILD_COMPLETE=TRUE
SMP_BUILD=a0l0i0o0g0c0
SMP_VALUE=a0l0i0o0g0c0
CICE_DECOMPTYPE=cartesian
CICE_AUTO_DECOMP=true
EBDEVELIOMPI=/cluster/software/iompi/2020a/easybuild/iompi-2020a-easybuild-devel
EBROOTIOMPI=/cluster/software/iompi/2020a
EBVERSIONIOMPI=2020a
OMP_STACKSIZE=64M
-------------------------------------------------------------------------
 CCSM BUILDNML SCRIPT STARTING
 - To prestage restarts, untar a restart.tar file into /cluster/work/users/earnest/noresm/nA_pt00/run
 - Create modelio namelist input files
 CCSM BUILDNML SCRIPT HAS FINISHED SUCCESSFULLY
-------------------------------------------------------------------------
 CCSM PRESTAGE SCRIPT STARTING
 - CCSM input data directory, DIN_LOC_ROOT_CSMDATA, is /cluster/shared/noresm/inputdata
 - Case input data directory, DIN_LOC_ROOT, is /cluster/shared/noresm/inputdata
 - Checking the existence of input datasets in DIN_LOC_ROOT
 create link to inputdata folder in run directory
 CCSM PRESTAGE SCRIPT HAS FINISHED SUCCESSFULLY
Mon Jun 14 21:07:26 CEST 2021 -- CSM EXECUTION BEGINS HERE
Mon Jun 14 21:11:40 CEST 2021 -- CSM EXECUTION HAS FINISHED
(seq_mct_drv): ===============       SUCCESSFUL TERMINATION OF CPL7-CCSM ===============
Archiving ccsm output to /cluster/work/users/earnest/archive/nA_pt00
Calling the short-term archiving script st_archive.sh

st_archive.sh: start of short-term archiving
st_archive.sh: restart files from end of run will be saved, 
               interim restart files will be deleted
st_archive.sh: short-term archiving completed successfully

Task and CPU usage stats:
       JobID    JobName  AllocCPUS   NTasks     MinCPU MinCPUTask     AveCPU    Elapsed ExitCode 
------------ ---------- ---------- -------- ---------- ---------- ---------- ---------- -------- 
194161          nA_pt00        512                                             00:04:30      0:0 
194161.batch      batch        128        1   00:00:01          0   00:00:01   00:04:30      0:0 
194161.exte+     extern        512        4   00:00:00          1   00:00:00   00:04:31      0:0 
194161.0       ccsm.exe         64       64   00:03:55          2   00:04:06   00:04:14      0:0 

Memory usage stats:
       JobID     MaxRSS MaxRSSTask     AveRSS MaxPages   MaxPagesTask   AvePages 
------------ ---------- ---------- ---------- -------- -------------- ---------- 
194161                                                                           
194161.batch      7438K          0      7438K       15              0         15 
194161.exte+       800K          3    797.50K        3              3          1 
194161.0        313401K          3  249073536       45             51         32 

Disk usage stats:
       JobID  MaxDiskRead MaxDiskReadTask    AveDiskRead MaxDiskWrite MaxDiskWriteTask   AveDiskWrite 
------------ ------------ --------------- -------------- ------------ ---------------- -------------- 
194161                                                                                                
194161.batch       23.70M               0         23.70M        0.78M                0          0.78M 
194161.exte+        0.00M               1          0.00M            0                1              0 
194161.0          351.18M               2         12.65M     1021.56M                2         19.75M 

Job 194161 completed at Mon Jun 14 21:11:47 CEST 2021
Starting job 194180 on b[1101,1104,1114,1127] at Mon Jun 14 22:24:51 CEST 2021

Run number 1 of 1
OMP_NUM_THREADS=1
CCSM_COMPSET=F_2000 (F)
COMP_ATM=cam
COMP_LND=clm
COMP_ICE=cice
COMP_GLC=sglc
COMP_OCN=docn
COMP_CPL=cpl
CCSM_LCOMPSET=F_2000
CCSM_SCOMPSET=F
COMP_RUN_BARRIERS=FALSE
COMP_INTERFACE=MCT
BUILD_COMPLETE=TRUE
SMP_BUILD=a0l0i0o0g0c0
SMP_VALUE=a0l0i0o0g0c0
CICE_DECOMPTYPE=cartesian
CICE_AUTO_DECOMP=true
EBDEVELIOMPI=/cluster/software/iompi/2020a/easybuild/iompi-2020a-easybuild-devel
EBROOTIOMPI=/cluster/software/iompi/2020a
EBVERSIONIOMPI=2020a
OMP_STACKSIZE=64M
-------------------------------------------------------------------------
 CCSM BUILDNML SCRIPT STARTING
 - To prestage restarts, untar a restart.tar file into /cluster/work/users/earnest/noresm/nA_pt00/run
 - Create modelio namelist input files
 CCSM BUILDNML SCRIPT HAS FINISHED SUCCESSFULLY
-------------------------------------------------------------------------
 CCSM PRESTAGE SCRIPT STARTING
 - CCSM input data directory, DIN_LOC_ROOT_CSMDATA, is /cluster/shared/noresm/inputdata
 - Case input data directory, DIN_LOC_ROOT, is /cluster/shared/noresm/inputdata
 - Checking the existence of input datasets in DIN_LOC_ROOT
 create link to inputdata folder in run directory
 CCSM PRESTAGE SCRIPT HAS FINISHED SUCCESSFULLY
Mon Jun 14 22:25:01 CEST 2021 -- CSM EXECUTION BEGINS HERE
Mon Jun 14 22:29:19 CEST 2021 -- CSM EXECUTION HAS FINISHED
(seq_mct_drv): ===============       SUCCESSFUL TERMINATION OF CPL7-CCSM ===============
Archiving ccsm output to /cluster/work/users/earnest/archive/nA_pt00
Calling the short-term archiving script st_archive.sh

st_archive.sh: start of short-term archiving
st_archive.sh: restart files from end of run will be saved, 
               interim restart files will be deleted
st_archive.sh: short-term archiving completed successfully

Task and CPU usage stats:
       JobID    JobName  AllocCPUS   NTasks     MinCPU MinCPUTask     AveCPU    Elapsed ExitCode 
------------ ---------- ---------- -------- ---------- ---------- ---------- ---------- -------- 
194180          nA_pt00        512                                             00:04:35      0:0 
194180.batch      batch        128        1   00:00:01          0   00:00:01   00:04:35      0:0 
194180.exte+     extern        512        4   00:00:00          1   00:00:00   00:04:35      0:0 
194180.0       ccsm.exe         64       64   00:03:54          2   00:04:06   00:04:18      0:0 

Memory usage stats:
       JobID     MaxRSS MaxRSSTask     AveRSS MaxPages   MaxPagesTask   AvePages 
------------ ---------- ---------- ---------- -------- -------------- ---------- 
194180                                                                           
194180.batch      7476K          0      7476K       15              0          5 
194180.exte+       798K          1    796.50K        1              1          1 
194180.0        313352K          3  249113936       42             62         24 

Disk usage stats:
       JobID  MaxDiskRead MaxDiskReadTask    AveDiskRead MaxDiskWrite MaxDiskWriteTask   AveDiskWrite 
------------ ------------ --------------- -------------- ------------ ---------------- -------------- 
194180                                                                                                
194180.batch       93.91M               0         93.91M       60.08M                0         60.08M 
194180.exte+        0.00M               1          0.00M            0                1              0 
194180.0          351.18M               2         12.65M     1021.56M                2         19.75M 

Job 194180 completed at Mon Jun 14 22:29:26 CEST 2021
Starting job 194319 on b[1393-1396] at Tue Jun 15 10:22:30 CEST 2021

Run number 1 of 1
OMP_NUM_THREADS=1
CCSM_COMPSET=F_2000 (F)
COMP_ATM=cam
COMP_LND=clm
COMP_ICE=cice
COMP_GLC=sglc
COMP_OCN=docn
COMP_CPL=cpl
CCSM_LCOMPSET=F_2000
CCSM_SCOMPSET=F
COMP_RUN_BARRIERS=FALSE
COMP_INTERFACE=MCT
BUILD_COMPLETE=TRUE
SMP_BUILD=a0l0i0o0g0c0
SMP_VALUE=a0l0i0o0g0c0
CICE_DECOMPTYPE=cartesian
CICE_AUTO_DECOMP=true
EBDEVELIOMPI=/cluster/software/iompi/2020a/easybuild/iompi-2020a-easybuild-devel
EBROOTIOMPI=/cluster/software/iompi/2020a
EBVERSIONIOMPI=2020a
OMP_STACKSIZE=64M
-------------------------------------------------------------------------
 CCSM BUILDNML SCRIPT STARTING
 - To prestage restarts, untar a restart.tar file into /cluster/work/users/earnest/noresm/nA_pt00/run
 - Create modelio namelist input files
 CCSM BUILDNML SCRIPT HAS FINISHED SUCCESSFULLY
-------------------------------------------------------------------------
 CCSM PRESTAGE SCRIPT STARTING
 - CCSM input data directory, DIN_LOC_ROOT_CSMDATA, is /cluster/shared/noresm/inputdata
 - Case input data directory, DIN_LOC_ROOT, is /cluster/shared/noresm/inputdata
 - Checking the existence of input datasets in DIN_LOC_ROOT
 create link to inputdata folder in run directory
 CCSM PRESTAGE SCRIPT HAS FINISHED SUCCESSFULLY
Tue Jun 15 10:22:38 CEST 2021 -- CSM EXECUTION BEGINS HERE
Tue Jun 15 10:26:52 CEST 2021 -- CSM EXECUTION HAS FINISHED
(seq_mct_drv): ===============       SUCCESSFUL TERMINATION OF CPL7-CCSM ===============
Archiving ccsm output to /cluster/work/users/earnest/archive/nA_pt00
Calling the short-term archiving script st_archive.sh

st_archive.sh: start of short-term archiving
st_archive.sh: restart files from end of run will be saved, 
               interim restart files will be deleted
st_archive.sh: short-term archiving completed successfully

Task and CPU usage stats:
       JobID    JobName  AllocCPUS   NTasks     MinCPU MinCPUTask     AveCPU    Elapsed ExitCode 
------------ ---------- ---------- -------- ---------- ---------- ---------- ---------- -------- 
194319          nA_pt00        512                                             00:04:28      0:0 
194319.batch      batch        128        1   00:00:01          0   00:00:01   00:04:28      0:0 
194319.exte+     extern        512        4   00:00:00          1   00:00:00   00:04:29      0:0 
194319.0       ccsm.exe         64       64   00:03:55          2   00:04:07   00:04:14      0:0 

Memory usage stats:
       JobID     MaxRSS MaxRSSTask     AveRSS MaxPages   MaxPagesTask   AvePages 
------------ ---------- ---------- ---------- -------- -------------- ---------- 
194319                                                                           
194319.batch      7394K          0      7394K       15              0         15 
194319.exte+       802K          3     645888        1              1          1 
194319.0        319993K          2  249566576       31             27         21 

Disk usage stats:
       JobID  MaxDiskRead MaxDiskReadTask    AveDiskRead MaxDiskWrite MaxDiskWriteTask   AveDiskWrite 
------------ ------------ --------------- -------------- ------------ ---------------- -------------- 
194319                                                                                                
194319.batch       23.74M               0         23.74M        0.78M                0          0.78M 
194319.exte+        0.00M               1          0.00M            0                1              0 
194319.0          351.18M               2         12.65M     1021.56M                2         19.75M 

Job 194319 completed at Tue Jun 15 10:26:59 CEST 2021
Starting job 194338 on b[4283,4289,4291-4292] at Tue Jun 15 10:58:16 CEST 2021

Run number 1 of 1
OMP_NUM_THREADS=1
CCSM_COMPSET=F_2000 (F)
COMP_ATM=cam
COMP_LND=clm
COMP_ICE=cice
COMP_GLC=sglc
COMP_OCN=docn
COMP_CPL=cpl
CCSM_LCOMPSET=F_2000
CCSM_SCOMPSET=F
COMP_RUN_BARRIERS=FALSE
COMP_INTERFACE=MCT
BUILD_COMPLETE=TRUE
SMP_BUILD=a0l0i0o0g0c0
SMP_VALUE=a0l0i0o0g0c0
CICE_DECOMPTYPE=cartesian
CICE_AUTO_DECOMP=true
EBDEVELIOMPI=/cluster/software/iompi/2020a/easybuild/iompi-2020a-easybuild-devel
EBROOTIOMPI=/cluster/software/iompi/2020a
EBVERSIONIOMPI=2020a
OMP_STACKSIZE=64M
-------------------------------------------------------------------------
 CCSM BUILDNML SCRIPT STARTING
 - To prestage restarts, untar a restart.tar file into /cluster/work/users/earnest/noresm/nA_pt00/run
 - Create modelio namelist input files
 CCSM BUILDNML SCRIPT HAS FINISHED SUCCESSFULLY
-------------------------------------------------------------------------
 CCSM PRESTAGE SCRIPT STARTING
 - CCSM input data directory, DIN_LOC_ROOT_CSMDATA, is /cluster/shared/noresm/inputdata
 - Case input data directory, DIN_LOC_ROOT, is /cluster/shared/noresm/inputdata
 - Checking the existence of input datasets in DIN_LOC_ROOT
 create link to inputdata folder in run directory
 CCSM PRESTAGE SCRIPT HAS FINISHED SUCCESSFULLY
Tue Jun 15 10:58:22 CEST 2021 -- CSM EXECUTION BEGINS HERE
Tue Jun 15 11:02:47 CEST 2021 -- CSM EXECUTION HAS FINISHED
(seq_mct_drv): ===============       SUCCESSFUL TERMINATION OF CPL7-CCSM ===============
Archiving ccsm output to /cluster/work/users/earnest/archive/nA_pt00
Calling the short-term archiving script st_archive.sh

st_archive.sh: start of short-term archiving
st_archive.sh: restart files from end of run will be saved, 
               interim restart files will be deleted
st_archive.sh: short-term archiving completed successfully

Task and CPU usage stats:
       JobID    JobName  AllocCPUS   NTasks     MinCPU MinCPUTask     AveCPU    Elapsed ExitCode 
------------ ---------- ---------- -------- ---------- ---------- ---------- ---------- -------- 
194338          nA_pt00        512                                             00:04:38      0:0 
194338.batch      batch        128        1   00:00:01          0   00:00:01   00:04:38      0:0 
194338.exte+     extern        512        4   00:00:00          1   00:00:00   00:04:38      0:0 
194338.0       ccsm.exe         64       64   00:04:10          2   00:04:21   00:04:25      0:0 

Memory usage stats:
       JobID     MaxRSS MaxRSSTask     AveRSS MaxPages   MaxPagesTask   AvePages 
------------ ---------- ---------- ---------- -------- -------------- ---------- 
194338                                                                           
194338.batch      7393K          0      7393K       15              0         15 
194338.exte+       800K          1       799K        1              1          1 
194338.0        313100K          3  248926576       41             48         29 

Disk usage stats:
       JobID  MaxDiskRead MaxDiskReadTask    AveDiskRead MaxDiskWrite MaxDiskWriteTask   AveDiskWrite 
------------ ------------ --------------- -------------- ------------ ---------------- -------------- 
194338                                                                                                
194338.batch       23.74M               0         23.74M        0.78M                0          0.78M 
194338.exte+        0.00M               1          0.00M            0                1              0 
194338.0          351.23M               2         12.65M     4314.40M                2         71.20M 

Job 194338 completed at Tue Jun 15 11:02:55 CEST 2021
Starting job 194351 on b[1101-1104] at Tue Jun 15 11:32:50 CEST 2021

Run number 1 of 1
OMP_NUM_THREADS=1
CCSM_COMPSET=F_2000 (F)
COMP_ATM=cam
COMP_LND=clm
COMP_ICE=cice
COMP_GLC=sglc
COMP_OCN=docn
COMP_CPL=cpl
CCSM_LCOMPSET=F_2000
CCSM_SCOMPSET=F
COMP_RUN_BARRIERS=FALSE
COMP_INTERFACE=MCT
BUILD_COMPLETE=TRUE
SMP_BUILD=a0l0i0o0g0c0
SMP_VALUE=a0l0i0o0g0c0
CICE_DECOMPTYPE=cartesian
CICE_AUTO_DECOMP=true
EBDEVELIOMPI=/cluster/software/iompi/2020a/easybuild/iompi-2020a-easybuild-devel
EBROOTIOMPI=/cluster/software/iompi/2020a
EBVERSIONIOMPI=2020a
OMP_STACKSIZE=64M
-------------------------------------------------------------------------
 CCSM BUILDNML SCRIPT STARTING
 - To prestage restarts, untar a restart.tar file into /cluster/work/users/earnest/noresm/nA_pt00/run
 - Create modelio namelist input files
 CCSM BUILDNML SCRIPT HAS FINISHED SUCCESSFULLY
-------------------------------------------------------------------------
 CCSM PRESTAGE SCRIPT STARTING
 - CCSM input data directory, DIN_LOC_ROOT_CSMDATA, is /cluster/shared/noresm/inputdata
 - Case input data directory, DIN_LOC_ROOT, is /cluster/shared/noresm/inputdata
 - Checking the existence of input datasets in DIN_LOC_ROOT
 create link to inputdata folder in run directory
 CCSM PRESTAGE SCRIPT HAS FINISHED SUCCESSFULLY
Tue Jun 15 11:32:56 CEST 2021 -- CSM EXECUTION BEGINS HERE
Tue Jun 15 11:39:53 CEST 2021 -- CSM EXECUTION HAS FINISHED
(seq_mct_drv): ===============       SUCCESSFUL TERMINATION OF CPL7-CCSM ===============
Archiving ccsm output to /cluster/work/users/earnest/archive/nA_pt00
Calling the short-term archiving script st_archive.sh

st_archive.sh: start of short-term archiving
st_archive.sh: restart files from end of run will be saved, 
               interim restart files will be deleted
st_archive.sh: short-term archiving completed successfully

Task and CPU usage stats:
       JobID    JobName  AllocCPUS   NTasks     MinCPU MinCPUTask     AveCPU    Elapsed ExitCode 
------------ ---------- ---------- -------- ---------- ---------- ---------- ---------- -------- 
194351          nA_pt00        512                                             00:07:09      0:0 
194351.batch      batch        128        1   00:00:01          0   00:00:01   00:07:09      0:0 
194351.exte+     extern        512        4   00:00:00          3   00:00:00   00:07:10      0:0 
194351.0       ccsm.exe         64       64   00:06:36          2   00:06:50   00:06:57      0:0 

Memory usage stats:
       JobID     MaxRSS MaxRSSTask     AveRSS MaxPages   MaxPagesTask   AvePages 
------------ ---------- ---------- ---------- -------- -------------- ---------- 
194351                                                                           
194351.batch      7362K          0      7362K       15              0         15 
194351.exte+       802K          2       800K        1              3          1 
194351.0        315274K          3  249499840       41             36         27 

Disk usage stats:
       JobID  MaxDiskRead MaxDiskReadTask    AveDiskRead MaxDiskWrite MaxDiskWriteTask   AveDiskWrite 
------------ ------------ --------------- -------------- ------------ ---------------- -------------- 
194351                                                                                                
194351.batch       23.74M               0         23.74M        0.78M                0          0.78M 
194351.exte+        0.00M               3          0.00M            0                3              0 
194351.0          351.24M               2         12.65M     4314.40M                2         71.21M 

Job 194351 completed at Tue Jun 15 11:40:00 CEST 2021
Starting job 194372 on b[2119,2142-2144] at Tue Jun 15 13:08:27 CEST 2021

Run number 1 of 1
OMP_NUM_THREADS=1
CCSM_COMPSET=F_2000 (F)
COMP_ATM=cam
COMP_LND=clm
COMP_ICE=cice
COMP_GLC=sglc
COMP_OCN=docn
COMP_CPL=cpl
CCSM_LCOMPSET=F_2000
CCSM_SCOMPSET=F
COMP_RUN_BARRIERS=FALSE
COMP_INTERFACE=MCT
BUILD_COMPLETE=TRUE
SMP_BUILD=a0l0i0o0g0c0
SMP_VALUE=a0l0i0o0g0c0
CICE_DECOMPTYPE=cartesian
CICE_AUTO_DECOMP=true
EBDEVELIOMPI=/cluster/software/iompi/2020a/easybuild/iompi-2020a-easybuild-devel
EBROOTIOMPI=/cluster/software/iompi/2020a
EBVERSIONIOMPI=2020a
OMP_STACKSIZE=64M
-------------------------------------------------------------------------
 CCSM BUILDNML SCRIPT STARTING
 - To prestage restarts, untar a restart.tar file into /cluster/work/users/earnest/noresm/nA_pt00/run
 - Create modelio namelist input files
 CCSM BUILDNML SCRIPT HAS FINISHED SUCCESSFULLY
-------------------------------------------------------------------------
 CCSM PRESTAGE SCRIPT STARTING
 - CCSM input data directory, DIN_LOC_ROOT_CSMDATA, is /cluster/shared/noresm/inputdata
 - Case input data directory, DIN_LOC_ROOT, is /cluster/shared/noresm/inputdata
 - Checking the existence of input datasets in DIN_LOC_ROOT
 create link to inputdata folder in run directory
 CCSM PRESTAGE SCRIPT HAS FINISHED SUCCESSFULLY
Tue Jun 15 13:08:33 CEST 2021 -- CSM EXECUTION BEGINS HERE
Tue Jun 15 13:16:15 CEST 2021 -- CSM EXECUTION HAS FINISHED
(seq_mct_drv): ===============       SUCCESSFUL TERMINATION OF CPL7-CCSM ===============
Archiving ccsm output to /cluster/work/users/earnest/archive/nA_pt00
Calling the short-term archiving script st_archive.sh

st_archive.sh: start of short-term archiving
st_archive.sh: restart files from end of run will be saved, 
               interim restart files will be deleted
st_archive.sh: short-term archiving completed successfully

Task and CPU usage stats:
       JobID    JobName  AllocCPUS   NTasks     MinCPU MinCPUTask     AveCPU    Elapsed ExitCode 
------------ ---------- ---------- -------- ---------- ---------- ---------- ---------- -------- 
194372          nA_pt00        512                                             00:08:00      0:0 
194372.batch      batch        128        1   00:00:02          0   00:00:01   00:08:00      0:0 
194372.exte+     extern        512        4   00:00:00          2   00:00:00   00:08:01      0:0 
194372.0       ccsm.exe         64       64   00:07:13          2   00:07:33   00:07:42      0:0 

Memory usage stats:
       JobID     MaxRSS MaxRSSTask     AveRSS MaxPages   MaxPagesTask   AvePages 
------------ ---------- ---------- ---------- -------- -------------- ---------- 
194372                                                                           
194372.batch      7355K          0      7355K       15              0          5 
194372.exte+       800K          0       629K        1              2          1 
194372.0        315647K          3  250232768       26             31         17 

Disk usage stats:
       JobID  MaxDiskRead MaxDiskReadTask    AveDiskRead MaxDiskWrite MaxDiskWriteTask   AveDiskWrite 
------------ ------------ --------------- -------------- ------------ ---------------- -------------- 
194372                                                                                                
194372.batch       97.39M               0         97.39M       60.98M                0         60.98M 
194372.exte+        0.00M               2          0.00M            0                2              0 
194372.0          388.74M               2         13.24M    12285.90M                2        195.50M 

Job 194372 completed at Tue Jun 15 13:16:28 CEST 2021
Starting job 194379 on b[2119,2142-2144] at Tue Jun 15 13:17:44 CEST 2021

Run number 1 of 1
OMP_NUM_THREADS=1
CCSM_COMPSET=F_2000 (F)
COMP_ATM=cam
COMP_LND=clm
COMP_ICE=cice
COMP_GLC=sglc
COMP_OCN=docn
COMP_CPL=cpl
CCSM_LCOMPSET=F_2000
CCSM_SCOMPSET=F
COMP_RUN_BARRIERS=FALSE
COMP_INTERFACE=MCT
BUILD_COMPLETE=TRUE
SMP_BUILD=a0l0i0o0g0c0
SMP_VALUE=a0l0i0o0g0c0
CICE_DECOMPTYPE=cartesian
CICE_AUTO_DECOMP=true
EBDEVELIOMPI=/cluster/software/iompi/2020a/easybuild/iompi-2020a-easybuild-devel
EBROOTIOMPI=/cluster/software/iompi/2020a
EBVERSIONIOMPI=2020a
OMP_STACKSIZE=64M
-------------------------------------------------------------------------
 CCSM BUILDNML SCRIPT STARTING
 - To prestage restarts, untar a restart.tar file into /cluster/work/users/earnest/noresm/nA_pt00/run
 - Create modelio namelist input files
 CCSM BUILDNML SCRIPT HAS FINISHED SUCCESSFULLY
-------------------------------------------------------------------------
 CCSM PRESTAGE SCRIPT STARTING
 - CCSM input data directory, DIN_LOC_ROOT_CSMDATA, is /cluster/shared/noresm/inputdata
 - Case input data directory, DIN_LOC_ROOT, is /cluster/shared/noresm/inputdata
 - Checking the existence of input datasets in DIN_LOC_ROOT
 create link to inputdata folder in run directory
 CCSM PRESTAGE SCRIPT HAS FINISHED SUCCESSFULLY
Tue Jun 15 13:17:50 CEST 2021 -- CSM EXECUTION BEGINS HERE
Tue Jun 15 13:25:36 CEST 2021 -- CSM EXECUTION HAS FINISHED
(seq_mct_drv): ===============       SUCCESSFUL TERMINATION OF CPL7-CCSM ===============
Archiving ccsm output to /cluster/work/users/earnest/archive/nA_pt00
Calling the short-term archiving script st_archive.sh

st_archive.sh: start of short-term archiving
st_archive.sh: restart files from end of run will be saved, 
               interim restart files will be deleted
st_archive.sh: short-term archiving completed successfully

Task and CPU usage stats:
       JobID    JobName  AllocCPUS   NTasks     MinCPU MinCPUTask     AveCPU    Elapsed ExitCode 
------------ ---------- ---------- -------- ---------- ---------- ---------- ---------- -------- 
194379          nA_pt00        512                                             00:08:02      0:0 
194379.batch      batch        128        1   00:00:02          0   00:00:01   00:08:02      0:0 
194379.exte+     extern        512        4   00:00:00          1   00:00:00   00:08:04      0:0 
194379.0       ccsm.exe         64       64   00:07:15          2   00:07:33   00:07:46      0:0 

Memory usage stats:
       JobID     MaxRSS MaxRSSTask     AveRSS MaxPages   MaxPagesTask   AvePages 
------------ ---------- ---------- ---------- -------- -------------- ---------- 
194379                                                                           
194379.batch      7391K          0      7391K       15              0          5 
194379.exte+       802K          1     817920        1              1          1 
194379.0        312425K          3  250294448       35             17         23 

Disk usage stats:
       JobID  MaxDiskRead MaxDiskReadTask    AveDiskRead MaxDiskWrite MaxDiskWriteTask   AveDiskWrite 
------------ ------------ --------------- -------------- ------------ ---------------- -------------- 
194379                                                                                                
194379.batch      104.32M               0        104.32M       63.91M                0         63.91M 
194379.exte+        0.00M               1          0.00M            0                1              0 
194379.0          388.74M               2         13.24M    12285.90M                2        195.80M 

Job 194379 completed at Tue Jun 15 13:25:48 CEST 2021
Starting job 194436 on b[4339-4340,4344-4345] at Tue Jun 15 15:17:47 CEST 2021

Run number 1 of 1
OMP_NUM_THREADS=1
CCSM_COMPSET=F_2000 (F)
COMP_ATM=cam
COMP_LND=clm
COMP_ICE=cice
COMP_GLC=sglc
COMP_OCN=docn
COMP_CPL=cpl
CCSM_LCOMPSET=F_2000
CCSM_SCOMPSET=F
COMP_RUN_BARRIERS=FALSE
COMP_INTERFACE=MCT
BUILD_COMPLETE=TRUE
SMP_BUILD=a0l0i0o0g0c0
SMP_VALUE=a0l0i0o0g0c0
CICE_DECOMPTYPE=cartesian
CICE_AUTO_DECOMP=true
EBDEVELIOMPI=/cluster/software/iompi/2020a/easybuild/iompi-2020a-easybuild-devel
EBROOTIOMPI=/cluster/software/iompi/2020a
EBVERSIONIOMPI=2020a
OMP_STACKSIZE=64M
-------------------------------------------------------------------------
 CCSM BUILDNML SCRIPT STARTING
 - To prestage restarts, untar a restart.tar file into /cluster/work/users/earnest/noresm/nA_pt00/run
 - Create modelio namelist input files
 CCSM BUILDNML SCRIPT HAS FINISHED SUCCESSFULLY
-------------------------------------------------------------------------
 CCSM PRESTAGE SCRIPT STARTING
 - CCSM input data directory, DIN_LOC_ROOT_CSMDATA, is /cluster/shared/noresm/inputdata
 - Case input data directory, DIN_LOC_ROOT, is /cluster/shared/noresm/inputdata
 - Checking the existence of input datasets in DIN_LOC_ROOT
 create link to inputdata folder in run directory
 CCSM PRESTAGE SCRIPT HAS FINISHED SUCCESSFULLY
Tue Jun 15 15:17:53 CEST 2021 -- CSM EXECUTION BEGINS HERE
Tue Jun 15 15:22:23 CEST 2021 -- CSM EXECUTION HAS FINISHED
(seq_mct_drv): ===============       SUCCESSFUL TERMINATION OF CPL7-CCSM ===============
Archiving ccsm output to /cluster/work/users/earnest/archive/nA_pt00
Calling the short-term archiving script st_archive.sh

st_archive.sh: start of short-term archiving
st_archive.sh: restart files from end of run will be saved, 
               interim restart files will be deleted
st_archive.sh: short-term archiving completed successfully

Task and CPU usage stats:
       JobID    JobName  AllocCPUS   NTasks     MinCPU MinCPUTask     AveCPU    Elapsed ExitCode 
------------ ---------- ---------- -------- ---------- ---------- ---------- ---------- -------- 
194436          nA_pt00        512                                             00:04:42      0:0 
194436.batch      batch        128        1   00:00:01          0   00:00:01   00:04:42      0:0 
194436.exte+     extern        512        4   00:00:00          3   00:00:00   00:04:43      0:0 
194436.0       ccsm.exe         64       64   00:04:11          2   00:04:22   00:04:30      0:0 

Memory usage stats:
       JobID     MaxRSS MaxRSSTask     AveRSS MaxPages   MaxPagesTask   AvePages 
------------ ---------- ---------- ---------- -------- -------------- ---------- 
194436                                                                           
194436.batch      7358K          0      7358K       15              0          5 
194436.exte+       802K          0       800K        1              3          1 
194436.0        313502K          3  248936544       41             61         25 

Disk usage stats:
       JobID  MaxDiskRead MaxDiskReadTask    AveDiskRead MaxDiskWrite MaxDiskWriteTask   AveDiskWrite 
------------ ------------ --------------- -------------- ------------ ---------------- -------------- 
194436                                                                                                
194436.batch       99.43M               0         99.43M       62.53M                0         62.53M 
194436.exte+        0.00M               3          0.00M            0                3              0 
194436.0          351.29M               2         12.65M     4441.75M                2         73.19M 

Job 194436 completed at Tue Jun 15 15:22:30 CEST 2021
Starting job 194443 on b[2119,2142-2144] at Tue Jun 15 15:37:32 CEST 2021

Run number 1 of 1
OMP_NUM_THREADS=1
CCSM_COMPSET=F_2000 (F)
COMP_ATM=cam
COMP_LND=clm
COMP_ICE=cice
COMP_GLC=sglc
COMP_OCN=docn
COMP_CPL=cpl
CCSM_LCOMPSET=F_2000
CCSM_SCOMPSET=F
COMP_RUN_BARRIERS=FALSE
COMP_INTERFACE=MCT
BUILD_COMPLETE=TRUE
SMP_BUILD=a0l0i0o0g0c0
SMP_VALUE=a0l0i0o0g0c0
CICE_DECOMPTYPE=cartesian
CICE_AUTO_DECOMP=true
EBDEVELIOMPI=/cluster/software/iompi/2020a/easybuild/iompi-2020a-easybuild-devel
EBROOTIOMPI=/cluster/software/iompi/2020a
EBVERSIONIOMPI=2020a
OMP_STACKSIZE=64M
-------------------------------------------------------------------------
 CCSM BUILDNML SCRIPT STARTING
 - To prestage restarts, untar a restart.tar file into /cluster/work/users/earnest/noresm/nA_pt00/run
 - Create modelio namelist input files
 CCSM BUILDNML SCRIPT HAS FINISHED SUCCESSFULLY
-------------------------------------------------------------------------
 CCSM PRESTAGE SCRIPT STARTING
 - CCSM input data directory, DIN_LOC_ROOT_CSMDATA, is /cluster/shared/noresm/inputdata
 - Case input data directory, DIN_LOC_ROOT, is /cluster/shared/noresm/inputdata
 - Checking the existence of input datasets in DIN_LOC_ROOT
 create link to inputdata folder in run directory
 CCSM PRESTAGE SCRIPT HAS FINISHED SUCCESSFULLY
Tue Jun 15 15:37:47 CEST 2021 -- CSM EXECUTION BEGINS HERE
Tue Jun 15 15:42:55 CEST 2021 -- CSM EXECUTION HAS FINISHED
(seq_mct_drv): ===============       SUCCESSFUL TERMINATION OF CPL7-CCSM ===============
Archiving ccsm output to /cluster/work/users/earnest/archive/nA_pt00
Calling the short-term archiving script st_archive.sh

st_archive.sh: start of short-term archiving
st_archive.sh: restart files from end of run will be saved, 
               interim restart files will be deleted
st_archive.sh: short-term archiving completed successfully

Task and CPU usage stats:
       JobID    JobName  AllocCPUS   NTasks     MinCPU MinCPUTask     AveCPU    Elapsed ExitCode 
------------ ---------- ---------- -------- ---------- ---------- ---------- ---------- -------- 
194443          nA_pt00        512                                             00:05:30      0:0 
194443.batch      batch        128        1   00:00:01          0   00:00:01   00:05:30      0:0 
194443.exte+     extern        512        4   00:00:00          1   00:00:00   00:05:30      0:0 
194443.0       ccsm.exe         64       64   00:04:20          2   00:04:30   00:05:05      0:0 

Memory usage stats:
       JobID     MaxRSS MaxRSSTask     AveRSS MaxPages   MaxPagesTask   AvePages 
------------ ---------- ---------- ---------- -------- -------------- ---------- 
194443                                                                           
194443.batch     19423K          0     19423K       15              0         15 
194443.exte+       802K          2       800K        1              1          1 
194443.0        399116K          2 244939.50K       39             57         29 

Disk usage stats:
       JobID  MaxDiskRead MaxDiskReadTask    AveDiskRead MaxDiskWrite MaxDiskWriteTask   AveDiskWrite 
------------ ------------ --------------- -------------- ------------ ---------------- -------------- 
194443                                                                                                
194443.batch       23.74M               0         23.74M        0.78M                0          0.78M 
194443.exte+        0.00M               1          0.00M            0                1              0 
194443.0          351.29M               2         12.65M     4441.75M                2         72.89M 

Job 194443 completed at Tue Jun 15 15:43:03 CEST 2021
Starting job 194790 on b[1385-1387,1395] at Wed Jun 16 17:27:08 CEST 2021

Run number 1 of 1
OMP_NUM_THREADS=1
CCSM_COMPSET=F_2000 (F)
COMP_ATM=cam
COMP_LND=clm
COMP_ICE=cice
COMP_GLC=sglc
COMP_OCN=docn
COMP_CPL=cpl
CCSM_LCOMPSET=F_2000
CCSM_SCOMPSET=F
COMP_RUN_BARRIERS=FALSE
COMP_INTERFACE=MCT
BUILD_COMPLETE=TRUE
SMP_BUILD=a0l0i0o0g0c0
SMP_VALUE=a0l0i0o0g0c0
CICE_DECOMPTYPE=cartesian
CICE_AUTO_DECOMP=true
EBDEVELIOMPI=/cluster/software/iompi/2020a/easybuild/iompi-2020a-easybuild-devel
EBROOTIOMPI=/cluster/software/iompi/2020a
EBVERSIONIOMPI=2020a
OMP_STACKSIZE=64M
-------------------------------------------------------------------------
 CCSM BUILDNML SCRIPT STARTING
 - To prestage restarts, untar a restart.tar file into /cluster/work/users/earnest/noresm/nA_pt00/run
 - Create modelio namelist input files
 CCSM BUILDNML SCRIPT HAS FINISHED SUCCESSFULLY
-------------------------------------------------------------------------
 CCSM PRESTAGE SCRIPT STARTING
 - CCSM input data directory, DIN_LOC_ROOT_CSMDATA, is /cluster/shared/noresm/inputdata
 - Case input data directory, DIN_LOC_ROOT, is /cluster/shared/noresm/inputdata
 - Checking the existence of input datasets in DIN_LOC_ROOT
 create link to inputdata folder in run directory
 CCSM PRESTAGE SCRIPT HAS FINISHED SUCCESSFULLY
Wed Jun 16 17:27:21 CEST 2021 -- CSM EXECUTION BEGINS HERE
Wed Jun 16 17:33:02 CEST 2021 -- CSM EXECUTION HAS FINISHED
(seq_mct_drv): ===============       SUCCESSFUL TERMINATION OF CPL7-CCSM ===============
Archiving ccsm output to /cluster/work/users/earnest/archive/nA_pt00
Calling the short-term archiving script st_archive.sh

st_archive.sh: start of short-term archiving
st_archive.sh: restart files from end of run will be saved, 
               interim restart files will be deleted
st_archive.sh: short-term archiving completed successfully

Task and CPU usage stats:
       JobID    JobName  AllocCPUS   NTasks     MinCPU MinCPUTask     AveCPU    Elapsed ExitCode 
------------ ---------- ---------- -------- ---------- ---------- ---------- ---------- -------- 
194790          nA_pt00        512                                             00:06:01      0:0 
194790.batch      batch        128        1   00:00:01          0   00:00:01   00:06:01      0:0 
194790.exte+     extern        512        4   00:00:00          2   00:00:00   00:06:01      0:0 
194790.0       ccsm.exe         64       64   00:04:11          2   00:05:21   00:05:41      0:0 

Memory usage stats:
       JobID     MaxRSS MaxRSSTask     AveRSS MaxPages   MaxPagesTask   AvePages 
------------ ---------- ---------- ---------- -------- -------------- ---------- 
194790                                                                           
194790.batch      7381K          0      7381K       14              0          5 
194790.exte+       802K          3       799K        1              2          1 
194790.0        314230K          3  249592416       31             49         19 

Disk usage stats:
       JobID  MaxDiskRead MaxDiskReadTask    AveDiskRead MaxDiskWrite MaxDiskWriteTask   AveDiskWrite 
------------ ------------ --------------- -------------- ------------ ---------------- -------------- 
194790                                                                                                
194790.batch      109.56M               0        109.56M       62.58M                0         62.58M 
194790.exte+        0.00M               2          0.00M            0                2              0 
194790.0          351.29M               2         12.65M     4441.75M                2         72.89M 

Job 194790 completed at Wed Jun 16 17:33:10 CEST 2021
