Starting job 381481 on b[3353-3356] at Tue Jun 21 12:33:36 CEST 2022

Run number 1 of 31
OMP_NUM_THREADS=1
CCSM_COMPSET=N_1850-2100_AEROSLO_CN (N20TREXTAERCN)
COMP_ATM=cam
COMP_LND=clm
COMP_ICE=cice
COMP_GLC=sglc
COMP_OCN=micom
COMP_CPL=cpl
CCSM_LCOMPSET=N_1850-2100_AEROSLO_CN
CCSM_SCOMPSET=N20TREXTAERCN
COMP_RUN_BARRIERS=FALSE
COMP_INTERFACE=MCT
BUILD_COMPLETE=TRUE
SMP_BUILD=a0l0i0o0g0c0
SMP_VALUE=a0l0i0o0g0c0
CICE_DECOMPTYPE=cartesian
CICE_AUTO_DECOMP=true
EBDEVELIOMPI=/cluster/software/iompi/2020a/easybuild/iompi-2020a-easybuild-devel
EBROOTIOMPI=/cluster/software/iompi/2020a
EBVERSIONIOMPI=2020a
OMP_STACKSIZE=64M
-------------------------------------------------------------------------
 CCSM BUILDNML SCRIPT STARTING
 - To prestage restarts, untar a restart.tar file into /cluster/work/users/earnest/noresm/NorESM1_wiNud_flx_0/run
 - Create modelio namelist input files
 CCSM BUILDNML SCRIPT HAS FINISHED SUCCESSFULLY
-------------------------------------------------------------------------
 CCSM PRESTAGE SCRIPT STARTING
 - CCSM input data directory, DIN_LOC_ROOT_CSMDATA, is /cluster/shared/noresm/inputdata
 - Case input data directory, DIN_LOC_ROOT, is /cluster/shared/noresm/inputdata
 - Checking the existence of input datasets in DIN_LOC_ROOT
 
The following files were not found, this is informational only
Input Data List Files Found:
/cluster/home/earnest/models/NorCPM/cases/NorESM1_wiNud_flx_0/Buildconf/cam.input_data_list
/cluster/home/earnest/models/NorCPM/cases/NorESM1_wiNud_flx_0/Buildconf/cpl.input_data_list
/cluster/home/earnest/models/NorCPM/cases/NorESM1_wiNud_flx_0/Buildconf/cice.input_data_list
/cluster/home/earnest/models/NorCPM/cases/NorESM1_wiNud_flx_0/Buildconf/micom.input_data_list
/cluster/home/earnest/models/NorCPM/cases/NorESM1_wiNud_flx_0/Buildconf/clm.input_data_list
File status unknown: NorESM1-ME_historicalExt_noAssim_mem01.cam2.i.1980-01-01-00000.nc 
File status unknown: NorESM1-ME_historicalExt_noAssim_mem01.clm2.r.1980-01-01-00000.nc 
 
 create link to inputdata folder in run directory
 CCSM PRESTAGE SCRIPT HAS FINISHED SUCCESSFULLY
Tue Jun 21 12:33:44 CEST 2022 -- CSM EXECUTION BEGINS HERE
Tue Jun 21 12:34:05 CEST 2022 -- CSM EXECUTION HAS FINISHED
Model did not complete - see /cluster/work/users/earnest/noresm/NorESM1_wiNud_flx_0/run/cpl.log.220621-123340

Task and CPU usage stats:
JobID           JobName  AllocCPUS   NTasks     MinCPU MinCPUTask     AveCPU    Elapsed ExitCode 
------------ ---------- ---------- -------- ---------- ---------- ---------- ---------- -------- 
381481       N1_wiNud_f        512                                             00:00:30      1:0 
381481.batch      batch        128        1   00:00:01          0   00:00:01   00:00:30      1:0 
381481.exte+     extern        512        4   00:00:00          2   00:00:00   00:00:30      0:0 
381481.0       ccsm.exe        512      512   00:00:03        297   00:00:12   00:00:21      0:9 

Memory usage stats:
JobID            MaxRSS MaxRSSTask     AveRSS MaxPages   MaxPagesTask   AvePages 
------------ ---------- ---------- ---------- -------- -------------- ---------- 
381481                                                                           
381481.batch      9116K          0      9116K       18              0         18 
381481.exte+       867K          1     883456        3              2          3 
381481.0        110402K         35   37270306       83             43         12 

Disk usage stats:
JobID         MaxDiskRead MaxDiskReadTask    AveDiskRead MaxDiskWrite MaxDiskWriteTask   AveDiskWrite 
------------ ------------ --------------- -------------- ------------ ---------------- -------------- 
381481                                                                                                
381481.batch       30.84M               0         30.84M        0.37M                0          0.37M 
381481.exte+        0.00M               2          0.00M            0                2              0 
381481.0            9.25M               0          9.13M        8.28M                0          8.18M 

Job 381481 completed at Tue Jun 21 12:34:06 CEST 2022
Starting job 381507 on b[1273-1276] at Tue Jun 21 13:07:27 CEST 2022

Run number 1 of 31
OMP_NUM_THREADS=1
CCSM_COMPSET=N_1850-2100_AEROSLO_CN (N20TREXTAERCN)
COMP_ATM=cam
COMP_LND=clm
COMP_ICE=cice
COMP_GLC=sglc
COMP_OCN=micom
COMP_CPL=cpl
CCSM_LCOMPSET=N_1850-2100_AEROSLO_CN
CCSM_SCOMPSET=N20TREXTAERCN
COMP_RUN_BARRIERS=FALSE
COMP_INTERFACE=MCT
BUILD_COMPLETE=TRUE
SMP_BUILD=a0l0i0o0g0c0
SMP_VALUE=a0l0i0o0g0c0
CICE_DECOMPTYPE=cartesian
CICE_AUTO_DECOMP=true
EBDEVELIOMPI=/cluster/software/iompi/2020a/easybuild/iompi-2020a-easybuild-devel
EBROOTIOMPI=/cluster/software/iompi/2020a
EBVERSIONIOMPI=2020a
OMP_STACKSIZE=64M
-------------------------------------------------------------------------
 CCSM BUILDNML SCRIPT STARTING
 - To prestage restarts, untar a restart.tar file into /cluster/work/users/earnest/noresm/NorESM1_wiNud_flx_0/run
 - Create modelio namelist input files
 CCSM BUILDNML SCRIPT HAS FINISHED SUCCESSFULLY
-------------------------------------------------------------------------
 CCSM PRESTAGE SCRIPT STARTING
 - CCSM input data directory, DIN_LOC_ROOT_CSMDATA, is /cluster/shared/noresm/inputdata
 - Case input data directory, DIN_LOC_ROOT, is /cluster/shared/noresm/inputdata
 - Checking the existence of input datasets in DIN_LOC_ROOT
 
The following files were not found, this is informational only
Input Data List Files Found:
/cluster/home/earnest/models/NorCPM/cases/NorESM1_wiNud_flx_0/Buildconf/cam.input_data_list
/cluster/home/earnest/models/NorCPM/cases/NorESM1_wiNud_flx_0/Buildconf/cpl.input_data_list
/cluster/home/earnest/models/NorCPM/cases/NorESM1_wiNud_flx_0/Buildconf/cice.input_data_list
/cluster/home/earnest/models/NorCPM/cases/NorESM1_wiNud_flx_0/Buildconf/micom.input_data_list
/cluster/home/earnest/models/NorCPM/cases/NorESM1_wiNud_flx_0/Buildconf/clm.input_data_list
File status unknown: NorESM1-ME_historicalExt_noAssim_mem01.cam2.i.1980-01-01-00000.nc 
File status unknown: NorESM1-ME_historicalExt_noAssim_mem01.clm2.r.1980-01-01-00000.nc 
 
 create link to inputdata folder in run directory
 CCSM PRESTAGE SCRIPT HAS FINISHED SUCCESSFULLY
Tue Jun 21 13:07:54 CEST 2022 -- CSM EXECUTION BEGINS HERE

Task and CPU usage stats:
JobID           JobName  AllocCPUS   NTasks     MinCPU MinCPUTask     AveCPU    Elapsed ExitCode 
------------ ---------- ---------- -------- ---------- ---------- ---------- ---------- -------- 
381507       N1_wiNud_f        512                                             01:24:43      0:0 
381507.batch      batch        128        1   00:00:02          0   00:00:01   01:24:44     0:15 
381507.exte+     extern        512        4   00:00:00          2   00:00:00   01:24:43      0:0 
381507.0       ccsm.exe        512      512   00:10:45         64   01:17:57   01:30:48      0:6 

Memory usage stats:
JobID            MaxRSS MaxRSSTask     AveRSS MaxPages   MaxPagesTask   AvePages 
------------ ---------- ---------- ---------- -------- -------------- ---------- 
381507                                                                           
381507.batch      9365K          0      9365K       18              0         18 
381507.exte+       851K          2       849K        3              2          2 
381507.0       1189641K         64  467411354      140             64         13 

Disk usage stats:
JobID         MaxDiskRead MaxDiskReadTask    AveDiskRead MaxDiskWrite MaxDiskWriteTask   AveDiskWrite 
------------ ------------ --------------- -------------- ------------ ---------------- -------------- 
381507                                                                                                
381507.batch       32.69M               0         32.69M        1.85M                0          1.85M 
381507.exte+        0.00M               2          0.00M            0                2              0 
381507.0         2727.53M               2        110.50M       96.44M                2          7.85M 

Job 381507 completed at Tue Jun 21 14:38:47 CEST 2022
