Starting job 391630 on c24-[6-9] at Tue Oct 22 22:17:55 CEST 2019

Run number 1 of 1
OMP_NUM_THREADS=1
CCSM_COMPSET=F_2000 (F)
COMP_ATM=cam
COMP_LND=clm
COMP_ICE=cice
COMP_GLC=sglc
COMP_OCN=docn
COMP_CPL=cpl
CCSM_LCOMPSET=F_2000
CCSM_SCOMPSET=F
COMP_RUN_BARRIERS=FALSE
COMP_INTERFACE=MCT
BUILD_COMPLETE=TRUE
SMP_BUILD=a0l0i0o0g0c0
SMP_VALUE=a0l0i0o0g0c0
CICE_DECOMPTYPE=cartesian
CICE_AUTO_DECOMP=true
I_MPI_COMPATIBILITY=3
OMP_STACKSIZE=64M
-------------------------------------------------------------------------
 CCSM BUILDNML SCRIPT STARTING
 - To prestage restarts, untar a restart.tar file into /cluster/work/users/earnest/noresm/CAM4_t0_S_noNudwiP2-1e-01/run
 - Create modelio namelist input files
 CCSM BUILDNML SCRIPT HAS FINISHED SUCCESSFULLY
-------------------------------------------------------------------------
 CCSM PRESTAGE SCRIPT STARTING
 - CCSM input data directory, DIN_LOC_ROOT_CSMDATA, is /cluster/shared/noresm/inputdata
 - Case input data directory, DIN_LOC_ROOT, is /cluster/shared/noresm/inputdata
 - Checking the existence of input datasets in DIN_LOC_ROOT
 create link to inputdata folder in run directory
 CCSM PRESTAGE SCRIPT HAS FINISHED SUCCESSFULLY
Tue Oct 22 22:18:06 CEST 2019 -- CSM EXECUTION BEGINS HERE
Tue Oct 22 22:38:34 CEST 2019 -- CSM EXECUTION HAS FINISHED
(seq_mct_drv): ===============       SUCCESSFUL TERMINATION OF CPL7-CCSM ===============
Archiving ccsm output to /cluster/work/users/earnest/archive/CAM4_t0_S_noNudwiP2-1e-01
Calling the short-term archiving script st_archive.sh

st_archive.sh: start of short-term archiving
st_archive.sh: restart files from end of run will be saved, 
               interim restart files will be deleted
st_archive.sh: short-term archiving completed successfully

Task and CPU usage stats:
       JobID    JobName  AllocCPUS   NTasks     MinCPU MinCPUTask     AveCPU    Elapsed ExitCode 
------------ ---------- ---------- -------- ---------- ---------- ---------- ---------- -------- 
391630           C4_P_1        128                                             00:20:52      0:0 
391630.batch      batch         32        1   00:00:02          0   00:00:02   00:20:52      0:0 
391630.exte+     extern        128        4   00:00:00          2   00:00:00   00:20:54      0:0 
391630.0      pmi_proxy          4        4   10:38:27          0   10:38:37   00:20:28      0:0 

Memory usage stats:
       JobID     MaxRSS MaxRSSTask     AveRSS MaxPages   MaxPagesTask   AvePages 
------------ ---------- ---------- ---------- -------- -------------- ---------- 
391630                                                                           
391630.batch      8968K          0      8968K       12              0         12 
391630.exte+       262K          0       191K        7              2          7 
391630.0       3676093K          0   3620809K     1060              3        989 

Disk usage stats:
       JobID  MaxDiskRead MaxDiskReadTask    AveDiskRead MaxDiskWrite MaxDiskWriteTask   AveDiskWrite 
------------ ------------ --------------- -------------- ------------ ---------------- -------------- 
391630                                                                                                
391630.batch       13.19M               0         13.19M        1.68M                0          1.68M 
391630.exte+        0.00M               2          0.00M            0                2              0 
391630.0          963.50M               0        261.94M     8304.84M                0       2078.59M 

Job 391630 completed at Tue Oct 22 22:38:49 CEST 2019
