
Job 579280 consumed 974.5 billing hours from project nn9385k.

Submitted 2023-03-13T15:54:24; waited 27.0 seconds in the queue after becoming eligible to run.

Requested wallclock time: 24.0 hours
Elapsed wallclock time:   1.9 hours

Task and CPU statistics:
ID               CPUs  Tasks  CPU util                Start  Elapsed  Exit status
579280            512            0.0 %  2023-03-13T15:54:51    1.9 h  0
579280.batch      128      1     0.0 %  2023-03-13T15:54:51    1.9 h  Signal 15
579280.ccsm.exe   512    512    99.8 %  2023-03-13T15:55:02    0.4 h  0
579280.ccsm.exe   512    512    99.7 %  2023-03-13T16:19:07    0.4 h  0
579280.ccsm.exe   512    512    99.8 %  2023-03-13T16:44:49    0.4 h  0
579280.ccsm.exe   512    512    99.9 %  2023-03-13T17:09:08    0.4 h  0
579280.ccsm.exe   512    512    93.3 %  2023-03-13T17:33:05    0.3 h  Signal 6

Used CPU time:   40.1 CPU days
Unused CPU time: 11.6 CPU hours

Memory statistics, in GiB:
ID                Alloc   Usage
579280            968.0        
579280.batch      242.0     0.0
579280.ccsm.exe   968.0    91.9
579280.ccsm.exe   968.0    93.2
579280.ccsm.exe   968.0    93.3
579280.ccsm.exe   968.0    93.4
579280.ccsm.exe   968.0   158.8

Job 579280 completed at Mon Mar 13 17:50:26 CET 2023
Starting job 579454 on b[5235-5238] on betzy at Mon Mar 13 18:09:02 CET 2023

Run number 1 of 26
OMP_NUM_THREADS=1
CCSM_COMPSET=F_2000_CAM5 (FC5)
COMP_ATM=cam
COMP_LND=clm
COMP_ICE=cice
COMP_GLC=sglc
COMP_OCN=docn
COMP_CPL=cpl
CCSM_LCOMPSET=F_2000_CAM5
CCSM_SCOMPSET=FC5
COMP_RUN_BARRIERS=FALSE
COMP_INTERFACE=MCT
BUILD_COMPLETE=TRUE
SMP_BUILD=a0l0i0o0g0c0
SMP_VALUE=a0l0i0o0g0c0
CICE_DECOMPTYPE=cartesian
CICE_AUTO_DECOMP=true
EBDEVELIOMPI=/cluster/software/iompi/2020a/easybuild/iompi-2020a-easybuild-devel
EBROOTIOMPI=/cluster/software/iompi/2020a
EBVERSIONIOMPI=2020a
OMP_STACKSIZE=64M
-------------------------------------------------------------------------
 CCSM BUILDNML SCRIPT STARTING
 - To prestage restarts, untar a restart.tar file into /cluster/work/users/earnest/noresm/CAM5_t0_p01/run
 - Create modelio namelist input files
 CCSM BUILDNML SCRIPT HAS FINISHED SUCCESSFULLY
-------------------------------------------------------------------------
 CCSM PRESTAGE SCRIPT STARTING
 - CCSM input data directory, DIN_LOC_ROOT_CSMDATA, is /cluster/shared/noresm/inputdata
 - Case input data directory, DIN_LOC_ROOT, is /cluster/shared/noresm/inputdata
 - Checking the existence of input datasets in DIN_LOC_ROOT
 create link to inputdata folder in run directory
 CCSM PRESTAGE SCRIPT HAS FINISHED SUCCESSFULLY
Mon Mar 13 18:09:14 CET 2023 -- CSM EXECUTION BEGINS HERE
Mon Mar 13 19:31:13 CET 2023 -- CSM EXECUTION HAS FINISHED
(seq_mct_drv): ===============       SUCCESSFUL TERMINATION OF CPL7-CCSM ===============
Archiving ccsm output to /cluster/work/users/earnest/archive/CAM5_t0_p01
Calling the short-term archiving script st_archive.sh

st_archive.sh: start of short-term archiving
st_archive.sh: restart files from end of run will be saved, 
               interim restart files will be deleted
st_archive.sh: short-term archiving completed successfully
Restarts model without resubmit
Run number 2 of 26
OMP_NUM_THREADS=1
CCSM_COMPSET=F_2000_CAM5 (FC5)
COMP_ATM=cam
COMP_LND=clm
COMP_ICE=cice
COMP_GLC=sglc
COMP_OCN=docn
COMP_CPL=cpl
CCSM_LCOMPSET=F_2000_CAM5
CCSM_SCOMPSET=FC5
COMP_RUN_BARRIERS=FALSE
COMP_INTERFACE=MCT
BUILD_COMPLETE=TRUE
SMP_BUILD=a0l0i0o0g0c0
SMP_VALUE=a0l0i0o0g0c0
CICE_DECOMPTYPE=cartesian
CICE_AUTO_DECOMP=true
OMP_STACKSIZE=64M
EBDEVELIOMPI=/cluster/software/iompi/2020a/easybuild/iompi-2020a-easybuild-devel
EBROOTIOMPI=/cluster/software/iompi/2020a
EBVERSIONIOMPI=2020a
COMPLIBS=
-------------------------------------------------------------------------
 CCSM BUILDNML SCRIPT STARTING
 - To prestage restarts, untar a restart.tar file into /cluster/work/users/earnest/noresm/CAM5_t0_p01/run
 - Create modelio namelist input files
 CCSM BUILDNML SCRIPT HAS FINISHED SUCCESSFULLY
-------------------------------------------------------------------------
 CCSM PRESTAGE SCRIPT STARTING
 - CCSM input data directory, DIN_LOC_ROOT_CSMDATA, is /cluster/shared/noresm/inputdata
 - Case input data directory, DIN_LOC_ROOT, is /cluster/shared/noresm/inputdata
 - Checking the existence of input datasets in DIN_LOC_ROOT
 create link to inputdata folder in run directory
 CCSM PRESTAGE SCRIPT HAS FINISHED SUCCESSFULLY
Mon Mar 13 19:31:32 CET 2023 -- CSM EXECUTION BEGINS HERE
Mon Mar 13 20:18:19 CET 2023 -- CSM EXECUTION HAS FINISHED
Model did not complete - see /cluster/work/users/earnest/noresm/CAM5_t0_p01/run/cpl.log.230313-193128

Job 579454 consumed 1103.4 billing hours from project nn9385k.

Submitted 2023-03-13T17:57:01; waited 12.0 minutes in the queue after becoming eligible to run.

Requested wallclock time: 24.0 hours
Elapsed wallclock time:   2.2 hours

Task and CPU statistics:
ID               CPUs  Tasks  CPU util                Start  Elapsed  Exit status
579454            512            0.0 %  2023-03-13T18:09:02    2.2 h  1
579454.batch      128      1     0.0 %  2023-03-13T18:09:02    2.2 h  1
579454.ccsm.exe   512    512   100.0 %  2023-03-13T18:09:14    1.4 h  0
579454.ccsm.exe   512    512    97.1 %  2023-03-13T19:31:32    0.8 h  Signal 6

Used CPU time:   45.3 CPU days
Unused CPU time: 15.9 CPU hours

Memory statistics, in GiB:
ID                Alloc   Usage
579454            968.0        
579454.batch      242.0     0.0
579454.ccsm.exe   968.0   163.4
579454.ccsm.exe   968.0   223.4

Job 579454 completed at Mon Mar 13 20:18:24 CET 2023
Starting job 579634 on b[4206,4210,4234-4235] on betzy at Mon Mar 13 21:15:31 CET 2023

Run number 1 of 26
OMP_NUM_THREADS=1
CCSM_COMPSET=F_2000_CAM5 (FC5)
COMP_ATM=cam
COMP_LND=clm
COMP_ICE=cice
COMP_GLC=sglc
COMP_OCN=docn
COMP_CPL=cpl
CCSM_LCOMPSET=F_2000_CAM5
CCSM_SCOMPSET=FC5
COMP_RUN_BARRIERS=FALSE
COMP_INTERFACE=MCT
BUILD_COMPLETE=TRUE
SMP_BUILD=a0l0i0o0g0c0
SMP_VALUE=a0l0i0o0g0c0
CICE_DECOMPTYPE=cartesian
CICE_AUTO_DECOMP=true
EBDEVELIOMPI=/cluster/software/iompi/2020a/easybuild/iompi-2020a-easybuild-devel
EBROOTIOMPI=/cluster/software/iompi/2020a
EBVERSIONIOMPI=2020a
OMP_STACKSIZE=64M
-------------------------------------------------------------------------
 CCSM BUILDNML SCRIPT STARTING
 - To prestage restarts, untar a restart.tar file into /cluster/work/users/earnest/noresm/CAM5_t0_p01/run
 - Create modelio namelist input files
 CCSM BUILDNML SCRIPT HAS FINISHED SUCCESSFULLY
-------------------------------------------------------------------------
 CCSM PRESTAGE SCRIPT STARTING
 - CCSM input data directory, DIN_LOC_ROOT_CSMDATA, is /cluster/shared/noresm/inputdata
 - Case input data directory, DIN_LOC_ROOT, is /cluster/shared/noresm/inputdata
 - Checking the existence of input datasets in DIN_LOC_ROOT
 create link to inputdata folder in run directory
 CCSM PRESTAGE SCRIPT HAS FINISHED SUCCESSFULLY
Mon Mar 13 21:15:39 CET 2023 -- CSM EXECUTION BEGINS HERE

Job 579634 consumed 10.7 billing hours from project nn9385k.

Submitted 2023-03-13T21:15:24; waited 7.0 seconds in the queue after becoming eligible to run.

Requested wallclock time: 24.0 hours
Elapsed wallclock time:   1.2 minutes

Task and CPU statistics:
ID               CPUs  Tasks  CPU util                Start  Elapsed  Exit status
579634            512            0.0 %  2023-03-13T21:15:31   75.0 s  0
579634.batch      128      1     0.1 %  2023-03-13T21:15:31   77.0 s  Signal 15
579634.ccsm.exe   512    512    55.4 %  2023-03-13T21:15:39  132.0 s  Signal 6

Used CPU time:   10.4 CPU hours
Unused CPU time: 16.4 CPU minutes

Memory statistics, in GiB:
ID                Alloc   Usage
579634            968.0        
579634.batch      242.0     0.0
579634.ccsm.exe   968.0   224.1

Job 579634 completed at Mon Mar 13 21:17:55 CET 2023
