Starting job 306779 on c62-[8-11] at Wed May 22 20:38:23 CEST 2019

Run number 1 of 1
OMP_NUM_THREADS=1
CCSM_COMPSET=N_1850-2100_AEROSLO_CN_OCC_CMIP6 (N20TREXTAERCNOCCMIP6)
COMP_ATM=cam
COMP_LND=clm
COMP_ICE=cice
COMP_GLC=sglc
COMP_OCN=micom
COMP_CPL=cpl
CCSM_LCOMPSET=N_1850-2100_AEROSLO_CN_OCC_CMIP6
CCSM_SCOMPSET=N20TREXTAERCNOCCMIP6
COMP_RUN_BARRIERS=FALSE
COMP_INTERFACE=MCT
BUILD_COMPLETE=TRUE
SMP_BUILD=a0l0i0o0g0c0
SMP_VALUE=a0l0i0o0g0c0
CICE_DECOMPTYPE=cartesian
CICE_AUTO_DECOMP=true
I_MPI_COMPATIBILITY=3
OMP_STACKSIZE=64M
-------------------------------------------------------------------------
 CCSM BUILDNML SCRIPT STARTING
 - To prestage restarts, untar a restart.tar file into /cluster/work/users/earnest/noresm/cmip6_Default/run
 - Create modelio namelist input files
 CCSM BUILDNML SCRIPT HAS FINISHED SUCCESSFULLY
-------------------------------------------------------------------------
 CCSM PRESTAGE SCRIPT STARTING
 - CCSM input data directory, DIN_LOC_ROOT_CSMDATA, is /cluster/shared/noresm/inputdata
 - Case input data directory, DIN_LOC_ROOT, is /cluster/shared/noresm/inputdata
 - Checking the existence of input datasets in DIN_LOC_ROOT
 
The following files were not found, this is informational only
Input Data List Files Found:
/cluster/home/earnest/models/NorCPM/cases/cmip6_Default/Buildconf/cice.input_data_list
/cluster/home/earnest/models/NorCPM/cases/cmip6_Default/Buildconf/cam.input_data_list
/cluster/home/earnest/models/NorCPM/cases/cmip6_Default/Buildconf/clm.input_data_list
/cluster/home/earnest/models/NorCPM/cases/cmip6_Default/Buildconf/micom.input_data_list
/cluster/home/earnest/models/NorCPM/cases/cmip6_Default/Buildconf/cpl.input_data_list
File status unknown: N1850AERCNOC_f19_g16_CMIP6forcings_15.cam2.i.0051-01-01-00000.nc 
File status unknown: N1850AERCNOC_f19_g16_CMIP6forcings_15.clm2.r.0051-01-01-00000.nc 
 
 - Prestaging REFCASE (ccsm4_init/N1850AERCNOC_f19_g16_CMIP6forcings_15/0051-01-01) to /cluster/work/users/earnest/noresm/cmip6_Default/run
 create link to inputdata folder in run directory
 CCSM PRESTAGE SCRIPT HAS FINISHED SUCCESSFULLY
Wed May 22 20:38:42 CEST 2019 -- CSM EXECUTION BEGINS HERE
Wed May 22 20:42:04 CEST 2019 -- CSM EXECUTION HAS FINISHED
(seq_mct_drv): ===============       SUCCESSFUL TERMINATION OF CPL7-CCSM ===============
Archiving ccsm output to /cluster/work/users/earnest/archive/cmip6_Default
Calling the short-term archiving script st_archive.sh

st_archive.sh: start of short-term archiving
st_archive.sh: restart files from end of run will be saved, 
               interim restart files will be deleted
st_archive.sh: short-term archiving completed successfully

Task and CPU usage stats:
       JobID    JobName  AllocCPUS   NTasks     MinCPU MinCPUTask     AveCPU    Elapsed ExitCode 
------------ ---------- ---------- -------- ---------- ---------- ---------- ---------- -------- 
306779       cmip6_Def+        128                                             00:03:51      0:0 
306779.batch      batch         32        1   00:00:01          0   00:00:01   00:03:51      0:0 
306779.exte+     extern        128        4   00:00:00          3   00:00:00   00:03:52      0:0 
306779.0      pmi_proxy          4        4   01:33:57          0   01:34:32   00:03:22      0:0 

Memory usage stats:
       JobID     MaxRSS MaxRSSTask     AveRSS MaxPages   MaxPagesTask   AvePages 
------------ ---------- ---------- ---------- -------- -------------- ---------- 
306779                                                                           
306779.batch      8296K          0      8296K       11              0         11 
306779.exte+       161K          1     149760        1              3          1 
306779.0      11018611K          1 105495150+     1190              0        886 

Disk usage stats:
       JobID  MaxDiskRead MaxDiskReadTask    AveDiskRead MaxDiskWrite MaxDiskWriteTask   AveDiskWrite 
------------ ------------ --------------- -------------- ------------ ---------------- -------------- 
306779                                                                                                
306779.batch     4104.93M               0       4104.93M     4089.75M                0       4089.75M 
306779.exte+        0.00M               3          0.00M            0                3              0 
306779.0         6926.79M               0       4268.37M     2720.41M                2        825.65M 

Job 306779 completed at Wed May 22 20:42:16 CEST 2019
